{"C:\\项目开发\\游戏商店平台项目开发\\backend\\controllers\\authController.js": {"path":"C:\\项目开发\\游戏商店平台项目开发\\backend\\controllers\\authController.js","statementMap":{"0":{"start":{"line":6,"column":24},"end":{"line":88,"column":1}},"1":{"start":{"line":7,"column":2},"end":{"line":87,"column":3}},"2":{"start":{"line":13,"column":8},"end":{"line":13,"column":16}},"3":{"start":{"line":16,"column":4},"end":{"line":21,"column":5}},"4":{"start":{"line":17,"column":6},"end":{"line":20,"column":8}},"5":{"start":{"line":24,"column":29},"end":{"line":26,"column":6}},"6":{"start":{"line":28,"column":4},"end":{"line":33,"column":5}},"7":{"start":{"line":29,"column":6},"end":{"line":32,"column":8}},"8":{"start":{"line":36,"column":26},"end":{"line":38,"column":6}},"9":{"start":{"line":40,"column":4},"end":{"line":45,"column":5}},"10":{"start":{"line":41,"column":6},"end":{"line":44,"column":8}},"11":{"start":{"line":48,"column":17},"end":{"line":48,"column":41}},"12":{"start":{"line":49,"column":26},"end":{"line":49,"column":59}},"13":{"start":{"line":52,"column":17},"end":{"line":57,"column":6}},"14":{"start":{"line":60,"column":18},"end":{"line":64,"column":5}},"15":{"start":{"line":67,"column":4},"end":{"line":79,"column":6}},"16":{"start":{"line":81,"column":4},"end":{"line":81,"column":33}},"17":{"start":{"line":82,"column":4},"end":{"line":86,"column":6}},"18":{"start":{"line":91,"column":21},"end":{"line":157,"column":1}},"19":{"start":{"line":92,"column":2},"end":{"line":156,"column":3}},"20":{"start":{"line":96,"column":8},"end":{"line":96,"column":16}},"21":{"start":{"line":99,"column":4},"end":{"line":104,"column":5}},"22":{"start":{"line":100,"column":6},"end":{"line":103,"column":8}},"23":{"start":{"line":107,"column":17},"end":{"line":109,"column":6}},"24":{"start":{"line":111,"column":4},"end":{"line":116,"column":5}},"25":{"start":{"line":112,"column":6},"end":{"line":115,"column":8}},"26":{"start":{"line":119,"column":28},"end":{"line":119,"column":78}},"27":{"start":{"line":121,"column":4},"end":{"line":126,"column":5}},"28":{"start":{"line":122,"column":6},"end":{"line":125,"column":8}},"29":{"start":{"line":129,"column":18},"end":{"line":133,"column":5}},"30":{"start":{"line":136,"column":4},"end":{"line":148,"column":6}},"31":{"start":{"line":150,"column":4},"end":{"line":150,"column":33}},"32":{"start":{"line":151,"column":4},"end":{"line":155,"column":6}},"33":{"start":{"line":160,"column":30},"end":{"line":177,"column":1}},"34":{"start":{"line":161,"column":2},"end":{"line":176,"column":3}},"35":{"start":{"line":163,"column":17},"end":{"line":163,"column":25}},"36":{"start":{"line":165,"column":4},"end":{"line":168,"column":6}},"37":{"start":{"line":170,"column":4},"end":{"line":170,"column":37}},"38":{"start":{"line":171,"column":4},"end":{"line":175,"column":6}},"39":{"start":{"line":180,"column":33},"end":{"line":263,"column":1}},"40":{"start":{"line":181,"column":2},"end":{"line":262,"column":3}},"41":{"start":{"line":182,"column":19},"end":{"line":182,"column":27}},"42":{"start":{"line":187,"column":8},"end":{"line":187,"column":16}},"43":{"start":{"line":190,"column":17},"end":{"line":190,"column":40}},"44":{"start":{"line":192,"column":4},"end":{"line":197,"column":5}},"45":{"start":{"line":193,"column":6},"end":{"line":196,"column":8}},"46":{"start":{"line":200,"column":4},"end":{"line":214,"column":5}},"47":{"start":{"line":202,"column":31},"end":{"line":204,"column":8}},"48":{"start":{"line":206,"column":6},"end":{"line":211,"column":7}},"49":{"start":{"line":207,"column":8},"end":{"line":210,"column":10}},"50":{"start":{"line":213,"column":6},"end":{"line":213,"column":30}},"51":{"start":{"line":217,"column":4},"end":{"line":231,"column":5}},"52":{"start":{"line":219,"column":28},"end":{"line":221,"column":8}},"53":{"start":{"line":223,"column":6},"end":{"line":228,"column":7}},"54":{"start":{"line":224,"column":8},"end":{"line":227,"column":10}},"55":{"start":{"line":230,"column":6},"end":{"line":230,"column":24}},"56":{"start":{"line":234,"column":4},"end":{"line":236,"column":5}},"57":{"start":{"line":235,"column":6},"end":{"line":235,"column":34}},"58":{"start":{"line":239,"column":4},"end":{"line":239,"column":21}},"59":{"start":{"line":242,"column":4},"end":{"line":254,"column":6}},"60":{"start":{"line":256,"column":4},"end":{"line":256,"column":37}},"61":{"start":{"line":257,"column":4},"end":{"line":261,"column":6}},"62":{"start":{"line":266,"column":30},"end":{"line":323,"column":1}},"63":{"start":{"line":267,"column":2},"end":{"line":322,"column":3}},"64":{"start":{"line":268,"column":19},"end":{"line":268,"column":27}},"65":{"start":{"line":272,"column":8},"end":{"line":272,"column":16}},"66":{"start":{"line":275,"column":4},"end":{"line":280,"column":5}},"67":{"start":{"line":276,"column":6},"end":{"line":279,"column":8}},"68":{"start":{"line":283,"column":17},"end":{"line":283,"column":40}},"69":{"start":{"line":285,"column":4},"end":{"line":290,"column":5}},"70":{"start":{"line":286,"column":6},"end":{"line":289,"column":8}},"71":{"start":{"line":293,"column":28},"end":{"line":293,"column":85}},"72":{"start":{"line":295,"column":4},"end":{"line":300,"column":5}},"73":{"start":{"line":296,"column":6},"end":{"line":299,"column":8}},"74":{"start":{"line":303,"column":17},"end":{"line":303,"column":41}},"75":{"start":{"line":304,"column":26},"end":{"line":304,"column":62}},"76":{"start":{"line":307,"column":4},"end":{"line":307,"column":38}},"77":{"start":{"line":308,"column":4},"end":{"line":308,"column":21}},"78":{"start":{"line":311,"column":4},"end":{"line":314,"column":6}},"79":{"start":{"line":316,"column":4},"end":{"line":316,"column":35}},"80":{"start":{"line":317,"column":4},"end":{"line":321,"column":6}}},"fnMap":{"0":{"name":"(anonymous_0)","decl":{"start":{"line":6,"column":24},"end":{"line":6,"column":25}},"loc":{"start":{"line":6,"column":44},"end":{"line":88,"column":1}},"line":6},"1":{"name":"(anonymous_1)","decl":{"start":{"line":91,"column":21},"end":{"line":91,"column":22}},"loc":{"start":{"line":91,"column":41},"end":{"line":157,"column":1}},"line":91},"2":{"name":"(anonymous_2)","decl":{"start":{"line":160,"column":30},"end":{"line":160,"column":31}},"loc":{"start":{"line":160,"column":50},"end":{"line":177,"column":1}},"line":160},"3":{"name":"(anonymous_3)","decl":{"start":{"line":180,"column":33},"end":{"line":180,"column":34}},"loc":{"start":{"line":180,"column":53},"end":{"line":263,"column":1}},"line":180},"4":{"name":"(anonymous_4)","decl":{"start":{"line":266,"column":30},"end":{"line":266,"column":31}},"loc":{"start":{"line":266,"column":50},"end":{"line":323,"column":1}},"line":266}},"branchMap":{"0":{"loc":{"start":{"line":12,"column":6},"end":{"line":12,"column":19}},"type":"default-arg","locations":[{"start":{"line":12,"column":13},"end":{"line":12,"column":19}}],"line":12},"1":{"loc":{"start":{"line":16,"column":4},"end":{"line":21,"column":5}},"type":"if","locations":[{"start":{"line":16,"column":4},"end":{"line":21,"column":5}},{"start":{},"end":{}}],"line":16},"2":{"loc":{"start":{"line":16,"column":8},"end":{"line":16,"column":40}},"type":"binary-expr","locations":[{"start":{"line":16,"column":8},"end":{"line":16,"column":17}},{"start":{"line":16,"column":21},"end":{"line":16,"column":27}},{"start":{"line":16,"column":31},"end":{"line":16,"column":40}}],"line":16},"3":{"loc":{"start":{"line":28,"column":4},"end":{"line":33,"column":5}},"type":"if","locations":[{"start":{"line":28,"column":4},"end":{"line":33,"column":5}},{"start":{},"end":{}}],"line":28},"4":{"loc":{"start":{"line":40,"column":4},"end":{"line":45,"column":5}},"type":"if","locations":[{"start":{"line":40,"column":4},"end":{"line":45,"column":5}},{"start":{},"end":{}}],"line":40},"5":{"loc":{"start":{"line":99,"column":4},"end":{"line":104,"column":5}},"type":"if","locations":[{"start":{"line":99,"column":4},"end":{"line":104,"column":5}},{"start":{},"end":{}}],"line":99},"6":{"loc":{"start":{"line":99,"column":8},"end":{"line":99,"column":27}},"type":"binary-expr","locations":[{"start":{"line":99,"column":8},"end":{"line":99,"column":14}},{"start":{"line":99,"column":18},"end":{"line":99,"column":27}}],"line":99},"7":{"loc":{"start":{"line":111,"column":4},"end":{"line":116,"column":5}},"type":"if","locations":[{"start":{"line":111,"column":4},"end":{"line":116,"column":5}},{"start":{},"end":{}}],"line":111},"8":{"loc":{"start":{"line":121,"column":4},"end":{"line":126,"column":5}},"type":"if","locations":[{"start":{"line":121,"column":4},"end":{"line":126,"column":5}},{"start":{},"end":{}}],"line":121},"9":{"loc":{"start":{"line":192,"column":4},"end":{"line":197,"column":5}},"type":"if","locations":[{"start":{"line":192,"column":4},"end":{"line":197,"column":5}},{"start":{},"end":{}}],"line":192},"10":{"loc":{"start":{"line":200,"column":4},"end":{"line":214,"column":5}},"type":"if","locations":[{"start":{"line":200,"column":4},"end":{"line":214,"column":5}},{"start":{},"end":{}}],"line":200},"11":{"loc":{"start":{"line":200,"column":8},"end":{"line":200,"column":46}},"type":"binary-expr","locations":[{"start":{"line":200,"column":8},"end":{"line":200,"column":16}},{"start":{"line":200,"column":20},"end":{"line":200,"column":46}}],"line":200},"12":{"loc":{"start":{"line":206,"column":6},"end":{"line":211,"column":7}},"type":"if","locations":[{"start":{"line":206,"column":6},"end":{"line":211,"column":7}},{"start":{},"end":{}}],"line":206},"13":{"loc":{"start":{"line":217,"column":4},"end":{"line":231,"column":5}},"type":"if","locations":[{"start":{"line":217,"column":4},"end":{"line":231,"column":5}},{"start":{},"end":{}}],"line":217},"14":{"loc":{"start":{"line":217,"column":8},"end":{"line":217,"column":37}},"type":"binary-expr","locations":[{"start":{"line":217,"column":8},"end":{"line":217,"column":13}},{"start":{"line":217,"column":17},"end":{"line":217,"column":37}}],"line":217},"15":{"loc":{"start":{"line":223,"column":6},"end":{"line":228,"column":7}},"type":"if","locations":[{"start":{"line":223,"column":6},"end":{"line":228,"column":7}},{"start":{},"end":{}}],"line":223},"16":{"loc":{"start":{"line":234,"column":4},"end":{"line":236,"column":5}},"type":"if","locations":[{"start":{"line":234,"column":4},"end":{"line":236,"column":5}},{"start":{},"end":{}}],"line":234},"17":{"loc":{"start":{"line":275,"column":4},"end":{"line":280,"column":5}},"type":"if","locations":[{"start":{"line":275,"column":4},"end":{"line":280,"column":5}},{"start":{},"end":{}}],"line":275},"18":{"loc":{"start":{"line":275,"column":8},"end":{"line":275,"column":40}},"type":"binary-expr","locations":[{"start":{"line":275,"column":8},"end":{"line":275,"column":24}},{"start":{"line":275,"column":28},"end":{"line":275,"column":40}}],"line":275},"19":{"loc":{"start":{"line":285,"column":4},"end":{"line":290,"column":5}},"type":"if","locations":[{"start":{"line":285,"column":4},"end":{"line":290,"column":5}},{"start":{},"end":{}}],"line":285},"20":{"loc":{"start":{"line":295,"column":4},"end":{"line":300,"column":5}},"type":"if","locations":[{"start":{"line":295,"column":4},"end":{"line":300,"column":5}},{"start":{},"end":{}}],"line":295}},"s":{"0":1,"1":2,"2":2,"3":2,"4":0,"5":2,"6":2,"7":1,"8":1,"9":1,"10":0,"11":1,"12":1,"13":1,"14":1,"15":1,"16":0,"17":0,"18":1,"19":2,"20":2,"21":2,"22":0,"23":2,"24":2,"25":0,"26":2,"27":2,"28":1,"29":1,"30":1,"31":0,"32":0,"33":1,"34":0,"35":0,"36":0,"37":0,"38":0,"39":1,"40":0,"41":0,"42":0,"43":0,"44":0,"45":0,"46":0,"47":0,"48":0,"49":0,"50":0,"51":0,"52":0,"53":0,"54":0,"55":0,"56":0,"57":0,"58":0,"59":0,"60":0,"61":0,"62":1,"63":0,"64":0,"65":0,"66":0,"67":0,"68":0,"69":0,"70":0,"71":0,"72":0,"73":0,"74":0,"75":0,"76":0,"77":0,"78":0,"79":0,"80":0},"f":{"0":2,"1":2,"2":0,"3":0,"4":0},"b":{"0":[2],"1":[0,2],"2":[2,2,2],"3":[1,1],"4":[0,1],"5":[0,2],"6":[2,2],"7":[0,2],"8":[1,1],"9":[0,0],"10":[0,0],"11":[0,0],"12":[0,0],"13":[0,0],"14":[0,0],"15":[0,0],"16":[0,0],"17":[0,0],"18":[0,0],"19":[0,0],"20":[0,0]},"_coverageSchema":"1a1c01bbd47fc00a2c39e90264f33305004495a9","hash":"47c4c361ad39c618ce26b79c8fe00d63045d5189"}
,"C:\\项目开发\\游戏商店平台项目开发\\backend\\controllers\\developerController.js": {"path":"C:\\项目开发\\游戏商店平台项目开发\\backend\\controllers\\developerController.js","statementMap":{"0":{"start":{"line":14,"column":33},"end":{"line":66,"column":1}},"1":{"start":{"line":15,"column":2},"end":{"line":65,"column":3}},"2":{"start":{"line":16,"column":19},"end":{"line":16,"column":30}},"3":{"start":{"line":22,"column":8},"end":{"line":22,"column":16}},"4":{"start":{"line":25,"column":4},"end":{"line":30,"column":5}},"5":{"start":{"line":26,"column":6},"end":{"line":29,"column":8}},"6":{"start":{"line":33,"column":30},"end":{"line":35,"column":6}},"7":{"start":{"line":37,"column":4},"end":{"line":42,"column":5}},"8":{"start":{"line":38,"column":6},"end":{"line":41,"column":8}},"9":{"start":{"line":45,"column":22},"end":{"line":51,"column":6}},"10":{"start":{"line":53,"column":4},"end":{"line":57,"column":6}},"11":{"start":{"line":59,"column":4},"end":{"line":59,"column":36}},"12":{"start":{"line":60,"column":4},"end":{"line":64,"column":6}},"13":{"start":{"line":69,"column":32},"end":{"line":98,"column":1}},"14":{"start":{"line":70,"column":2},"end":{"line":97,"column":3}},"15":{"start":{"line":71,"column":19},"end":{"line":71,"column":30}},"16":{"start":{"line":74,"column":22},"end":{"line":76,"column":6}},"17":{"start":{"line":78,"column":4},"end":{"line":83,"column":5}},"18":{"start":{"line":79,"column":6},"end":{"line":82,"column":8}},"19":{"start":{"line":85,"column":4},"end":{"line":89,"column":6}},"20":{"start":{"line":91,"column":4},"end":{"line":91,"column":38}},"21":{"start":{"line":92,"column":4},"end":{"line":96,"column":6}},"22":{"start":{"line":101,"column":35},"end":{"line":144,"column":1}},"23":{"start":{"line":102,"column":2},"end":{"line":143,"column":3}},"24":{"start":{"line":103,"column":19},"end":{"line":103,"column":30}},"25":{"start":{"line":109,"column":8},"end":{"line":109,"column":16}},"26":{"start":{"line":112,"column":22},"end":{"line":114,"column":6}},"27":{"start":{"line":116,"column":4},"end":{"line":121,"column":5}},"28":{"start":{"line":117,"column":6},"end":{"line":120,"column":8}},"29":{"start":{"line":124,"column":4},"end":{"line":129,"column":6}},"30":{"start":{"line":131,"column":4},"end":{"line":135,"column":6}},"31":{"start":{"line":137,"column":4},"end":{"line":137,"column":38}},"32":{"start":{"line":138,"column":4},"end":{"line":142,"column":6}},"33":{"start":{"line":147,"column":33},"end":{"line":215,"column":1}},"34":{"start":{"line":148,"column":2},"end":{"line":214,"column":3}},"35":{"start":{"line":149,"column":19},"end":{"line":149,"column":30}},"36":{"start":{"line":150,"column":45},"end":{"line":150,"column":54}},"37":{"start":{"line":153,"column":22},"end":{"line":155,"column":6}},"38":{"start":{"line":157,"column":4},"end":{"line":162,"column":5}},"39":{"start":{"line":158,"column":6},"end":{"line":161,"column":8}},"40":{"start":{"line":165,"column":24},"end":{"line":165,"column":54}},"41":{"start":{"line":166,"column":4},"end":{"line":168,"column":5}},"42":{"start":{"line":167,"column":6},"end":{"line":167,"column":33}},"43":{"start":{"line":171,"column":19},"end":{"line":171,"column":37}},"44":{"start":{"line":174,"column":18},"end":{"line":192,"column":6}},"45":{"start":{"line":194,"column":4},"end":{"line":206,"column":6}},"46":{"start":{"line":208,"column":4},"end":{"line":208,"column":40}},"47":{"start":{"line":209,"column":4},"end":{"line":213,"column":6}},"48":{"start":{"line":218,"column":33},"end":{"line":302,"column":1}},"49":{"start":{"line":219,"column":2},"end":{"line":301,"column":3}},"50":{"start":{"line":220,"column":19},"end":{"line":220,"column":30}},"51":{"start":{"line":221,"column":43},"end":{"line":221,"column":52}},"52":{"start":{"line":224,"column":22},"end":{"line":226,"column":6}},"53":{"start":{"line":228,"column":4},"end":{"line":233,"column":5}},"54":{"start":{"line":229,"column":6},"end":{"line":232,"column":8}},"55":{"start":{"line":236,"column":24},"end":{"line":238,"column":5}},"56":{"start":{"line":240,"column":4},"end":{"line":242,"column":5}},"57":{"start":{"line":241,"column":6},"end":{"line":241,"column":34}},"58":{"start":{"line":244,"column":4},"end":{"line":248,"column":5}},"59":{"start":{"line":245,"column":6},"end":{"line":247,"column":7}},"60":{"start":{"line":251,"column":23},"end":{"line":272,"column":6}},"61":{"start":{"line":275,"column":23},"end":{"line":281,"column":6}},"62":{"start":{"line":283,"column":4},"end":{"line":293,"column":6}},"63":{"start":{"line":295,"column":4},"end":{"line":295,"column":41}},"64":{"start":{"line":296,"column":4},"end":{"line":300,"column":6}},"65":{"start":{"line":305,"column":36},"end":{"line":355,"column":1}},"66":{"start":{"line":306,"column":2},"end":{"line":354,"column":3}},"67":{"start":{"line":307,"column":19},"end":{"line":307,"column":30}},"68":{"start":{"line":308,"column":35},"end":{"line":308,"column":44}},"69":{"start":{"line":311,"column":22},"end":{"line":313,"column":6}},"70":{"start":{"line":315,"column":4},"end":{"line":320,"column":5}},"71":{"start":{"line":316,"column":6},"end":{"line":319,"column":8}},"72":{"start":{"line":323,"column":21},"end":{"line":326,"column":6}},"73":{"start":{"line":329,"column":27},"end":{"line":337,"column":6}},"74":{"start":{"line":339,"column":4},"end":{"line":346,"column":6}},"75":{"start":{"line":348,"column":4},"end":{"line":348,"column":40}},"76":{"start":{"line":349,"column":4},"end":{"line":353,"column":6}},"77":{"start":{"line":358,"column":39},"end":{"line":423,"column":1}},"78":{"start":{"line":359,"column":2},"end":{"line":422,"column":3}},"79":{"start":{"line":360,"column":19},"end":{"line":360,"column":30}},"80":{"start":{"line":361,"column":56},"end":{"line":361,"column":64}},"81":{"start":{"line":364,"column":22},"end":{"line":366,"column":6}},"82":{"start":{"line":368,"column":4},"end":{"line":373,"column":5}},"83":{"start":{"line":369,"column":6},"end":{"line":372,"column":8}},"84":{"start":{"line":376,"column":4},"end":{"line":381,"column":5}},"85":{"start":{"line":377,"column":6},"end":{"line":380,"column":8}},"86":{"start":{"line":384,"column":27},"end":{"line":392,"column":6}},"87":{"start":{"line":394,"column":29},"end":{"line":394,"column":87}},"88":{"start":{"line":395,"column":4},"end":{"line":400,"column":5}},"89":{"start":{"line":396,"column":6},"end":{"line":399,"column":8}},"90":{"start":{"line":403,"column":30},"end":{"line":408,"column":6}},"91":{"start":{"line":410,"column":4},"end":{"line":414,"column":6}},"92":{"start":{"line":416,"column":4},"end":{"line":416,"column":37}},"93":{"start":{"line":417,"column":4},"end":{"line":421,"column":6}},"94":{"start":{"line":426,"column":37},"end":{"line":481,"column":1}},"95":{"start":{"line":427,"column":2},"end":{"line":480,"column":3}},"96":{"start":{"line":428,"column":19},"end":{"line":428,"column":30}},"97":{"start":{"line":429,"column":45},"end":{"line":429,"column":54}},"98":{"start":{"line":432,"column":22},"end":{"line":434,"column":6}},"99":{"start":{"line":436,"column":4},"end":{"line":441,"column":5}},"100":{"start":{"line":437,"column":6},"end":{"line":440,"column":8}},"101":{"start":{"line":444,"column":24},"end":{"line":444,"column":54}},"102":{"start":{"line":445,"column":4},"end":{"line":447,"column":5}},"103":{"start":{"line":446,"column":6},"end":{"line":446,"column":33}},"104":{"start":{"line":450,"column":19},"end":{"line":450,"column":37}},"105":{"start":{"line":453,"column":31},"end":{"line":458,"column":6}},"106":{"start":{"line":460,"column":4},"end":{"line":472,"column":6}},"107":{"start":{"line":474,"column":4},"end":{"line":474,"column":39}},"108":{"start":{"line":475,"column":4},"end":{"line":479,"column":6}},"109":{"start":{"line":484,"column":32},"end":{"line":600,"column":1}},"110":{"start":{"line":485,"column":2},"end":{"line":599,"column":3}},"111":{"start":{"line":486,"column":19},"end":{"line":486,"column":30}},"112":{"start":{"line":487,"column":61},"end":{"line":487,"column":70}},"113":{"start":{"line":490,"column":22},"end":{"line":492,"column":6}},"114":{"start":{"line":494,"column":4},"end":{"line":499,"column":5}},"115":{"start":{"line":495,"column":6},"end":{"line":498,"column":8}},"116":{"start":{"line":502,"column":24},"end":{"line":504,"column":5}},"117":{"start":{"line":506,"column":4},"end":{"line":508,"column":5}},"118":{"start":{"line":507,"column":6},"end":{"line":507,"column":34}},"119":{"start":{"line":510,"column":4},"end":{"line":514,"column":5}},"120":{"start":{"line":511,"column":6},"end":{"line":513,"column":7}},"121":{"start":{"line":517,"column":24},"end":{"line":517,"column":26}},"122":{"start":{"line":518,"column":18},"end":{"line":518,"column":26}},"123":{"start":{"line":519,"column":21},"end":{"line":521,"column":5}},"124":{"start":{"line":523,"column":4},"end":{"line":556,"column":5}},"125":{"start":{"line":525,"column":8},"end":{"line":527,"column":9}},"126":{"start":{"line":528,"column":8},"end":{"line":528,"column":13}},"127":{"start":{"line":530,"column":8},"end":{"line":532,"column":9}},"128":{"start":{"line":533,"column":8},"end":{"line":533,"column":13}},"129":{"start":{"line":536,"column":8},"end":{"line":538,"column":9}},"130":{"start":{"line":539,"column":8},"end":{"line":539,"column":13}},"131":{"start":{"line":542,"column":8},"end":{"line":544,"column":9}},"132":{"start":{"line":545,"column":8},"end":{"line":545,"column":13}},"133":{"start":{"line":548,"column":8},"end":{"line":550,"column":9}},"134":{"start":{"line":551,"column":8},"end":{"line":551,"column":13}},"135":{"start":{"line":553,"column":8},"end":{"line":555,"column":9}},"136":{"start":{"line":559,"column":4},"end":{"line":576,"column":6}},"137":{"start":{"line":579,"column":26},"end":{"line":582,"column":7}},"138":{"start":{"line":579,"column":53},"end":{"line":582,"column":5}},"139":{"start":{"line":584,"column":4},"end":{"line":591,"column":6}},"140":{"start":{"line":593,"column":4},"end":{"line":593,"column":39}},"141":{"start":{"line":594,"column":4},"end":{"line":598,"column":6}},"142":{"start":{"line":603,"column":33},"end":{"line":678,"column":1}},"143":{"start":{"line":604,"column":2},"end":{"line":677,"column":3}},"144":{"start":{"line":605,"column":19},"end":{"line":605,"column":30}},"145":{"start":{"line":606,"column":49},"end":{"line":606,"column":58}},"146":{"start":{"line":609,"column":22},"end":{"line":611,"column":6}},"147":{"start":{"line":613,"column":4},"end":{"line":618,"column":5}},"148":{"start":{"line":614,"column":6},"end":{"line":617,"column":8}},"149":{"start":{"line":621,"column":24},"end":{"line":623,"column":5}},"150":{"start":{"line":625,"column":4},"end":{"line":629,"column":5}},"151":{"start":{"line":626,"column":6},"end":{"line":628,"column":7}},"152":{"start":{"line":631,"column":4},"end":{"line":635,"column":5}},"153":{"start":{"line":632,"column":6},"end":{"line":634,"column":7}},"154":{"start":{"line":638,"column":27},"end":{"line":661,"column":6}},"155":{"start":{"line":663,"column":4},"end":{"line":669,"column":6}},"156":{"start":{"line":671,"column":4},"end":{"line":671,"column":39}},"157":{"start":{"line":672,"column":4},"end":{"line":676,"column":6}},"158":{"start":{"line":681,"column":40},"end":{"line":720,"column":1}},"159":{"start":{"line":682,"column":2},"end":{"line":719,"column":3}},"160":{"start":{"line":683,"column":19},"end":{"line":683,"column":30}},"161":{"start":{"line":684,"column":43},"end":{"line":684,"column":52}},"162":{"start":{"line":687,"column":22},"end":{"line":689,"column":6}},"163":{"start":{"line":691,"column":4},"end":{"line":696,"column":5}},"164":{"start":{"line":692,"column":6},"end":{"line":695,"column":8}},"165":{"start":{"line":700,"column":25},"end":{"line":705,"column":5}},"166":{"start":{"line":707,"column":4},"end":{"line":711,"column":6}},"167":{"start":{"line":713,"column":4},"end":{"line":713,"column":39}},"168":{"start":{"line":714,"column":4},"end":{"line":718,"column":6}}},"fnMap":{"0":{"name":"(anonymous_0)","decl":{"start":{"line":14,"column":33},"end":{"line":14,"column":34}},"loc":{"start":{"line":14,"column":53},"end":{"line":66,"column":1}},"line":14},"1":{"name":"(anonymous_1)","decl":{"start":{"line":69,"column":32},"end":{"line":69,"column":33}},"loc":{"start":{"line":69,"column":52},"end":{"line":98,"column":1}},"line":69},"2":{"name":"(anonymous_2)","decl":{"start":{"line":101,"column":35},"end":{"line":101,"column":36}},"loc":{"start":{"line":101,"column":55},"end":{"line":144,"column":1}},"line":101},"3":{"name":"(anonymous_3)","decl":{"start":{"line":147,"column":33},"end":{"line":147,"column":34}},"loc":{"start":{"line":147,"column":53},"end":{"line":215,"column":1}},"line":147},"4":{"name":"(anonymous_4)","decl":{"start":{"line":218,"column":33},"end":{"line":218,"column":34}},"loc":{"start":{"line":218,"column":53},"end":{"line":302,"column":1}},"line":218},"5":{"name":"(anonymous_5)","decl":{"start":{"line":305,"column":36},"end":{"line":305,"column":37}},"loc":{"start":{"line":305,"column":56},"end":{"line":355,"column":1}},"line":305},"6":{"name":"(anonymous_6)","decl":{"start":{"line":358,"column":39},"end":{"line":358,"column":40}},"loc":{"start":{"line":358,"column":59},"end":{"line":423,"column":1}},"line":358},"7":{"name":"(anonymous_7)","decl":{"start":{"line":426,"column":37},"end":{"line":426,"column":38}},"loc":{"start":{"line":426,"column":57},"end":{"line":481,"column":1}},"line":426},"8":{"name":"(anonymous_8)","decl":{"start":{"line":484,"column":32},"end":{"line":484,"column":33}},"loc":{"start":{"line":484,"column":52},"end":{"line":600,"column":1}},"line":484},"9":{"name":"(anonymous_9)","decl":{"start":{"line":579,"column":44},"end":{"line":579,"column":45}},"loc":{"start":{"line":579,"column":53},"end":{"line":582,"column":5}},"line":579},"10":{"name":"(anonymous_10)","decl":{"start":{"line":603,"column":33},"end":{"line":603,"column":34}},"loc":{"start":{"line":603,"column":53},"end":{"line":678,"column":1}},"line":603},"11":{"name":"(anonymous_11)","decl":{"start":{"line":681,"column":40},"end":{"line":681,"column":41}},"loc":{"start":{"line":681,"column":60},"end":{"line":720,"column":1}},"line":681}},"branchMap":{"0":{"loc":{"start":{"line":25,"column":4},"end":{"line":30,"column":5}},"type":"if","locations":[{"start":{"line":25,"column":4},"end":{"line":30,"column":5}},{"start":{},"end":{}}],"line":25},"1":{"loc":{"start":{"line":25,"column":8},"end":{"line":25,"column":39}},"type":"binary-expr","locations":[{"start":{"line":25,"column":8},"end":{"line":25,"column":21}},{"start":{"line":25,"column":25},"end":{"line":25,"column":39}}],"line":25},"2":{"loc":{"start":{"line":37,"column":4},"end":{"line":42,"column":5}},"type":"if","locations":[{"start":{"line":37,"column":4},"end":{"line":42,"column":5}},{"start":{},"end":{}}],"line":37},"3":{"loc":{"start":{"line":78,"column":4},"end":{"line":83,"column":5}},"type":"if","locations":[{"start":{"line":78,"column":4},"end":{"line":83,"column":5}},{"start":{},"end":{}}],"line":78},"4":{"loc":{"start":{"line":116,"column":4},"end":{"line":121,"column":5}},"type":"if","locations":[{"start":{"line":116,"column":4},"end":{"line":121,"column":5}},{"start":{},"end":{}}],"line":116},"5":{"loc":{"start":{"line":125,"column":20},"end":{"line":125,"column":58}},"type":"binary-expr","locations":[{"start":{"line":125,"column":20},"end":{"line":125,"column":32}},{"start":{"line":125,"column":36},"end":{"line":125,"column":58}}],"line":125},"6":{"loc":{"start":{"line":126,"column":21},"end":{"line":126,"column":61}},"type":"binary-expr","locations":[{"start":{"line":126,"column":21},"end":{"line":126,"column":34}},{"start":{"line":126,"column":38},"end":{"line":126,"column":61}}],"line":126},"7":{"loc":{"start":{"line":127,"column":15},"end":{"line":127,"column":43}},"type":"binary-expr","locations":[{"start":{"line":127,"column":15},"end":{"line":127,"column":22}},{"start":{"line":127,"column":26},"end":{"line":127,"column":43}}],"line":127},"8":{"loc":{"start":{"line":128,"column":11},"end":{"line":128,"column":31}},"type":"binary-expr","locations":[{"start":{"line":128,"column":11},"end":{"line":128,"column":14}},{"start":{"line":128,"column":18},"end":{"line":128,"column":31}}],"line":128},"9":{"loc":{"start":{"line":150,"column":12},"end":{"line":150,"column":20}},"type":"default-arg","locations":[{"start":{"line":150,"column":19},"end":{"line":150,"column":20}}],"line":150},"10":{"loc":{"start":{"line":150,"column":22},"end":{"line":150,"column":32}},"type":"default-arg","locations":[{"start":{"line":150,"column":30},"end":{"line":150,"column":32}}],"line":150},"11":{"loc":{"start":{"line":157,"column":4},"end":{"line":162,"column":5}},"type":"if","locations":[{"start":{"line":157,"column":4},"end":{"line":162,"column":5}},{"start":{},"end":{}}],"line":157},"12":{"loc":{"start":{"line":166,"column":4},"end":{"line":168,"column":5}},"type":"if","locations":[{"start":{"line":166,"column":4},"end":{"line":168,"column":5}},{"start":{},"end":{}}],"line":166},"13":{"loc":{"start":{"line":228,"column":4},"end":{"line":233,"column":5}},"type":"if","locations":[{"start":{"line":228,"column":4},"end":{"line":233,"column":5}},{"start":{},"end":{}}],"line":228},"14":{"loc":{"start":{"line":240,"column":4},"end":{"line":242,"column":5}},"type":"if","locations":[{"start":{"line":240,"column":4},"end":{"line":242,"column":5}},{"start":{},"end":{}}],"line":240},"15":{"loc":{"start":{"line":244,"column":4},"end":{"line":248,"column":5}},"type":"if","locations":[{"start":{"line":244,"column":4},"end":{"line":248,"column":5}},{"start":{},"end":{}}],"line":244},"16":{"loc":{"start":{"line":244,"column":8},"end":{"line":244,"column":28}},"type":"binary-expr","locations":[{"start":{"line":244,"column":8},"end":{"line":244,"column":17}},{"start":{"line":244,"column":21},"end":{"line":244,"column":28}}],"line":244},"17":{"loc":{"start":{"line":289,"column":23},"end":{"line":289,"column":72}},"type":"binary-expr","locations":[{"start":{"line":289,"column":23},"end":{"line":289,"column":67}},{"start":{"line":289,"column":71},"end":{"line":289,"column":72}}],"line":289},"18":{"loc":{"start":{"line":290,"column":25},"end":{"line":290,"column":78}},"type":"binary-expr","locations":[{"start":{"line":290,"column":25},"end":{"line":290,"column":73}},{"start":{"line":290,"column":77},"end":{"line":290,"column":78}}],"line":290},"19":{"loc":{"start":{"line":308,"column":12},"end":{"line":308,"column":30}},"type":"default-arg","locations":[{"start":{"line":308,"column":21},"end":{"line":308,"column":30}}],"line":308},"20":{"loc":{"start":{"line":315,"column":4},"end":{"line":320,"column":5}},"type":"if","locations":[{"start":{"line":315,"column":4},"end":{"line":320,"column":5}},{"start":{},"end":{}}],"line":315},"21":{"loc":{"start":{"line":344,"column":25},"end":{"line":344,"column":83}},"type":"binary-expr","locations":[{"start":{"line":344,"column":25},"end":{"line":344,"column":78}},{"start":{"line":344,"column":82},"end":{"line":344,"column":83}}],"line":344},"22":{"loc":{"start":{"line":368,"column":4},"end":{"line":373,"column":5}},"type":"if","locations":[{"start":{"line":368,"column":4},"end":{"line":373,"column":5}},{"start":{},"end":{}}],"line":368},"23":{"loc":{"start":{"line":376,"column":4},"end":{"line":381,"column":5}},"type":"if","locations":[{"start":{"line":376,"column":4},"end":{"line":381,"column":5}},{"start":{},"end":{}}],"line":376},"24":{"loc":{"start":{"line":376,"column":8},"end":{"line":376,"column":30}},"type":"binary-expr","locations":[{"start":{"line":376,"column":8},"end":{"line":376,"column":15}},{"start":{"line":376,"column":19},"end":{"line":376,"column":30}}],"line":376},"25":{"loc":{"start":{"line":394,"column":29},"end":{"line":394,"column":87}},"type":"binary-expr","locations":[{"start":{"line":394,"column":29},"end":{"line":394,"column":82}},{"start":{"line":394,"column":86},"end":{"line":394,"column":87}}],"line":394},"26":{"loc":{"start":{"line":395,"column":4},"end":{"line":400,"column":5}},"type":"if","locations":[{"start":{"line":395,"column":4},"end":{"line":400,"column":5}},{"start":{},"end":{}}],"line":395},"27":{"loc":{"start":{"line":429,"column":12},"end":{"line":429,"column":20}},"type":"default-arg","locations":[{"start":{"line":429,"column":19},"end":{"line":429,"column":20}}],"line":429},"28":{"loc":{"start":{"line":429,"column":22},"end":{"line":429,"column":32}},"type":"default-arg","locations":[{"start":{"line":429,"column":30},"end":{"line":429,"column":32}}],"line":429},"29":{"loc":{"start":{"line":436,"column":4},"end":{"line":441,"column":5}},"type":"if","locations":[{"start":{"line":436,"column":4},"end":{"line":441,"column":5}},{"start":{},"end":{}}],"line":436},"30":{"loc":{"start":{"line":445,"column":4},"end":{"line":447,"column":5}},"type":"if","locations":[{"start":{"line":445,"column":4},"end":{"line":447,"column":5}},{"start":{},"end":{}}],"line":445},"31":{"loc":{"start":{"line":487,"column":40},"end":{"line":487,"column":56}},"type":"default-arg","locations":[{"start":{"line":487,"column":49},"end":{"line":487,"column":56}}],"line":487},"32":{"loc":{"start":{"line":494,"column":4},"end":{"line":499,"column":5}},"type":"if","locations":[{"start":{"line":494,"column":4},"end":{"line":499,"column":5}},{"start":{},"end":{}}],"line":494},"33":{"loc":{"start":{"line":506,"column":4},"end":{"line":508,"column":5}},"type":"if","locations":[{"start":{"line":506,"column":4},"end":{"line":508,"column":5}},{"start":{},"end":{}}],"line":506},"34":{"loc":{"start":{"line":510,"column":4},"end":{"line":514,"column":5}},"type":"if","locations":[{"start":{"line":510,"column":4},"end":{"line":514,"column":5}},{"start":{},"end":{}}],"line":510},"35":{"loc":{"start":{"line":510,"column":8},"end":{"line":510,"column":28}},"type":"binary-expr","locations":[{"start":{"line":510,"column":8},"end":{"line":510,"column":17}},{"start":{"line":510,"column":21},"end":{"line":510,"column":28}}],"line":510},"36":{"loc":{"start":{"line":523,"column":4},"end":{"line":556,"column":5}},"type":"switch","locations":[{"start":{"line":524,"column":6},"end":{"line":528,"column":13}},{"start":{"line":529,"column":6},"end":{"line":533,"column":13}},{"start":{"line":534,"column":6},"end":{"line":539,"column":13}},{"start":{"line":540,"column":6},"end":{"line":545,"column":13}},{"start":{"line":546,"column":6},"end":{"line":551,"column":13}},{"start":{"line":552,"column":6},"end":{"line":555,"column":9}}],"line":523},"37":{"loc":{"start":{"line":581,"column":13},"end":{"line":581,"column":51}},"type":"binary-expr","locations":[{"start":{"line":581,"column":13},"end":{"line":581,"column":46}},{"start":{"line":581,"column":50},"end":{"line":581,"column":51}}],"line":581},"38":{"loc":{"start":{"line":606,"column":12},"end":{"line":606,"column":24}},"type":"default-arg","locations":[{"start":{"line":606,"column":22},"end":{"line":606,"column":24}}],"line":606},"39":{"loc":{"start":{"line":613,"column":4},"end":{"line":618,"column":5}},"type":"if","locations":[{"start":{"line":613,"column":4},"end":{"line":618,"column":5}},{"start":{},"end":{}}],"line":613},"40":{"loc":{"start":{"line":625,"column":4},"end":{"line":629,"column":5}},"type":"if","locations":[{"start":{"line":625,"column":4},"end":{"line":629,"column":5}},{"start":{},"end":{}}],"line":625},"41":{"loc":{"start":{"line":631,"column":4},"end":{"line":635,"column":5}},"type":"if","locations":[{"start":{"line":631,"column":4},"end":{"line":635,"column":5}},{"start":{},"end":{}}],"line":631},"42":{"loc":{"start":{"line":631,"column":8},"end":{"line":631,"column":28}},"type":"binary-expr","locations":[{"start":{"line":631,"column":8},"end":{"line":631,"column":17}},{"start":{"line":631,"column":21},"end":{"line":631,"column":28}}],"line":631},"43":{"loc":{"start":{"line":691,"column":4},"end":{"line":696,"column":5}},"type":"if","locations":[{"start":{"line":691,"column":4},"end":{"line":696,"column":5}},{"start":{},"end":{}}],"line":691}},"s":{"0":0,"1":0,"2":0,"3":0,"4":0,"5":0,"6":0,"7":0,"8":0,"9":0,"10":0,"11":0,"12":0,"13":0,"14":0,"15":0,"16":0,"17":0,"18":0,"19":0,"20":0,"21":0,"22":0,"23":0,"24":0,"25":0,"26":0,"27":0,"28":0,"29":0,"30":0,"31":0,"32":0,"33":0,"34":0,"35":0,"36":0,"37":0,"38":0,"39":0,"40":0,"41":0,"42":0,"43":0,"44":0,"45":0,"46":0,"47":0,"48":0,"49":0,"50":0,"51":0,"52":0,"53":0,"54":0,"55":0,"56":0,"57":0,"58":0,"59":0,"60":0,"61":0,"62":0,"63":0,"64":0,"65":0,"66":0,"67":0,"68":0,"69":0,"70":0,"71":0,"72":0,"73":0,"74":0,"75":0,"76":0,"77":0,"78":0,"79":0,"80":0,"81":0,"82":0,"83":0,"84":0,"85":0,"86":0,"87":0,"88":0,"89":0,"90":0,"91":0,"92":0,"93":0,"94":0,"95":0,"96":0,"97":0,"98":0,"99":0,"100":0,"101":0,"102":0,"103":0,"104":0,"105":0,"106":0,"107":0,"108":0,"109":0,"110":0,"111":0,"112":0,"113":0,"114":0,"115":0,"116":0,"117":0,"118":0,"119":0,"120":0,"121":0,"122":0,"123":0,"124":0,"125":0,"126":0,"127":0,"128":0,"129":0,"130":0,"131":0,"132":0,"133":0,"134":0,"135":0,"136":0,"137":0,"138":0,"139":0,"140":0,"141":0,"142":0,"143":0,"144":0,"145":0,"146":0,"147":0,"148":0,"149":0,"150":0,"151":0,"152":0,"153":0,"154":0,"155":0,"156":0,"157":0,"158":0,"159":0,"160":0,"161":0,"162":0,"163":0,"164":0,"165":0,"166":0,"167":0,"168":0},"f":{"0":0,"1":0,"2":0,"3":0,"4":0,"5":0,"6":0,"7":0,"8":0,"9":0,"10":0,"11":0},"b":{"0":[0,0],"1":[0,0],"2":[0,0],"3":[0,0],"4":[0,0],"5":[0,0],"6":[0,0],"7":[0,0],"8":[0,0],"9":[0],"10":[0],"11":[0,0],"12":[0,0],"13":[0,0],"14":[0,0],"15":[0,0],"16":[0,0],"17":[0,0],"18":[0,0],"19":[0],"20":[0,0],"21":[0,0],"22":[0,0],"23":[0,0],"24":[0,0],"25":[0,0],"26":[0,0],"27":[0],"28":[0],"29":[0,0],"30":[0,0],"31":[0],"32":[0,0],"33":[0,0],"34":[0,0],"35":[0,0],"36":[0,0,0,0,0,0],"37":[0,0],"38":[0],"39":[0,0],"40":[0,0],"41":[0,0],"42":[0,0],"43":[0,0]}}
,"C:\\项目开发\\游戏商店平台项目开发\\backend\\controllers\\downloadController.js": {"path":"C:\\项目开发\\游戏商店平台项目开发\\backend\\controllers\\downloadController.js","statementMap":{"0":{"start":{"line":6,"column":36},"end":{"line":76,"column":1}},"1":{"start":{"line":7,"column":2},"end":{"line":75,"column":3}},"2":{"start":{"line":8,"column":23},"end":{"line":8,"column":33}},"3":{"start":{"line":9,"column":19},"end":{"line":9,"column":30}},"4":{"start":{"line":12,"column":17},"end":{"line":16,"column":6}},"5":{"start":{"line":18,"column":4},"end":{"line":23,"column":5}},"6":{"start":{"line":19,"column":6},"end":{"line":22,"column":8}},"7":{"start":{"line":26,"column":24},"end":{"line":31,"column":6}},"8":{"start":{"line":33,"column":4},"end":{"line":38,"column":5}},"9":{"start":{"line":34,"column":6},"end":{"line":37,"column":8}},"10":{"start":{"line":41,"column":26},"end":{"line":45,"column":6}},"11":{"start":{"line":47,"column":4},"end":{"line":52,"column":5}},"12":{"start":{"line":48,"column":6},"end":{"line":51,"column":8}},"13":{"start":{"line":55,"column":25},"end":{"line":61,"column":5}},"14":{"start":{"line":63,"column":4},"end":{"line":67,"column":6}},"15":{"start":{"line":69,"column":4},"end":{"line":69,"column":37}},"16":{"start":{"line":70,"column":4},"end":{"line":74,"column":6}},"17":{"start":{"line":79,"column":38},"end":{"line":148,"column":1}},"18":{"start":{"line":80,"column":2},"end":{"line":147,"column":3}},"19":{"start":{"line":81,"column":34},"end":{"line":81,"column":44}},"20":{"start":{"line":82,"column":19},"end":{"line":82,"column":30}},"21":{"start":{"line":85,"column":17},"end":{"line":89,"column":6}},"22":{"start":{"line":91,"column":4},"end":{"line":96,"column":5}},"23":{"start":{"line":92,"column":6},"end":{"line":95,"column":8}},"24":{"start":{"line":99,"column":24},"end":{"line":104,"column":6}},"25":{"start":{"line":106,"column":4},"end":{"line":111,"column":5}},"26":{"start":{"line":107,"column":6},"end":{"line":110,"column":8}},"27":{"start":{"line":114,"column":20},"end":{"line":117,"column":6}},"28":{"start":{"line":119,"column":4},"end":{"line":124,"column":5}},"29":{"start":{"line":120,"column":6},"end":{"line":123,"column":8}},"30":{"start":{"line":127,"column":25},"end":{"line":133,"column":5}},"31":{"start":{"line":135,"column":4},"end":{"line":139,"column":6}},"32":{"start":{"line":141,"column":4},"end":{"line":141,"column":41}},"33":{"start":{"line":142,"column":4},"end":{"line":146,"column":6}},"34":{"start":{"line":151,"column":31},"end":{"line":205,"column":1}},"35":{"start":{"line":152,"column":2},"end":{"line":204,"column":3}},"36":{"start":{"line":153,"column":23},"end":{"line":153,"column":33}},"37":{"start":{"line":154,"column":19},"end":{"line":154,"column":30}},"38":{"start":{"line":157,"column":17},"end":{"line":161,"column":6}},"39":{"start":{"line":163,"column":4},"end":{"line":168,"column":5}},"40":{"start":{"line":164,"column":6},"end":{"line":167,"column":8}},"41":{"start":{"line":171,"column":24},"end":{"line":176,"column":6}},"42":{"start":{"line":178,"column":4},"end":{"line":183,"column":5}},"43":{"start":{"line":179,"column":6},"end":{"line":182,"column":8}},"44":{"start":{"line":186,"column":21},"end":{"line":190,"column":6}},"45":{"start":{"line":192,"column":4},"end":{"line":196,"column":6}},"46":{"start":{"line":198,"column":4},"end":{"line":198,"column":39}},"47":{"start":{"line":199,"column":4},"end":{"line":203,"column":6}},"48":{"start":{"line":208,"column":30},"end":{"line":266,"column":1}},"49":{"start":{"line":209,"column":2},"end":{"line":265,"column":3}},"50":{"start":{"line":210,"column":23},"end":{"line":210,"column":33}},"51":{"start":{"line":211,"column":19},"end":{"line":211,"column":30}},"52":{"start":{"line":212,"column":39},"end":{"line":212,"column":47}},"53":{"start":{"line":215,"column":4},"end":{"line":220,"column":5}},"54":{"start":{"line":216,"column":6},"end":{"line":219,"column":8}},"55":{"start":{"line":223,"column":17},"end":{"line":223,"column":44}},"56":{"start":{"line":225,"column":4},"end":{"line":230,"column":5}},"57":{"start":{"line":226,"column":6},"end":{"line":229,"column":8}},"58":{"start":{"line":233,"column":24},"end":{"line":238,"column":6}},"59":{"start":{"line":240,"column":4},"end":{"line":245,"column":5}},"60":{"start":{"line":241,"column":6},"end":{"line":244,"column":8}},"61":{"start":{"line":248,"column":4},"end":{"line":251,"column":6}},"62":{"start":{"line":253,"column":4},"end":{"line":257,"column":6}},"63":{"start":{"line":259,"column":4},"end":{"line":259,"column":37}},"64":{"start":{"line":260,"column":4},"end":{"line":264,"column":6}},"65":{"start":{"line":269,"column":31},"end":{"line":337,"column":1}},"66":{"start":{"line":270,"column":2},"end":{"line":336,"column":3}},"67":{"start":{"line":271,"column":23},"end":{"line":271,"column":33}},"68":{"start":{"line":272,"column":31},"end":{"line":272,"column":39}},"69":{"start":{"line":273,"column":19},"end":{"line":273,"column":30}},"70":{"start":{"line":276,"column":17},"end":{"line":280,"column":6}},"71":{"start":{"line":282,"column":4},"end":{"line":287,"column":5}},"72":{"start":{"line":283,"column":6},"end":{"line":286,"column":8}},"73":{"start":{"line":290,"column":24},"end":{"line":295,"column":6}},"74":{"start":{"line":297,"column":4},"end":{"line":302,"column":5}},"75":{"start":{"line":298,"column":6},"end":{"line":301,"column":8}},"76":{"start":{"line":305,"column":26},"end":{"line":309,"column":6}},"77":{"start":{"line":311,"column":4},"end":{"line":316,"column":5}},"78":{"start":{"line":312,"column":6},"end":{"line":315,"column":8}},"79":{"start":{"line":319,"column":22},"end":{"line":319,"column":69}},"80":{"start":{"line":321,"column":4},"end":{"line":328,"column":6}},"81":{"start":{"line":330,"column":4},"end":{"line":330,"column":37}},"82":{"start":{"line":331,"column":4},"end":{"line":335,"column":6}}},"fnMap":{"0":{"name":"(anonymous_0)","decl":{"start":{"line":6,"column":36},"end":{"line":6,"column":37}},"loc":{"start":{"line":6,"column":56},"end":{"line":76,"column":1}},"line":6},"1":{"name":"(anonymous_1)","decl":{"start":{"line":79,"column":38},"end":{"line":79,"column":39}},"loc":{"start":{"line":79,"column":58},"end":{"line":148,"column":1}},"line":79},"2":{"name":"(anonymous_2)","decl":{"start":{"line":151,"column":31},"end":{"line":151,"column":32}},"loc":{"start":{"line":151,"column":51},"end":{"line":205,"column":1}},"line":151},"3":{"name":"(anonymous_3)","decl":{"start":{"line":208,"column":30},"end":{"line":208,"column":31}},"loc":{"start":{"line":208,"column":50},"end":{"line":266,"column":1}},"line":208},"4":{"name":"(anonymous_4)","decl":{"start":{"line":269,"column":31},"end":{"line":269,"column":32}},"loc":{"start":{"line":269,"column":51},"end":{"line":337,"column":1}},"line":269}},"branchMap":{"0":{"loc":{"start":{"line":18,"column":4},"end":{"line":23,"column":5}},"type":"if","locations":[{"start":{"line":18,"column":4},"end":{"line":23,"column":5}},{"start":{},"end":{}}],"line":18},"1":{"loc":{"start":{"line":33,"column":4},"end":{"line":38,"column":5}},"type":"if","locations":[{"start":{"line":33,"column":4},"end":{"line":38,"column":5}},{"start":{},"end":{}}],"line":33},"2":{"loc":{"start":{"line":47,"column":4},"end":{"line":52,"column":5}},"type":"if","locations":[{"start":{"line":47,"column":4},"end":{"line":52,"column":5}},{"start":{},"end":{}}],"line":47},"3":{"loc":{"start":{"line":91,"column":4},"end":{"line":96,"column":5}},"type":"if","locations":[{"start":{"line":91,"column":4},"end":{"line":96,"column":5}},{"start":{},"end":{}}],"line":91},"4":{"loc":{"start":{"line":106,"column":4},"end":{"line":111,"column":5}},"type":"if","locations":[{"start":{"line":106,"column":4},"end":{"line":111,"column":5}},{"start":{},"end":{}}],"line":106},"5":{"loc":{"start":{"line":119,"column":4},"end":{"line":124,"column":5}},"type":"if","locations":[{"start":{"line":119,"column":4},"end":{"line":124,"column":5}},{"start":{},"end":{}}],"line":119},"6":{"loc":{"start":{"line":163,"column":4},"end":{"line":168,"column":5}},"type":"if","locations":[{"start":{"line":163,"column":4},"end":{"line":168,"column":5}},{"start":{},"end":{}}],"line":163},"7":{"loc":{"start":{"line":178,"column":4},"end":{"line":183,"column":5}},"type":"if","locations":[{"start":{"line":178,"column":4},"end":{"line":183,"column":5}},{"start":{},"end":{}}],"line":178},"8":{"loc":{"start":{"line":215,"column":4},"end":{"line":220,"column":5}},"type":"if","locations":[{"start":{"line":215,"column":4},"end":{"line":220,"column":5}},{"start":{},"end":{}}],"line":215},"9":{"loc":{"start":{"line":225,"column":4},"end":{"line":230,"column":5}},"type":"if","locations":[{"start":{"line":225,"column":4},"end":{"line":230,"column":5}},{"start":{},"end":{}}],"line":225},"10":{"loc":{"start":{"line":240,"column":4},"end":{"line":245,"column":5}},"type":"if","locations":[{"start":{"line":240,"column":4},"end":{"line":245,"column":5}},{"start":{},"end":{}}],"line":240},"11":{"loc":{"start":{"line":250,"column":22},"end":{"line":250,"column":48}},"type":"binary-expr","locations":[{"start":{"line":250,"column":22},"end":{"line":250,"column":34}},{"start":{"line":250,"column":38},"end":{"line":250,"column":48}}],"line":250},"12":{"loc":{"start":{"line":282,"column":4},"end":{"line":287,"column":5}},"type":"if","locations":[{"start":{"line":282,"column":4},"end":{"line":287,"column":5}},{"start":{},"end":{}}],"line":282},"13":{"loc":{"start":{"line":297,"column":4},"end":{"line":302,"column":5}},"type":"if","locations":[{"start":{"line":297,"column":4},"end":{"line":302,"column":5}},{"start":{},"end":{}}],"line":297},"14":{"loc":{"start":{"line":311,"column":4},"end":{"line":316,"column":5}},"type":"if","locations":[{"start":{"line":311,"column":4},"end":{"line":316,"column":5}},{"start":{},"end":{}}],"line":311},"15":{"loc":{"start":{"line":326,"column":23},"end":{"line":326,"column":55}},"type":"cond-expr","locations":[{"start":{"line":326,"column":35},"end":{"line":326,"column":48}},{"start":{"line":326,"column":51},"end":{"line":326,"column":55}}],"line":326}},"s":{"0":0,"1":0,"2":0,"3":0,"4":0,"5":0,"6":0,"7":0,"8":0,"9":0,"10":0,"11":0,"12":0,"13":0,"14":0,"15":0,"16":0,"17":0,"18":0,"19":0,"20":0,"21":0,"22":0,"23":0,"24":0,"25":0,"26":0,"27":0,"28":0,"29":0,"30":0,"31":0,"32":0,"33":0,"34":0,"35":0,"36":0,"37":0,"38":0,"39":0,"40":0,"41":0,"42":0,"43":0,"44":0,"45":0,"46":0,"47":0,"48":0,"49":0,"50":0,"51":0,"52":0,"53":0,"54":0,"55":0,"56":0,"57":0,"58":0,"59":0,"60":0,"61":0,"62":0,"63":0,"64":0,"65":0,"66":0,"67":0,"68":0,"69":0,"70":0,"71":0,"72":0,"73":0,"74":0,"75":0,"76":0,"77":0,"78":0,"79":0,"80":0,"81":0,"82":0},"f":{"0":0,"1":0,"2":0,"3":0,"4":0},"b":{"0":[0,0],"1":[0,0],"2":[0,0],"3":[0,0],"4":[0,0],"5":[0,0],"6":[0,0],"7":[0,0],"8":[0,0],"9":[0,0],"10":[0,0],"11":[0,0],"12":[0,0],"13":[0,0],"14":[0,0],"15":[0,0]}}
,"C:\\项目开发\\游戏商店平台项目开发\\backend\\controllers\\gameController.js": {"path":"C:\\项目开发\\游戏商店平台项目开发\\backend\\controllers\\gameController.js","statementMap":{"0":{"start":{"line":9,"column":24},"end":{"line":119,"column":1}},"1":{"start":{"line":10,"column":2},"end":{"line":118,"column":3}},"2":{"start":{"line":23,"column":8},"end":{"line":23,"column":17}},"3":{"start":{"line":26,"column":26},"end":{"line":26,"column":108}},"4":{"start":{"line":26,"column":93},"end":{"line":26,"column":94}},"5":{"start":{"line":27,"column":21},"end":{"line":27,"column":85}},"6":{"start":{"line":27,"column":76},"end":{"line":27,"column":77}},"7":{"start":{"line":30,"column":28},"end":{"line":32,"column":5}},"8":{"start":{"line":35,"column":4},"end":{"line":39,"column":5}},"9":{"start":{"line":36,"column":6},"end":{"line":38,"column":7}},"10":{"start":{"line":42,"column":4},"end":{"line":44,"column":5}},"11":{"start":{"line":47,"column":20},"end":{"line":60,"column":5}},"12":{"start":{"line":63,"column":4},"end":{"line":67,"column":5}},"13":{"start":{"line":64,"column":6},"end":{"line":66,"column":7}},"14":{"start":{"line":70,"column":4},"end":{"line":74,"column":5}},"15":{"start":{"line":71,"column":6},"end":{"line":73,"column":7}},"16":{"start":{"line":77,"column":18},"end":{"line":79,"column":5}},"17":{"start":{"line":82,"column":19},"end":{"line":82,"column":37}},"18":{"start":{"line":85,"column":18},"end":{"line":92,"column":6}},"19":{"start":{"line":95,"column":23},"end":{"line":95,"column":53}},"20":{"start":{"line":98,"column":4},"end":{"line":110,"column":6}},"21":{"start":{"line":112,"column":4},"end":{"line":112,"column":37}},"22":{"start":{"line":113,"column":4},"end":{"line":117,"column":6}},"23":{"start":{"line":122,"column":27},"end":{"line":175,"column":1}},"24":{"start":{"line":123,"column":2},"end":{"line":174,"column":3}},"25":{"start":{"line":124,"column":19},"end":{"line":124,"column":29}},"26":{"start":{"line":127,"column":17},"end":{"line":153,"column":6}},"27":{"start":{"line":155,"column":4},"end":{"line":160,"column":5}},"28":{"start":{"line":156,"column":6},"end":{"line":159,"column":8}},"29":{"start":{"line":162,"column":4},"end":{"line":166,"column":6}},"30":{"start":{"line":168,"column":4},"end":{"line":168,"column":37}},"31":{"start":{"line":169,"column":4},"end":{"line":173,"column":6}},"32":{"start":{"line":178,"column":29},"end":{"line":197,"column":1}},"33":{"start":{"line":179,"column":2},"end":{"line":196,"column":3}},"34":{"start":{"line":180,"column":23},"end":{"line":182,"column":6}},"35":{"start":{"line":184,"column":4},"end":{"line":188,"column":6}},"36":{"start":{"line":190,"column":4},"end":{"line":190,"column":37}},"37":{"start":{"line":191,"column":4},"end":{"line":195,"column":6}},"38":{"start":{"line":200,"column":23},"end":{"line":219,"column":1}},"39":{"start":{"line":201,"column":2},"end":{"line":218,"column":3}},"40":{"start":{"line":202,"column":17},"end":{"line":204,"column":6}},"41":{"start":{"line":206,"column":4},"end":{"line":210,"column":6}},"42":{"start":{"line":212,"column":4},"end":{"line":212,"column":37}},"43":{"start":{"line":213,"column":4},"end":{"line":217,"column":6}},"44":{"start":{"line":222,"column":34},"end":{"line":279,"column":1}},"45":{"start":{"line":223,"column":2},"end":{"line":278,"column":3}},"46":{"start":{"line":224,"column":29},"end":{"line":224,"column":39}},"47":{"start":{"line":225,"column":37},"end":{"line":225,"column":46}},"48":{"start":{"line":228,"column":21},"end":{"line":230,"column":6}},"49":{"start":{"line":232,"column":4},"end":{"line":237,"column":5}},"50":{"start":{"line":233,"column":6},"end":{"line":236,"column":8}},"51":{"start":{"line":240,"column":19},"end":{"line":240,"column":37}},"52":{"start":{"line":243,"column":18},"end":{"line":264,"column":6}},"53":{"start":{"line":266,"column":4},"end":{"line":270,"column":6}},"54":{"start":{"line":272,"column":4},"end":{"line":272,"column":38}},"55":{"start":{"line":273,"column":4},"end":{"line":277,"column":6}},"56":{"start":{"line":282,"column":29},"end":{"line":339,"column":1}},"57":{"start":{"line":283,"column":2},"end":{"line":338,"column":3}},"58":{"start":{"line":284,"column":24},"end":{"line":284,"column":34}},"59":{"start":{"line":285,"column":37},"end":{"line":285,"column":46}},"60":{"start":{"line":288,"column":16},"end":{"line":290,"column":6}},"61":{"start":{"line":292,"column":4},"end":{"line":297,"column":5}},"62":{"start":{"line":293,"column":6},"end":{"line":296,"column":8}},"63":{"start":{"line":300,"column":19},"end":{"line":300,"column":37}},"64":{"start":{"line":303,"column":18},"end":{"line":324,"column":6}},"65":{"start":{"line":326,"column":4},"end":{"line":330,"column":6}},"66":{"start":{"line":332,"column":4},"end":{"line":332,"column":38}},"67":{"start":{"line":333,"column":4},"end":{"line":337,"column":6}},"68":{"start":{"line":342,"column":26},"end":{"line":417,"column":1}},"69":{"start":{"line":343,"column":2},"end":{"line":416,"column":3}},"70":{"start":{"line":344,"column":23},"end":{"line":344,"column":33}},"71":{"start":{"line":345,"column":23},"end":{"line":345,"column":31}},"72":{"start":{"line":348,"column":24},"end":{"line":348,"column":67}},"73":{"start":{"line":351,"column":17},"end":{"line":351,"column":44}},"74":{"start":{"line":352,"column":4},"end":{"line":357,"column":5}},"75":{"start":{"line":353,"column":6},"end":{"line":356,"column":8}},"76":{"start":{"line":360,"column":29},"end":{"line":365,"column":6}},"77":{"start":{"line":367,"column":4},"end":{"line":372,"column":5}},"78":{"start":{"line":368,"column":6},"end":{"line":371,"column":8}},"79":{"start":{"line":375,"column":4},"end":{"line":380,"column":5}},"80":{"start":{"line":376,"column":6},"end":{"line":379,"column":8}},"81":{"start":{"line":383,"column":4},"end":{"line":388,"column":5}},"82":{"start":{"line":384,"column":6},"end":{"line":387,"column":8}},"83":{"start":{"line":391,"column":26},"end":{"line":391,"column":46}},"84":{"start":{"line":392,"column":25},"end":{"line":392,"column":53}},"85":{"start":{"line":395,"column":4},"end":{"line":395,"column":88}},"86":{"start":{"line":397,"column":4},"end":{"line":408,"column":6}},"87":{"start":{"line":410,"column":4},"end":{"line":410,"column":35}},"88":{"start":{"line":411,"column":4},"end":{"line":415,"column":6}},"89":{"start":{"line":420,"column":27},"end":{"line":492,"column":1}},"90":{"start":{"line":421,"column":2},"end":{"line":491,"column":3}},"91":{"start":{"line":422,"column":23},"end":{"line":422,"column":33}},"92":{"start":{"line":423,"column":23},"end":{"line":423,"column":31}},"93":{"start":{"line":426,"column":24},"end":{"line":426,"column":67}},"94":{"start":{"line":429,"column":17},"end":{"line":429,"column":44}},"95":{"start":{"line":430,"column":4},"end":{"line":435,"column":5}},"96":{"start":{"line":431,"column":6},"end":{"line":434,"column":8}},"97":{"start":{"line":438,"column":27},"end":{"line":443,"column":6}},"98":{"start":{"line":445,"column":4},"end":{"line":450,"column":5}},"99":{"start":{"line":446,"column":6},"end":{"line":449,"column":8}},"100":{"start":{"line":453,"column":4},"end":{"line":458,"column":5}},"101":{"start":{"line":454,"column":6},"end":{"line":457,"column":8}},"102":{"start":{"line":461,"column":27},"end":{"line":461,"column":60}},"103":{"start":{"line":464,"column":4},"end":{"line":467,"column":6}},"104":{"start":{"line":470,"column":4},"end":{"line":470,"column":98}},"105":{"start":{"line":472,"column":4},"end":{"line":483,"column":6}},"106":{"start":{"line":485,"column":4},"end":{"line":485,"column":35}},"107":{"start":{"line":486,"column":4},"end":{"line":490,"column":6}},"108":{"start":{"line":495,"column":26},"end":{"line":533,"column":1}},"109":{"start":{"line":496,"column":2},"end":{"line":532,"column":3}},"110":{"start":{"line":497,"column":23},"end":{"line":497,"column":33}},"111":{"start":{"line":498,"column":23},"end":{"line":498,"column":31}},"112":{"start":{"line":501,"column":17},"end":{"line":501,"column":44}},"113":{"start":{"line":502,"column":4},"end":{"line":507,"column":5}},"114":{"start":{"line":503,"column":6},"end":{"line":506,"column":8}},"115":{"start":{"line":514,"column":4},"end":{"line":524,"column":6}},"116":{"start":{"line":526,"column":4},"end":{"line":526,"column":35}},"117":{"start":{"line":527,"column":4},"end":{"line":531,"column":6}},"118":{"start":{"line":536,"column":41},"end":{"line":565,"column":1}},"119":{"start":{"line":537,"column":2},"end":{"line":564,"column":3}},"120":{"start":{"line":538,"column":31},"end":{"line":538,"column":41}},"121":{"start":{"line":544,"column":4},"end":{"line":556,"column":6}},"122":{"start":{"line":558,"column":4},"end":{"line":558,"column":37}},"123":{"start":{"line":559,"column":4},"end":{"line":563,"column":6}},"124":{"start":{"line":568,"column":39},"end":{"line":713,"column":1}},"125":{"start":{"line":569,"column":2},"end":{"line":712,"column":3}},"126":{"start":{"line":570,"column":23},"end":{"line":570,"column":33}},"127":{"start":{"line":571,"column":23},"end":{"line":571,"column":31}},"128":{"start":{"line":574,"column":17},"end":{"line":580,"column":6}},"129":{"start":{"line":581,"column":4},"end":{"line":586,"column":5}},"130":{"start":{"line":582,"column":6},"end":{"line":585,"column":8}},"131":{"start":{"line":589,"column":32},"end":{"line":589,"column":92}},"132":{"start":{"line":589,"column":69},"end":{"line":589,"column":91}},"133":{"start":{"line":590,"column":36},"end":{"line":590,"column":100}},"134":{"start":{"line":590,"column":73},"end":{"line":590,"column":99}},"135":{"start":{"line":592,"column":4},"end":{"line":597,"column":5}},"136":{"start":{"line":593,"column":6},"end":{"line":596,"column":8}},"137":{"start":{"line":600,"column":29},"end":{"line":606,"column":5}},"138":{"start":{"line":609,"column":38},"end":{"line":615,"column":5}},"139":{"start":{"line":617,"column":42},"end":{"line":623,"column":12}},"140":{"start":{"line":626,"column":19},"end":{"line":626,"column":21}},"141":{"start":{"line":629,"column":4},"end":{"line":637,"column":5}},"142":{"start":{"line":630,"column":6},"end":{"line":636,"column":8}},"143":{"start":{"line":639,"column":4},"end":{"line":647,"column":5}},"144":{"start":{"line":640,"column":6},"end":{"line":646,"column":8}},"145":{"start":{"line":650,"column":4},"end":{"line":681,"column":5}},"146":{"start":{"line":651,"column":6},"end":{"line":659,"column":7}},"147":{"start":{"line":652,"column":8},"end":{"line":658,"column":10}},"148":{"start":{"line":661,"column":6},"end":{"line":669,"column":7}},"149":{"start":{"line":662,"column":8},"end":{"line":668,"column":10}},"150":{"start":{"line":672,"column":6},"end":{"line":680,"column":7}},"151":{"start":{"line":673,"column":8},"end":{"line":679,"column":10}},"152":{"start":{"line":684,"column":25},"end":{"line":684,"column":97}},"153":{"start":{"line":684,"column":48},"end":{"line":684,"column":83}},"154":{"start":{"line":685,"column":29},"end":{"line":687,"column":10}},"155":{"start":{"line":686,"column":29},"end":{"line":686,"column":68}},"156":{"start":{"line":690,"column":4},"end":{"line":690,"column":106}},"157":{"start":{"line":692,"column":4},"end":{"line":704,"column":6}},"158":{"start":{"line":706,"column":4},"end":{"line":706,"column":37}},"159":{"start":{"line":707,"column":4},"end":{"line":711,"column":6}},"160":{"start":{"line":716,"column":28},"end":{"line":804,"column":1}},"161":{"start":{"line":717,"column":2},"end":{"line":803,"column":3}},"162":{"start":{"line":718,"column":23},"end":{"line":718,"column":33}},"163":{"start":{"line":719,"column":23},"end":{"line":719,"column":31}},"164":{"start":{"line":720,"column":21},"end":{"line":720,"column":29}},"165":{"start":{"line":723,"column":21},"end":{"line":723,"column":61}},"166":{"start":{"line":724,"column":24},"end":{"line":724,"column":67}},"167":{"start":{"line":725,"column":22},"end":{"line":725,"column":63}},"168":{"start":{"line":728,"column":29},"end":{"line":733,"column":6}},"169":{"start":{"line":735,"column":4},"end":{"line":740,"column":5}},"170":{"start":{"line":736,"column":6},"end":{"line":739,"column":8}},"171":{"start":{"line":743,"column":78},"end":{"line":743,"column":86}},"172":{"start":{"line":745,"column":4},"end":{"line":750,"column":5}},"173":{"start":{"line":746,"column":6},"end":{"line":749,"column":8}},"174":{"start":{"line":753,"column":21},"end":{"line":753,"column":76}},"175":{"start":{"line":756,"column":32},"end":{"line":768,"column":6}},"176":{"start":{"line":771,"column":4},"end":{"line":777,"column":5}},"177":{"start":{"line":772,"column":6},"end":{"line":776,"column":8}},"178":{"start":{"line":780,"column":4},"end":{"line":780,"column":103}},"179":{"start":{"line":782,"column":4},"end":{"line":795,"column":6}},"180":{"start":{"line":797,"column":4},"end":{"line":797,"column":37}},"181":{"start":{"line":798,"column":4},"end":{"line":802,"column":6}},"182":{"start":{"line":807,"column":27},"end":{"line":868,"column":1}},"183":{"start":{"line":808,"column":2},"end":{"line":867,"column":3}},"184":{"start":{"line":809,"column":23},"end":{"line":809,"column":33}},"185":{"start":{"line":810,"column":23},"end":{"line":810,"column":31}},"186":{"start":{"line":811,"column":37},"end":{"line":811,"column":46}},"187":{"start":{"line":814,"column":21},"end":{"line":814,"column":61}},"188":{"start":{"line":815,"column":24},"end":{"line":815,"column":67}},"189":{"start":{"line":818,"column":29},"end":{"line":823,"column":6}},"190":{"start":{"line":825,"column":4},"end":{"line":830,"column":5}},"191":{"start":{"line":826,"column":6},"end":{"line":829,"column":8}},"192":{"start":{"line":833,"column":28},"end":{"line":836,"column":5}},"193":{"start":{"line":838,"column":4},"end":{"line":840,"column":5}},"194":{"start":{"line":839,"column":6},"end":{"line":839,"column":43}},"195":{"start":{"line":842,"column":4},"end":{"line":844,"column":5}},"196":{"start":{"line":843,"column":6},"end":{"line":843,"column":43}},"197":{"start":{"line":847,"column":21},"end":{"line":850,"column":6}},"198":{"start":{"line":852,"column":4},"end":{"line":859,"column":6}},"199":{"start":{"line":861,"column":4},"end":{"line":861,"column":37}},"200":{"start":{"line":862,"column":4},"end":{"line":866,"column":6}},"201":{"start":{"line":871,"column":30},"end":{"line":931,"column":1}},"202":{"start":{"line":872,"column":2},"end":{"line":930,"column":3}},"203":{"start":{"line":873,"column":31},"end":{"line":873,"column":41}},"204":{"start":{"line":874,"column":23},"end":{"line":874,"column":31}},"205":{"start":{"line":877,"column":21},"end":{"line":877,"column":61}},"206":{"start":{"line":878,"column":24},"end":{"line":878,"column":67}},"207":{"start":{"line":881,"column":29},"end":{"line":886,"column":6}},"208":{"start":{"line":888,"column":4},"end":{"line":893,"column":5}},"209":{"start":{"line":889,"column":6},"end":{"line":892,"column":8}},"210":{"start":{"line":896,"column":25},"end":{"line":902,"column":6}},"211":{"start":{"line":904,"column":4},"end":{"line":909,"column":5}},"212":{"start":{"line":905,"column":6},"end":{"line":908,"column":8}},"213":{"start":{"line":912,"column":4},"end":{"line":912,"column":111}},"214":{"start":{"line":914,"column":4},"end":{"line":922,"column":6}},"215":{"start":{"line":924,"column":4},"end":{"line":924,"column":37}},"216":{"start":{"line":925,"column":4},"end":{"line":929,"column":6}},"217":{"start":{"line":934,"column":26},"end":{"line":1018,"column":1}},"218":{"start":{"line":935,"column":2},"end":{"line":1017,"column":3}},"219":{"start":{"line":936,"column":23},"end":{"line":936,"column":31}},"220":{"start":{"line":950,"column":8},"end":{"line":950,"column":16}},"221":{"start":{"line":953,"column":4},"end":{"line":958,"column":5}},"222":{"start":{"line":954,"column":6},"end":{"line":957,"column":8}},"223":{"start":{"line":961,"column":22},"end":{"line":961,"column":63}},"224":{"start":{"line":962,"column":22},"end":{"line":962,"column":77}},"225":{"start":{"line":963,"column":4},"end":{"line":968,"column":5}},"226":{"start":{"line":964,"column":6},"end":{"line":967,"column":8}},"227":{"start":{"line":971,"column":17},"end":{"line":984,"column":6}},"228":{"start":{"line":987,"column":4},"end":{"line":992,"column":5}},"229":{"start":{"line":988,"column":30},"end":{"line":990,"column":8}},"230":{"start":{"line":991,"column":6},"end":{"line":991,"column":47}},"231":{"start":{"line":995,"column":4},"end":{"line":1000,"column":5}},"232":{"start":{"line":996,"column":25},"end":{"line":998,"column":8}},"233":{"start":{"line":999,"column":6},"end":{"line":999,"column":36}},"234":{"start":{"line":1003,"column":4},"end":{"line":1003,"column":99}},"235":{"start":{"line":1005,"column":4},"end":{"line":1009,"column":6}},"236":{"start":{"line":1011,"column":4},"end":{"line":1011,"column":35}},"237":{"start":{"line":1012,"column":4},"end":{"line":1016,"column":6}},"238":{"start":{"line":1021,"column":33},"end":{"line":1086,"column":1}},"239":{"start":{"line":1022,"column":2},"end":{"line":1085,"column":3}},"240":{"start":{"line":1023,"column":23},"end":{"line":1023,"column":33}},"241":{"start":{"line":1024,"column":23},"end":{"line":1024,"column":31}},"242":{"start":{"line":1025,"column":23},"end":{"line":1025,"column":31}},"243":{"start":{"line":1028,"column":22},"end":{"line":1028,"column":63}},"244":{"start":{"line":1029,"column":22},"end":{"line":1029,"column":77}},"245":{"start":{"line":1030,"column":4},"end":{"line":1035,"column":5}},"246":{"start":{"line":1031,"column":6},"end":{"line":1034,"column":8}},"247":{"start":{"line":1038,"column":17},"end":{"line":1043,"column":6}},"248":{"start":{"line":1044,"column":4},"end":{"line":1049,"column":5}},"249":{"start":{"line":1045,"column":6},"end":{"line":1048,"column":8}},"250":{"start":{"line":1052,"column":4},"end":{"line":1052,"column":33}},"251":{"start":{"line":1055,"column":4},"end":{"line":1060,"column":5}},"252":{"start":{"line":1056,"column":30},"end":{"line":1058,"column":8}},"253":{"start":{"line":1059,"column":6},"end":{"line":1059,"column":47}},"254":{"start":{"line":1063,"column":4},"end":{"line":1068,"column":5}},"255":{"start":{"line":1064,"column":25},"end":{"line":1066,"column":8}},"256":{"start":{"line":1067,"column":6},"end":{"line":1067,"column":36}},"257":{"start":{"line":1071,"column":4},"end":{"line":1071,"column":99}},"258":{"start":{"line":1073,"column":4},"end":{"line":1077,"column":6}},"259":{"start":{"line":1079,"column":4},"end":{"line":1079,"column":35}},"260":{"start":{"line":1080,"column":4},"end":{"line":1084,"column":6}},"261":{"start":{"line":1089,"column":35},"end":{"line":1137,"column":1}},"262":{"start":{"line":1090,"column":2},"end":{"line":1136,"column":3}},"263":{"start":{"line":1091,"column":23},"end":{"line":1091,"column":33}},"264":{"start":{"line":1092,"column":23},"end":{"line":1092,"column":31}},"265":{"start":{"line":1095,"column":22},"end":{"line":1095,"column":63}},"266":{"start":{"line":1096,"column":22},"end":{"line":1096,"column":77}},"267":{"start":{"line":1097,"column":4},"end":{"line":1102,"column":5}},"268":{"start":{"line":1098,"column":6},"end":{"line":1101,"column":8}},"269":{"start":{"line":1105,"column":17},"end":{"line":1110,"column":6}},"270":{"start":{"line":1111,"column":4},"end":{"line":1116,"column":5}},"271":{"start":{"line":1112,"column":6},"end":{"line":1115,"column":8}},"272":{"start":{"line":1119,"column":4},"end":{"line":1119,"column":44}},"273":{"start":{"line":1122,"column":4},"end":{"line":1122,"column":112}},"274":{"start":{"line":1124,"column":4},"end":{"line":1128,"column":6}},"275":{"start":{"line":1130,"column":4},"end":{"line":1130,"column":37}},"276":{"start":{"line":1131,"column":4},"end":{"line":1135,"column":6}},"277":{"start":{"line":1140,"column":33},"end":{"line":1207,"column":1}},"278":{"start":{"line":1141,"column":2},"end":{"line":1206,"column":3}},"279":{"start":{"line":1142,"column":23},"end":{"line":1142,"column":33}},"280":{"start":{"line":1143,"column":23},"end":{"line":1143,"column":31}},"281":{"start":{"line":1144,"column":73},"end":{"line":1144,"column":81}},"282":{"start":{"line":1147,"column":4},"end":{"line":1152,"column":5}},"283":{"start":{"line":1148,"column":6},"end":{"line":1151,"column":8}},"284":{"start":{"line":1155,"column":22},"end":{"line":1155,"column":63}},"285":{"start":{"line":1156,"column":22},"end":{"line":1156,"column":77}},"286":{"start":{"line":1157,"column":4},"end":{"line":1162,"column":5}},"287":{"start":{"line":1158,"column":6},"end":{"line":1161,"column":8}},"288":{"start":{"line":1165,"column":17},"end":{"line":1170,"column":6}},"289":{"start":{"line":1171,"column":4},"end":{"line":1176,"column":5}},"290":{"start":{"line":1172,"column":6},"end":{"line":1175,"column":8}},"291":{"start":{"line":1179,"column":24},"end":{"line":1186,"column":6}},"292":{"start":{"line":1189,"column":4},"end":{"line":1189,"column":57}},"293":{"start":{"line":1192,"column":4},"end":{"line":1192,"column":129}},"294":{"start":{"line":1194,"column":4},"end":{"line":1198,"column":6}},"295":{"start":{"line":1200,"column":4},"end":{"line":1200,"column":37}},"296":{"start":{"line":1201,"column":4},"end":{"line":1205,"column":6}},"297":{"start":{"line":1210,"column":43},"end":{"line":1275,"column":1}},"298":{"start":{"line":1211,"column":2},"end":{"line":1274,"column":3}},"299":{"start":{"line":1212,"column":23},"end":{"line":1212,"column":33}},"300":{"start":{"line":1213,"column":23},"end":{"line":1213,"column":31}},"301":{"start":{"line":1214,"column":75},"end":{"line":1214,"column":83}},"302":{"start":{"line":1217,"column":4},"end":{"line":1222,"column":5}},"303":{"start":{"line":1218,"column":6},"end":{"line":1221,"column":8}},"304":{"start":{"line":1225,"column":22},"end":{"line":1225,"column":63}},"305":{"start":{"line":1226,"column":22},"end":{"line":1226,"column":77}},"306":{"start":{"line":1227,"column":4},"end":{"line":1232,"column":5}},"307":{"start":{"line":1228,"column":6},"end":{"line":1231,"column":8}},"308":{"start":{"line":1235,"column":17},"end":{"line":1240,"column":6}},"309":{"start":{"line":1241,"column":4},"end":{"line":1246,"column":5}},"310":{"start":{"line":1242,"column":6},"end":{"line":1245,"column":8}},"311":{"start":{"line":1249,"column":30},"end":{"line":1257,"column":6}},"312":{"start":{"line":1260,"column":4},"end":{"line":1260,"column":122}},"313":{"start":{"line":1262,"column":4},"end":{"line":1266,"column":6}},"314":{"start":{"line":1268,"column":4},"end":{"line":1268,"column":39}},"315":{"start":{"line":1269,"column":4},"end":{"line":1273,"column":6}}},"fnMap":{"0":{"name":"(anonymous_0)","decl":{"start":{"line":9,"column":24},"end":{"line":9,"column":25}},"loc":{"start":{"line":9,"column":44},"end":{"line":119,"column":1}},"line":9},"1":{"name":"(anonymous_1)","decl":{"start":{"line":26,"column":88},"end":{"line":26,"column":89}},"loc":{"start":{"line":26,"column":93},"end":{"line":26,"column":94}},"line":26},"2":{"name":"(anonymous_2)","decl":{"start":{"line":27,"column":71},"end":{"line":27,"column":72}},"loc":{"start":{"line":27,"column":76},"end":{"line":27,"column":77}},"line":27},"3":{"name":"(anonymous_3)","decl":{"start":{"line":122,"column":27},"end":{"line":122,"column":28}},"loc":{"start":{"line":122,"column":47},"end":{"line":175,"column":1}},"line":122},"4":{"name":"(anonymous_4)","decl":{"start":{"line":178,"column":29},"end":{"line":178,"column":30}},"loc":{"start":{"line":178,"column":49},"end":{"line":197,"column":1}},"line":178},"5":{"name":"(anonymous_5)","decl":{"start":{"line":200,"column":23},"end":{"line":200,"column":24}},"loc":{"start":{"line":200,"column":43},"end":{"line":219,"column":1}},"line":200},"6":{"name":"(anonymous_6)","decl":{"start":{"line":222,"column":34},"end":{"line":222,"column":35}},"loc":{"start":{"line":222,"column":54},"end":{"line":279,"column":1}},"line":222},"7":{"name":"(anonymous_7)","decl":{"start":{"line":282,"column":29},"end":{"line":282,"column":30}},"loc":{"start":{"line":282,"column":49},"end":{"line":339,"column":1}},"line":282},"8":{"name":"(anonymous_8)","decl":{"start":{"line":342,"column":26},"end":{"line":342,"column":27}},"loc":{"start":{"line":342,"column":46},"end":{"line":417,"column":1}},"line":342},"9":{"name":"(anonymous_9)","decl":{"start":{"line":420,"column":27},"end":{"line":420,"column":28}},"loc":{"start":{"line":420,"column":47},"end":{"line":492,"column":1}},"line":420},"10":{"name":"(anonymous_10)","decl":{"start":{"line":495,"column":26},"end":{"line":495,"column":27}},"loc":{"start":{"line":495,"column":46},"end":{"line":533,"column":1}},"line":495},"11":{"name":"(anonymous_11)","decl":{"start":{"line":536,"column":41},"end":{"line":536,"column":42}},"loc":{"start":{"line":536,"column":61},"end":{"line":565,"column":1}},"line":536},"12":{"name":"(anonymous_12)","decl":{"start":{"line":568,"column":39},"end":{"line":568,"column":40}},"loc":{"start":{"line":568,"column":59},"end":{"line":713,"column":1}},"line":568},"13":{"name":"(anonymous_13)","decl":{"start":{"line":589,"column":62},"end":{"line":589,"column":63}},"loc":{"start":{"line":589,"column":69},"end":{"line":589,"column":91}},"line":589},"14":{"name":"(anonymous_14)","decl":{"start":{"line":590,"column":66},"end":{"line":590,"column":67}},"loc":{"start":{"line":590,"column":73},"end":{"line":590,"column":99}},"line":590},"15":{"name":"(anonymous_15)","decl":{"start":{"line":684,"column":39},"end":{"line":684,"column":40}},"loc":{"start":{"line":684,"column":48},"end":{"line":684,"column":83}},"line":684},"16":{"name":"(anonymous_16)","decl":{"start":{"line":686,"column":20},"end":{"line":686,"column":21}},"loc":{"start":{"line":686,"column":29},"end":{"line":686,"column":68}},"line":686},"17":{"name":"(anonymous_17)","decl":{"start":{"line":716,"column":28},"end":{"line":716,"column":29}},"loc":{"start":{"line":716,"column":48},"end":{"line":804,"column":1}},"line":716},"18":{"name":"(anonymous_18)","decl":{"start":{"line":807,"column":27},"end":{"line":807,"column":28}},"loc":{"start":{"line":807,"column":47},"end":{"line":868,"column":1}},"line":807},"19":{"name":"(anonymous_19)","decl":{"start":{"line":871,"column":30},"end":{"line":871,"column":31}},"loc":{"start":{"line":871,"column":50},"end":{"line":931,"column":1}},"line":871},"20":{"name":"(anonymous_20)","decl":{"start":{"line":934,"column":26},"end":{"line":934,"column":27}},"loc":{"start":{"line":934,"column":46},"end":{"line":1018,"column":1}},"line":934},"21":{"name":"(anonymous_21)","decl":{"start":{"line":1021,"column":33},"end":{"line":1021,"column":34}},"loc":{"start":{"line":1021,"column":53},"end":{"line":1086,"column":1}},"line":1021},"22":{"name":"(anonymous_22)","decl":{"start":{"line":1089,"column":35},"end":{"line":1089,"column":36}},"loc":{"start":{"line":1089,"column":55},"end":{"line":1137,"column":1}},"line":1089},"23":{"name":"(anonymous_23)","decl":{"start":{"line":1140,"column":33},"end":{"line":1140,"column":34}},"loc":{"start":{"line":1140,"column":53},"end":{"line":1207,"column":1}},"line":1140},"24":{"name":"(anonymous_24)","decl":{"start":{"line":1210,"column":43},"end":{"line":1210,"column":44}},"loc":{"start":{"line":1210,"column":63},"end":{"line":1275,"column":1}},"line":1210}},"branchMap":{"0":{"loc":{"start":{"line":13,"column":6},"end":{"line":13,"column":14}},"type":"default-arg","locations":[{"start":{"line":13,"column":13},"end":{"line":13,"column":14}}],"line":13},"1":{"loc":{"start":{"line":14,"column":6},"end":{"line":14,"column":16}},"type":"default-arg","locations":[{"start":{"line":14,"column":14},"end":{"line":14,"column":16}}],"line":14},"2":{"loc":{"start":{"line":15,"column":6},"end":{"line":15,"column":17}},"type":"default-arg","locations":[{"start":{"line":15,"column":15},"end":{"line":15,"column":17}}],"line":15},"3":{"loc":{"start":{"line":16,"column":6},"end":{"line":16,"column":21}},"type":"default-arg","locations":[{"start":{"line":16,"column":19},"end":{"line":16,"column":21}}],"line":16},"4":{"loc":{"start":{"line":17,"column":6},"end":{"line":17,"column":15}},"type":"default-arg","locations":[{"start":{"line":17,"column":13},"end":{"line":17,"column":15}}],"line":17},"5":{"loc":{"start":{"line":18,"column":6},"end":{"line":18,"column":18}},"type":"default-arg","locations":[{"start":{"line":18,"column":17},"end":{"line":18,"column":18}}],"line":18},"6":{"loc":{"start":{"line":19,"column":6},"end":{"line":19,"column":21}},"type":"default-arg","locations":[{"start":{"line":19,"column":17},"end":{"line":19,"column":21}}],"line":19},"7":{"loc":{"start":{"line":20,"column":6},"end":{"line":20,"column":29}},"type":"default-arg","locations":[{"start":{"line":20,"column":15},"end":{"line":20,"column":29}}],"line":20},"8":{"loc":{"start":{"line":21,"column":6},"end":{"line":21,"column":24}},"type":"default-arg","locations":[{"start":{"line":21,"column":18},"end":{"line":21,"column":24}}],"line":21},"9":{"loc":{"start":{"line":22,"column":6},"end":{"line":22,"column":25}},"type":"default-arg","locations":[{"start":{"line":22,"column":15},"end":{"line":22,"column":25}}],"line":22},"10":{"loc":{"start":{"line":26,"column":26},"end":{"line":26,"column":108}},"type":"cond-expr","locations":[{"start":{"line":26,"column":59},"end":{"line":26,"column":95}},{"start":{"line":26,"column":98},"end":{"line":26,"column":108}}],"line":26},"11":{"loc":{"start":{"line":27,"column":21},"end":{"line":27,"column":85}},"type":"cond-expr","locations":[{"start":{"line":27,"column":48},"end":{"line":27,"column":78}},{"start":{"line":27,"column":81},"end":{"line":27,"column":85}}],"line":27},"12":{"loc":{"start":{"line":31,"column":14},"end":{"line":31,"column":90}},"type":"cond-expr","locations":[{"start":{"line":31,"column":33},"end":{"line":31,"column":81}},{"start":{"line":31,"column":84},"end":{"line":31,"column":90}}],"line":31},"13":{"loc":{"start":{"line":35,"column":4},"end":{"line":39,"column":5}},"type":"if","locations":[{"start":{"line":35,"column":4},"end":{"line":39,"column":5}},{"start":{},"end":{}}],"line":35},"14":{"loc":{"start":{"line":63,"column":4},"end":{"line":67,"column":5}},"type":"if","locations":[{"start":{"line":63,"column":4},"end":{"line":67,"column":5}},{"start":{},"end":{}}],"line":63},"15":{"loc":{"start":{"line":70,"column":4},"end":{"line":74,"column":5}},"type":"if","locations":[{"start":{"line":70,"column":4},"end":{"line":74,"column":5}},{"start":{},"end":{}}],"line":70},"16":{"loc":{"start":{"line":155,"column":4},"end":{"line":160,"column":5}},"type":"if","locations":[{"start":{"line":155,"column":4},"end":{"line":160,"column":5}},{"start":{},"end":{}}],"line":155},"17":{"loc":{"start":{"line":225,"column":12},"end":{"line":225,"column":20}},"type":"default-arg","locations":[{"start":{"line":225,"column":19},"end":{"line":225,"column":20}}],"line":225},"18":{"loc":{"start":{"line":225,"column":22},"end":{"line":225,"column":32}},"type":"default-arg","locations":[{"start":{"line":225,"column":30},"end":{"line":225,"column":32}}],"line":225},"19":{"loc":{"start":{"line":232,"column":4},"end":{"line":237,"column":5}},"type":"if","locations":[{"start":{"line":232,"column":4},"end":{"line":237,"column":5}},{"start":{},"end":{}}],"line":232},"20":{"loc":{"start":{"line":285,"column":12},"end":{"line":285,"column":20
[...]
{"name":"(anonymous_1)","decl":{"start":{"line":65,"column":25},"end":{"line":65,"column":26}},"loc":{"start":{"line":65,"column":39},"end":{"line":76,"column":1}},"line":65},"2":{"name":"(anonymous_2)","decl":{"start":{"line":66,"column":9},"end":{"line":66,"column":10}},"loc":{"start":{"line":66,"column":29},"end":{"line":75,"column":3}},"line":66},"3":{"name":"(anonymous_3)","decl":{"start":{"line":79,"column":27},"end":{"line":79,"column":28}},"loc":{"start":{"line":79,"column":47},"end":{"line":88,"column":1}},"line":79},"4":{"name":"(anonymous_4)","decl":{"start":{"line":91,"column":23},"end":{"line":91,"column":24}},"loc":{"start":{"line":91,"column":43},"end":{"line":100,"column":1}},"line":91}},"branchMap":{"0":{"loc":{"start":{"line":10,"column":4},"end":{"line":15,"column":5}},"type":"if","locations":[{"start":{"line":10,"column":4},"end":{"line":15,"column":5}},{"start":{},"end":{}}],"line":10},"1":{"loc":{"start":{"line":10,"column":8},"end":{"line":10,"column":56}},"type":"binary-expr","locations":[{"start":{"line":10,"column":8},"end":{"line":10,"column":19}},{"start":{"line":10,"column":23},"end":{"line":10,"column":56}}],"line":10},"2":{"loc":{"start":{"line":30,"column":4},"end":{"line":35,"column":5}},"type":"if","locations":[{"start":{"line":30,"column":4},"end":{"line":35,"column":5}},{"start":{},"end":{}}],"line":30},"3":{"loc":{"start":{"line":42,"column":4},"end":{"line":47,"column":5}},"type":"if","locations":[{"start":{"line":42,"column":4},"end":{"line":47,"column":5}},{"start":{},"end":{}}],"line":42},"4":{"loc":{"start":{"line":49,"column":4},"end":{"line":54,"column":5}},"type":"if","locations":[{"start":{"line":49,"column":4},"end":{"line":54,"column":5}},{"start":{},"end":{}}],"line":49},"5":{"loc":{"start":{"line":67,"column":4},"end":{"line":72,"column":5}},"type":"if","locations":[{"start":{"line":67,"column":4},"end":{"line":72,"column":5}},{"start":{},"end":{}}],"line":67},"6":{"loc":{"start":{"line":80,"column":2},"end":{"line":85,"column":3}},"type":"if","locations":[{"start":{"line":80,"column":2},"end":{"line":85,"column":3}},{"start":{},"end":{}}],"line":80},"7":{"loc":{"start":{"line":92,"column":2},"end":{"line":97,"column":3}},"type":"if","locations":[{"start":{"line":92,"column":2},"end":{"line":97,"column":3}},{"start":{},"end":{}}],"line":92}},"s":{"0":0,"1":0,"2":0,"3":0,"4":0,"5":0,"6":0,"7":0,"8":0,"9":0,"10":0,"11":0,"12":0,"13":0,"14":0,"15":0,"16":0,"17":0,"18":0,"19":0,"20":0,"21":0,"22":0,"23":0,"24":0,"25":0,"26":0,"27":0,"28":0,"29":0},"f":{"0":0,"1":0,"2":0,"3":0,"4":0},"b":{"0":[0,0],"1":[0,0],"2":[0,0],"3":[0,0],"4":[0,0],"5":[0,0],"6":[0,0],"7":[0,0]}}
,"C:\\项目开发\\游戏商店平台项目开发\\backend\\models\\Developer.js": {"path":"C:\\项目开发\\游戏商店平台项目开发\\backend\\models\\Developer.js","statementMap":{"0":{"start":{"line":5,"column":18},"end":{"line":50,"column":2}},"1":{"start":{"line":53,"column":0},"end":{"line":81,"column":1}},"2":{"start":{"line":55,"column":2},"end":{"line":59,"column":4}},"3":{"start":{"line":62,"column":2},"end":{"line":66,"column":4}},"4":{"start":{"line":69,"column":2},"end":{"line":73,"column":4}},"5":{"start":{"line":76,"column":2},"end":{"line":80,"column":4}}},"fnMap":{"0":{"name":"(anonymous_0)","decl":{"start":{"line":53,"column":22},"end":{"line":53,"column":23}},"loc":{"start":{"line":53,"column":34},"end":{"line":81,"column":1}},"line":53}},"branchMap":{},"s":{"0":0,"1":0,"2":0,"3":0,"4":0,"5":0},"f":{"0":0},"b":{}}
,"C:\\项目开发\\游戏商店平台项目开发\\backend\\models\\DeveloperFinance.js": {"path":"C:\\项目开发\\游戏商店平台项目开发\\backend\\models\\DeveloperFinance.js","statementMap":{"0":{"start":{"line":5,"column":25},"end":{"line":80,"column":2}},"1":{"start":{"line":83,"column":0},"end":{"line":90,"column":1}},"2":{"start":{"line":85,"column":2},"end":{"line":89,"column":4}}},"fnMap":{"0":{"name":"(anonymous_0)","decl":{"start":{"line":83,"column":29},"end":{"line":83,"column":30}},"loc":{"start":{"line":83,"column":41},"end":{"line":90,"column":1}},"line":83}},"branchMap":{},"s":{"0":0,"1":0,"2":0},"f":{"0":0},"b":{}}
,"C:\\项目开发\\游戏商店平台项目开发\\backend\\models\\Game.js": {"path":"C:\\项目开发\\游戏商店平台项目开发\\backend\\models\\Game.js","statementMap":{"0":{"start":{"line":5,"column":13},"end":{"line":157,"column":2}},"1":{"start":{"line":54,"column":8},"end":{"line":56,"column":9}},"2":{"start":{"line":55,"column":10},"end":{"line":55,"column":39}},"3":{"start":{"line":160,"column":0},"end":{"line":216,"column":1}},"4":{"start":{"line":162,"column":2},"end":{"line":166,"column":4}},"5":{"start":{"line":169,"column":2},"end":{"line":173,"column":4}},"6":{"start":{"line":176,"column":2},"end":{"line":180,"column":4}},"7":{"start":{"line":183,"column":2},"end":{"line":187,"column":4}},"8":{"start":{"line":190,"column":2},"end":{"line":194,"column":4}},"9":{"start":{"line":197,"column":2},"end":{"line":201,"column":4}},"10":{"start":{"line":204,"column":2},"end":{"line":208,"column":4}},"11":{"start":{"line":211,"column":2},"end":{"line":215,"column":4}}},"fnMap":{"0":{"name":"(anonymous_0)","decl":{"start":{"line":53,"column":6},"end":{"line":53,"column":7}},"loc":{"start":{"line":53,"column":29},"end":{"line":57,"column":7}},"line":53},"1":{"name":"(anonymous_1)","decl":{"start":{"line":160,"column":17},"end":{"line":160,"column":18}},"loc":{"start":{"line":160,"column":29},"end":{"line":216,"column":1}},"line":160}},"branchMap":{"0":{"loc":{"start":{"line":54,"column":8},"end":{"line":56,"column":9}},"type":"if","locations":[{"start":{"line":54,"column":8},"end":{"line":56,"column":9}},{"start":{},"end":{}}],"line":54},"1":{"loc":{"start":{"line":54,"column":12},"end":{"line":54,"column":49}},"type":"binary-expr","locations":[{"start":{"line":54,"column":12},"end":{"line":54,"column":26}},{"start":{"line":54,"column":30},"end":{"line":54,"column":49}}],"line":54}},"s":{"0":0,"1":0,"2":0,"3":0,"4":0,"5":0,"6":0,"7":0,"8":0,"9":0,"10":0,"11":0},"f":{"0":0,"1":0},"b":{"0":[0,0],"1":[0,0]}}
,"C:\\项目开发\\游戏商店平台项目开发\\backend\\models\\GameCategory.js": {"path":"C:\\项目开发\\游戏商店平台项目开发\\backend\\models\\GameCategory.js","statementMap":{"0":{"start":{"line":5,"column":21},"end":{"line":26,"column":2}},"1":{"start":{"line":29,"column":0},"end":{"line":36,"column":1}},"2":{"start":{"line":31,"column":2},"end":{"line":35,"column":4}}},"fnMap":{"0":{"name":"(anonymous_0)","decl":{"start":{"line":29,"column":25},"end":{"line":29,"column":26}},"loc":{"start":{"line":29,"column":37},"end":{"line":36,"column":1}},"line":29}},"branchMap":{},"s":{"0":0,"1":0,"2":0},"f":{"0":0},"b":{}}
,"C:\\项目开发\\游戏商店平台项目开发\\backend\\models\\GameData.js": {"path":"C:\\项目开发\\游戏商店平台项目开发\\backend\\models\\GameData.js","statementMap":{"0":{"start":{"line":5,"column":17},"end":{"line":68,"column":2}},"1":{"start":{"line":71,"column":0},"end":{"line":85,"column":1}},"2":{"start":{"line":73,"column":2},"end":{"line":77,"column":4}},"3":{"start":{"line":80,"column":2},"end":{"line":84,"column":4}}},"fnMap":{"0":{"name":"(anonymous_0)","decl":{"start":{"line":71,"column":21},"end":{"line":71,"column":22}},"loc":{"start":{"line":71,"column":33},"end":{"line":85,"column":1}},"line":71}},"branchMap":{},"s":{"0":0,"1":0,"2":0,"3":0},"f":{"0":0},"b":{}}
,"C:\\项目开发\\游戏商店平台项目开发\\backend\\models\\GameLibrary.js": {"path":"C:\\项目开发\\游戏商店平台项目开发\\backend\\models\\GameLibrary.js","statementMap":{"0":{"start":{"line":5,"column":20},"end":{"line":78,"column":2}},"1":{"start":{"line":81,"column":0},"end":{"line":95,"column":1}},"2":{"start":{"line":83,"column":2},"end":{"line":87,"column":4}},"3":{"start":{"line":90,"column":2},"end":{"line":94,"column":4}}},"fnMap":{"0":{"name":"(anonymous_0)","decl":{"start":{"line":81,"column":24},"end":{"line":81,"column":25}},"loc":{"start":{"line":81,"column":36},"end":{"line":95,"column":1}},"line":81}},"branchMap":{},"s":{"0":0,"1":0,"2":0,"3":0},"f":{"0":0},"b":{}}
,"C:\\项目开发\\游戏商店平台项目开发\\backend\\models\\GameSystemRequirement.js": {"path":"C:\\项目开发\\游戏商店平台项目开发\\backend\\models\\GameSystemRequirement.js","statementMap":{"0":{"start":{"line":5,"column":30},"end":{"line":70,"column":2}},"1":{"start":{"line":73,"column":0},"end":{"line":80,"column":1}},"2":{"start":{"line":75,"column":2},"end":{"line":79,"column":4}}},"fnMap":{"0":{"name":"(anonymous_0)","decl":{"start":{"line":73,"column":34},"end":{"line":73,"column":35}},"loc":{"start":{"line":73,"column":46},"end":{"line":80,"column":1}},"line":73}},"branchMap":{},"s":{"0":0,"1":0,"2":0},"f":{"0":0},"b":{}}
,"C:\\项目开发\\游戏商店平台项目开发\\backend\\models\\GameTag.js": {"path":"C:\\项目开发\\游戏商店平台项目开发\\backend\\models\\GameTag.js","statementMap":{"0":{"start":{"line":5,"column":16},"end":{"line":21,"column":2}},"1":{"start":{"line":24,"column":0},"end":{"line":31,"column":1}},"2":{"start":{"line":26,"column":2},"end":{"line":30,"column":4}}},"fnMap":{"0":{"name":"(anonymous_0)","decl":{"start":{"line":24,"column":20},"end":{"line":24,"column":21}},"loc":{"start":{"line":24,"column":32},"end":{"line":31,"column":1}},"line":24}},"branchMap":{},"s":{"0":0,"1":0,"2":0},"f":{"0":0},"b":{}}
,"C:\\项目开发\\游戏商店平台项目开发\\backend\\models\\GameVersion.js": {"path":"C:\\项目开发\\游戏商店平台项目开发\\backend\\models\\GameVersion.js","statementMap":{"0":{"start":{"line":5,"column":20},"end":{"line":70,"column":2}},"1":{"start":{"line":73,"column":0},"end":{"line":80,"column":1}},"2":{"start":{"line":75,"column":2},"end":{"line":79,"column":4}}},"fnMap":{"0":{"name":"(anonymous_0)","decl":{"start":{"line":73,"column":24},"end":{"line":73,"column":25}},"loc":{"start":{"line":73,"column":36},"end":{"line":80,"column":1}},"line":73}},"branchMap":{},"s":{"0":0,"1":0,"2":0},"f":{"0":0},"b":{}}
,"C:\\项目开发\\游戏商店平台项目开发\\backend\\models\\Order.js": {"path":"C:\\项目开发\\游戏商店平台项目开发\\backend\\models\\Order.js","statementMap":{"0":{"start":{"line":5,"column":14},"end":{"line":49,"column":2}},"1":{"start":{"line":52,"column":0},"end":{"line":66,"column":1}},"2":{"start":{"line":54,"column":2},"end":{"line":58,"column":4}},"3":{"start":{"line":61,"column":2},"end":{"line":65,"column":4}}},"fnMap":{"0":{"name":"(anonymous_0)","decl":{"start":{"line":52,"column":18},"end":{"line":52,"column":19}},"loc":{"start":{"line":52,"column":30},"end":{"line":66,"column":1}},"line":52}},"branchMap":{},"s":{"0":0,"1":0,"2":0,"3":0},"f":{"0":0},"b":{}}
,"C:\\项目开发\\游戏商店平台项目开发\\backend\\models\\OrderItem.js": {"path":"C:\\项目开发\\游戏商店平台项目开发\\backend\\models\\OrderItem.js","statementMap":{"0":{"start":{"line":5,"column":18},"end":{"line":33,"column":2}},"1":{"start":{"line":36,"column":0},"end":{"line":50,"column":1}},"2":{"start":{"line":38,"column":2},"end":{"line":42,"column":4}},"3":{"start":{"line":45,"column":2},"end":{"line":49,"column":4}}},"fnMap":{"0":{"name":"(anonymous_0)","decl":{"start":{"line":36,"column":22},"end":{"line":36,"column":23}},"loc":{"start":{"line":36,"column":34},"end":{"line":50,"column":1}},"line":36}},"branchMap":{},"s":{"0":0,"1":0,"2":0,"3":0},"f":{"0":0},"b":{}}
,"C:\\项目开发\\游戏商店平台项目开发\\backend\\models\\Review.js": {"path":"C:\\项目开发\\游戏商店平台项目开发\\backend\\models\\Review.js","statementMap":{"0":{"start":{"line":5,"column":15},"end":{"line":51,"column":2}},"1":{"start":{"line":54,"column":0},"end":{"line":75,"column":1}},"2":{"start":{"line":56,"column":2},"end":{"line":60,"column":4}},"3":{"start":{"line":63,"column":2},"end":{"line":67,"column":4}},"4":{"start":{"line":70,"column":2},"end":{"line":74,"column":4}}},"fnMap":{"0":{"name":"(anonymous_0)","decl":{"start":{"line":54,"column":19},"end":{"line":54,"column":20}},"loc":{"start":{"line":54,"column":31},"end":{"line":75,"column":1}},"line":54}},"branchMap":{},"s":{"0":0,"1":0,"2":0,"3":0,"4":0},"f":{"0":0},"b":{}}
,"C:\\项目开发\\游戏商店平台项目开发\\backend\\models\\ReviewReply.js": {"path":"C:\\项目开发\\游戏商店平台项目开发\\backend\\models\\ReviewReply.js","statementMap":{"0":{"start":{"line":5,"column":20},"end":{"line":34,"column":2}},"1":{"start":{"line":37,"column":0},"end":{"line":51,"column":1}},"2":{"start":{"line":39,"column":2},"end":{"line":43,"column":4}},"3":{"start":{"line":46,"column":2},"end":{"line":50,"column":4}}},"fnMap":{"0":{"name":"(anonymous_0)","decl":{"start":{"line":37,"column":24},"end":{"line":37,"column":25}},"loc":{"start":{"line":37,"column":36},"end":{"line":51,"column":1}},"line":37}},"branchMap":{},"s":{"0":0,"1":0,"2":0,"3":0},"f":{"0":0},"b":{}}
,"C:\\项目开发\\游戏商店平台项目开发\\backend\\models\\User.js": {"path":"C:\\项目开发\\游戏商店平台项目开发\\backend\\models\\User.js","statementMap":{"0":{"start":{"line":5,"column":13},"end":{"line":73,"column":2}},"1":{"start":{"line":76,"column":0},"end":{"line":104,"column":1}},"2":{"start":{"line":78,"column":2},"end":{"line":82,"column":4}},"3":{"start":{"line":85,"column":2},"end":{"line":89,"column":4}},"4":{"start":{"line":92,"column":2},"end":{"line":96,"column":4}},"5":{"start":{"line":99,"column":2},"end":{"line":103,"column":4}}},"fnMap":{"0":{"name":"(anonymous_0)","decl":{"start":{"line":69,"column":18},"end":{"line":69,"column":19}},"loc":{"start":{"line":69,"column":28},"end":{"line":71,"column":5}},"line":69},"1":{"name":"(anonymous_1)","decl":{"start":{"line":76,"column":17},"end":{"line":76,"column":18}},"loc":{"start":{"line":76,"column":29},"end":{"line":104,"column":1}},"line":76}},"branchMap":{},"s":{"0":1,"1":1,"2":0,"3":0,"4":0,"5":0},"f":{"0":0,"1":0},"b":{},"_coverageSchema":"1a1c01bbd47fc00a2c39e90264f33305004495a9","hash":"4e441423fa6b21250ad7b260083f12a592370c99"}
,"C:\\项目开发\\游戏商店平台项目开发\\backend\\models\\WithdrawalRequest.js": {"path":"C:\\项目开发\\游戏商店平台项目开发\\backend\\models\\WithdrawalRequest.js","statementMap":{"0":{"start":{"line":5,"column":26},"end":{"line":69,"column":2}},"1":{"start":{"line":72,"column":0},"end":{"line":79,"column":1}},"2":{"start":{"line":74,"column":2},"end":{"line":78,"column":4}}},"fnMap":{"0":{"name":"(anonymous_0)","decl":{"start":{"line":72,"column":30},"end":{"line":72,"column":31}},"loc":{"start":{"line":72,"column":42},"end":{"line":79,"column":1}},"line":72}},"branchMap":{},"s":{"0":0,"1":0,"2":0},"f":{"0":0},"b":{}}
,"C:\\项目开发\\游戏商店平台项目开发\\backend\\routes\\authRoutes.js": {"path":"C:\\项目开发\\游戏商店平台项目开发\\backend\\routes\\authRoutes.js","statementMap":{"0":{"start":{"line":12,"column":15},"end":{"line":12,"column":31}},"1":{"start":{"line":15,"column":0},"end":{"line":15,"column":34}},"2":{"start":{"line":18,"column":0},"end":{"line":18,"column":28}},"3":{"start":{"line":21,"column":0},"end":{"line":21,"column":47}},"4":{"start":{"line":24,"column":0},"end":{"line":24,"column":55}},"5":{"start":{"line":27,"column":0},"end":{"line":27,"column":53}}},"fnMap":{},"branchMap":{},"s":{"0":0,"1":0,"2":0,"3":0,"4":0,"5":0},"f":{},"b":{}}
,"C:\\项目开发\\游戏商店平台项目开发\\backend\\routes\\developerRoutes.js": {"path":"C:\\项目开发\\游戏商店平台项目开发\\backend\\routes\\developerRoutes.js","statementMap":{"0":{"start":{"line":17,"column":15},"end":{"line":17,"column":31}},"1":{"start":{"line":20,"column":0},"end":{"line":20,"column":57}},"2":{"start":{"line":21,"column":0},"end":{"line":21,"column":51}},"3":{"start":{"line":22,"column":0},"end":{"line":22,"column":54}},"4":{"start":{"line":23,"column":0},"end":{"line":23,"column":53}},"5":{"start":{"line":24,"column":0},"end":{"line":24,"column":59}},"6":{"start":{"line":25,"column":0},"end":{"line":25,"column":59}},"7":{"start":{"line":26,"column":0},"end":{"line":26,"column":66}},"8":{"start":{"line":27,"column":0},"end":{"line":27,"column":63}},"9":{"start":{"line":28,"column":0},"end":{"line":28,"column":56}},"10":{"start":{"line":29,"column":0},"end":{"line":29,"column":63}},"11":{"start":{"line":30,"column":0},"end":{"line":30,"column":68}}},"fnMap":{},"branchMap":{},"s":{"0":0,"1":0,"2":0,"3":0,"4":0,"5":0,"6":0,"7":0,"8":0,"9":0,"10":0,"11":0},"f":{},"b":{}}
,"C:\\项目开发\\游戏商店平台项目开发\\backend\\routes\\downloadRoutes.js": {"path":"C:\\项目开发\\游戏商店平台项目开发\\backend\\routes\\downloadRoutes.js","statementMap":{"0":{"start":{"line":12,"column":15},"end":{"line":12,"column":31}},"1":{"start":{"line":15,"column":0},"end":{"line":15,"column":73}},"2":{"start":{"line":18,"column":0},"end":{"line":18,"column":95}},"3":{"start":{"line":21,"column":0},"end":{"line":21,"column":68}},"4":{"start":{"line":24,"column":0},"end":{"line":24,"column":67}},"5":{"start":{"line":27,"column":0},"end":{"line":27,"column":73}}},"fnMap":{},"branchMap":{},"s":{"0":0,"1":0,"2":0,"3":0,"4":0,"5":0},"f":{},"b":{}}
,"C:\\项目开发\\游戏商店平台项目开发\\backend\\routes\\gameLibraryRoutes.js": {"path":"C:\\项目开发\\游戏商店平台项目开发\\backend\\routes\\gameLibraryRoutes.js","statementMap":{"0":{"start":{"line":11,"column":15},"end":{"line":11,"column":31}},"1":{"start":{"line":14,"column":0},"end":{"line":14,"column":49}},"2":{"start":{"line":15,"column":0},"end":{"line":15,"column":55}},"3":{"start":{"line":16,"column":0},"end":{"line":16,"column":55}},"4":{"start":{"line":17,"column":0},"end":{"line":17,"column":62}},"5":{"start":{"line":18,"column":0},"end":{"line":18,"column":61}}},"fnMap":{},"branchMap":{},"s":{"0":0,"1":0,"2":0,"3":0,"4":0,"5":0},"f":{},"b":{}}
,"C:\\项目开发\\游戏商店平台项目开发\\backend\\routes\\gameRoutes.js": {"path":"C:\\项目开发\\游戏商店平台项目开发\\backend\\routes\\gameRoutes.js","statementMap":{"0":{"start":{"line":26,"column":15},"end":{"line":26,"column":31}},"1":{"start":{"line":29,"column":0},"end":{"line":29,"column":25}},"2":{"start":{"line":32,"column":0},"end":{"line":32,"column":31}},"3":{"start":{"line":35,"column":0},"end":{"line":35,"column":44}},"4":{"start":{"line":38,"column":0},"end":{"line":38,"column":32}},"5":{"start":{"line":41,"column":0},"end":{"line":41,"column":59}},"6":{"start":{"line":44,"column":0},"end":{"line":44,"column":43}},"7":{"start":{"line":47,"column":0},"end":{"line":47,"column":42}},"8":{"start":{"line":50,"column":0},"end":{"line":50,"column":44}},"9":{"start":{"line":53,"column":0},"end":{"line":53,"column":42}},"10":{"start":{"line":56,"column":0},"end":{"line":56,"column":70}},"11":{"start":{"line":59,"column":0},"end":{"line":59,"column":61}},"12":{"start":{"line":62,"column":0},"end":{"line":62,"column":42}},"13":{"start":{"line":65,"column":0},"end":{"line":65,"column":40}},"14":{"start":{"line":68,"column":0},"end":{"line":68,"column":54}},"15":{"start":{"line":71,"column":0},"end":{"line":71,"column":61}},"16":{"start":{"line":72,"column":0},"end":{"line":72,"column":64}},"17":{"start":{"line":73,"column":0},"end":{"line":73,"column":81}},"18":{"start":{"line":74,"column":0},"end":{"line":74,"column":74}},"19":{"start":{"line":75,"column":0},"end":{"line":75,"column":95}}},"fnMap":{},"branchMap":{},"s":{"0":0,"1":0,"2":0,"3":0,"4":0,"5":0,"6":0,"7":0,"8":0,"9":0,"10":0,"11":0,"12":0,"13":0,"14":0,"15":0,"16":0,"17":0,"18":0,"19":0},"f":{},"b":{}}
,"C:\\项目开发\\游戏商店平台项目开发\\backend\\routes\\paymentRoutes.js": {"path":"C:\\项目开发\\游戏商店平台项目开发\\backend\\routes\\paymentRoutes.js","statementMap":{"0":{"start":{"line":12,"column":15},"end":{"line":12,"column":31}},"1":{"start":{"line":15,"column":0},"end":{"line":15,"column":57}},"2":{"start":{"line":18,"column":0},"end":{"line":18,"column":53}},"3":{"start":{"line":21,"column":0},"end":{"line":21,"column":52}},"4":{"start":{"line":24,"column":0},"end":{"line":24,"column":60}},"5":{"start":{"line":27,"column":0},"end":{"line":27,"column":44}}},"fnMap":{},"branchMap":{},"s":{"0":0,"1":0,"2":0,"3":0,"4":0,"5":0},"f":{},"b":{}}
,"C:\\项目开发\\游戏商店平台项目开发\\backend\\routes\\reviewRoutes.js": {"path":"C:\\项目开发\\游戏商店平台项目开发\\backend\\routes\\reviewRoutes.js","statementMap":{"0":{"start":{"line":13,"column":15},"end":{"line":13,"column":31}},"1":{"start":{"line":16,"column":0},"end":{"line":16,"column":51}},"2":{"start":{"line":17,"column":0},"end":{"line":17,"column":43}},"3":{"start":{"line":18,"column":0},"end":{"line":18,"column":52}},"4":{"start":{"line":19,"column":0},"end":{"line":19,"column":55}},"5":{"start":{"line":20,"column":0},"end":{"line":20,"column":66}},"6":{"start":{"line":21,"column":0},"end":{"line":21,"column":67}},"7":{"start":{"line":22,"column":0},"end":{"line":22,"column":43}}},"fnMap":{},"branchMap":{},"s":{"0":0,"1":0,"2":0,"3":0,"4":0,"5":0,"6":0,"7":0},"f":{},"b":{}}
}
