TN:
SF:controllers\authController.js
FN:6,(anonymous_0)
FN:91,(anonymous_1)
FN:160,(anonymous_2)
FN:180,(anonymous_3)
FN:266,(anonymous_4)
FNF:5
FNH:2
FNDA:2,(anonymous_0)
FNDA:2,(anonymous_1)
FNDA:0,(anonymous_2)
FNDA:0,(anonymous_3)
FNDA:0,(anonymous_4)
DA:6,1
DA:7,2
DA:13,2
DA:16,2
DA:17,0
DA:24,2
DA:28,2
DA:29,1
DA:36,1
DA:40,1
DA:41,0
DA:48,1
DA:49,1
DA:52,1
DA:60,1
DA:67,1
DA:81,0
DA:82,0
DA:91,1
DA:92,2
DA:96,2
DA:99,2
DA:100,0
DA:107,2
DA:111,2
DA:112,0
DA:119,2
DA:121,2
DA:122,1
DA:129,1
DA:136,1
DA:150,0
DA:151,0
DA:160,1
DA:161,0
DA:163,0
DA:165,0
DA:170,0
DA:171,0
DA:180,1
DA:181,0
DA:182,0
DA:187,0
DA:190,0
DA:192,0
DA:193,0
DA:200,0
DA:202,0
DA:206,0
DA:207,0
DA:213,0
DA:217,0
DA:219,0
DA:223,0
DA:224,0
DA:230,0
DA:234,0
DA:235,0
DA:239,0
DA:242,0
DA:256,0
DA:257,0
DA:266,1
DA:267,0
DA:268,0
DA:272,0
DA:275,0
DA:276,0
DA:283,0
DA:285,0
DA:286,0
DA:293,0
DA:295,0
DA:296,0
DA:303,0
DA:304,0
DA:307,0
DA:308,0
DA:311,0
DA:316,0
DA:317,0
LF:81
LH:28
BRDA:12,0,0,2
BRDA:16,1,0,0
BRDA:16,1,1,2
BRDA:16,2,0,2
BRDA:16,2,1,2
BRDA:16,2,2,2
BRDA:28,3,0,1
BRDA:28,3,1,1
BRDA:40,4,0,0
BRDA:40,4,1,1
BRDA:99,5,0,0
BRDA:99,5,1,2
BRDA:99,6,0,2
BRDA:99,6,1,2
BRDA:111,7,0,0
BRDA:111,7,1,2
BRDA:121,8,0,1
BRDA:121,8,1,1
BRDA:192,9,0,0
BRDA:192,9,1,0
BRDA:200,10,0,0
BRDA:200,10,1,0
BRDA:200,11,0,0
BRDA:200,11,1,0
BRDA:206,12,0,0
BRDA:206,12,1,0
BRDA:217,13,0,0
BRDA:217,13,1,0
BRDA:217,14,0,0
BRDA:217,14,1,0
BRDA:223,15,0,0
BRDA:223,15,1,0
BRDA:234,16,0,0
BRDA:234,16,1,0
BRDA:275,17,0,0
BRDA:275,17,1,0
BRDA:275,18,0,0
BRDA:275,18,1,0
BRDA:285,19,0,0
BRDA:285,19,1,0
BRDA:295,20,0,0
BRDA:295,20,1,0
BRF:42
BRH:14
end_of_record
TN:
SF:controllers\developerController.js
FN:14,(anonymous_0)
FN:69,(anonymous_1)
FN:101,(anonymous_2)
FN:147,(anonymous_3)
FN:218,(anonymous_4)
FN:305,(anonymous_5)
FN:358,(anonymous_6)
FN:426,(anonymous_7)
FN:484,(anonymous_8)
FN:579,(anonymous_9)
FN:603,(anonymous_10)
FN:681,(anonymous_11)
FNF:12
FNH:0
FNDA:0,(anonymous_0)
FNDA:0,(anonymous_1)
FNDA:0,(anonymous_2)
FNDA:0,(anonymous_3)
FNDA:0,(anonymous_4)
FNDA:0,(anonymous_5)
FNDA:0,(anonymous_6)
FNDA:0,(anonymous_7)
FNDA:0,(anonymous_8)
FNDA:0,(anonymous_9)
FNDA:0,(anonymous_10)
FNDA:0,(anonymous_11)
DA:14,0
DA:15,0
DA:16,0
DA:22,0
DA:25,0
DA:26,0
DA:33,0
DA:37,0
DA:38,0
DA:45,0
DA:53,0
DA:59,0
DA:60,0
DA:69,0
DA:70,0
DA:71,0
DA:74,0
DA:78,0
DA:79,0
DA:85,0
DA:91,0
DA:92,0
DA:101,0
DA:102,0
DA:103,0
DA:109,0
DA:112,0
DA:116,0
DA:117,0
DA:124,0
DA:131,0
DA:137,0
DA:138,0
DA:147,0
DA:148,0
DA:149,0
DA:150,0
DA:153,0
DA:157,0
DA:158,0
DA:165,0
DA:166,0
DA:167,0
DA:171,0
DA:174,0
DA:194,0
DA:208,0
DA:209,0
DA:218,0
DA:219,0
DA:220,0
DA:221,0
DA:224,0
DA:228,0
DA:229,0
DA:236,0
DA:240,0
DA:241,0
DA:244,0
DA:245,0
DA:251,0
DA:275,0
DA:283,0
DA:295,0
DA:296,0
DA:305,0
DA:306,0
DA:307,0
DA:308,0
DA:311,0
DA:315,0
DA:316,0
DA:323,0
DA:329,0
DA:339,0
DA:348,0
DA:349,0
DA:358,0
DA:359,0
DA:360,0
DA:361,0
DA:364,0
DA:368,0
DA:369,0
DA:376,0
DA:377,0
DA:384,0
DA:394,0
DA:395,0
DA:396,0
DA:403,0
DA:410,0
DA:416,0
DA:417,0
DA:426,0
DA:427,0
DA:428,0
DA:429,0
DA:432,0
DA:436,0
DA:437,0
DA:444,0
DA:445,0
DA:446,0
DA:450,0
DA:453,0
DA:460,0
DA:474,0
DA:475,0
DA:484,0
DA:485,0
DA:486,0
DA:487,0
DA:490,0
DA:494,0
DA:495,0
DA:502,0
DA:506,0
DA:507,0
DA:510,0
DA:511,0
DA:517,0
DA:518,0
DA:519,0
DA:523,0
DA:525,0
DA:528,0
DA:530,0
DA:533,0
DA:536,0
DA:539,0
DA:542,0
DA:545,0
DA:548,0
DA:551,0
DA:553,0
DA:559,0
DA:579,0
DA:584,0
DA:593,0
DA:594,0
DA:603,0
DA:604,0
DA:605,0
DA:606,0
DA:609,0
DA:613,0
DA:614,0
DA:621,0
DA:625,0
DA:626,0
DA:631,0
DA:632,0
DA:638,0
DA:663,0
DA:671,0
DA:672,0
DA:681,0
DA:682,0
DA:683,0
DA:684,0
DA:687,0
DA:691,0
DA:692,0
DA:700,0
DA:707,0
DA:713,0
DA:714,0
LF:168
LH:0
BRDA:25,0,0,0
BRDA:25,0,1,0
BRDA:25,1,0,0
BRDA:25,1,1,0
BRDA:37,2,0,0
BRDA:37,2,1,0
BRDA:78,3,0,0
BRDA:78,3,1,0
BRDA:116,4,0,0
BRDA:116,4,1,0
BRDA:125,5,0,0
BRDA:125,5,1,0
BRDA:126,6,0,0
BRDA:126,6,1,0
BRDA:127,7,0,0
BRDA:127,7,1,0
BRDA:128,8,0,0
BRDA:128,8,1,0
BRDA:150,9,0,0
BRDA:150,10,0,0
BRDA:157,11,0,0
BRDA:157,11,1,0
BRDA:166,12,0,0
BRDA:166,12,1,0
BRDA:228,13,0,0
BRDA:228,13,1,0
BRDA:240,14,0,0
BRDA:240,14,1,0
BRDA:244,15,0,0
BRDA:244,15,1,0
BRDA:244,16,0,0
BRDA:244,16,1,0
BRDA:289,17,0,0
BRDA:289,17,1,0
BRDA:290,18,0,0
BRDA:290,18,1,0
BRDA:308,19,0,0
BRDA:315,20,0,0
BRDA:315,20,1,0
BRDA:344,21,0,0
BRDA:344,21,1,0
BRDA:368,22,0,0
BRDA:368,22,1,0
BRDA:376,23,0,0
BRDA:376,23,1,0
BRDA:376,24,0,0
BRDA:376,24,1,0
BRDA:394,25,0,0
BRDA:394,25,1,0
BRDA:395,26,0,0
BRDA:395,26,1,0
BRDA:429,27,0,0
BRDA:429,28,0,0
BRDA:436,29,0,0
BRDA:436,29,1,0
BRDA:445,30,0,0
BRDA:445,30,1,0
BRDA:487,31,0,0
BRDA:494,32,0,0
BRDA:494,32,1,0
BRDA:506,33,0,0
BRDA:506,33,1,0
BRDA:510,34,0,0
BRDA:510,34,1,0
BRDA:510,35,0,0
BRDA:510,35,1,0
BRDA:523,36,0,0
BRDA:523,36,1,0
BRDA:523,36,2,0
BRDA:523,36,3,0
BRDA:523,36,4,0
BRDA:523,36,5,0
BRDA:581,37,0,0
BRDA:581,37,1,0
BRDA:606,38,0,0
BRDA:613,39,0,0
BRDA:613,39,1,0
BRDA:625,40,0,0
BRDA:625,40,1,0
BRDA:631,41,0,0
BRDA:631,41,1,0
BRDA:631,42,0,0
BRDA:631,42,1,0
BRDA:691,43,0,0
BRDA:691,43,1,0
BRF:85
BRH:0
end_of_record
TN:
SF:controllers\downloadController.js
FN:6,(anonymous_0)
FN:79,(anonymous_1)
FN:151,(anonymous_2)
FN:208,(anonymous_3)
FN:269,(anonymous_4)
FNF:5
FNH:0
FNDA:0,(anonymous_0)
FNDA:0,(anonymous_1)
FNDA:0,(anonymous_2)
FNDA:0,(anonymous_3)
FNDA:0,(anonymous_4)
DA:6,0
DA:7,0
DA:8,0
DA:9,0
DA:12,0
DA:18,0
DA:19,0
DA:26,0
DA:33,0
DA:34,0
DA:41,0
DA:47,0
DA:48,0
DA:55,0
DA:63,0
DA:69,0
DA:70,0
DA:79,0
DA:80,0
DA:81,0
DA:82,0
DA:85,0
DA:91,0
DA:92,0
DA:99,0
DA:106,0
DA:107,0
DA:114,0
DA:119,0
DA:120,0
DA:127,0
DA:135,0
DA:141,0
DA:142,0
DA:151,0
DA:152,0
DA:153,0
DA:154,0
DA:157,0
DA:163,0
DA:164,0
DA:171,0
DA:178,0
DA:179,0
DA:186,0
DA:192,0
DA:198,0
DA:199,0
DA:208,0
DA:209,0
DA:210,0
DA:211,0
DA:212,0
DA:215,0
DA:216,0
DA:223,0
DA:225,0
DA:226,0
DA:233,0
DA:240,0
DA:241,0
DA:248,0
DA:253,0
DA:259,0
DA:260,0
DA:269,0
DA:270,0
DA:271,0
DA:272,0
DA:273,0
DA:276,0
DA:282,0
DA:283,0
DA:290,0
DA:297,0
DA:298,0
DA:305,0
DA:311,0
DA:312,0
DA:319,0
DA:321,0
DA:330,0
DA:331,0
LF:83
LH:0
BRDA:18,0,0,0
BRDA:18,0,1,0
BRDA:33,1,0,0
BRDA:33,1,1,0
BRDA:47,2,0,0
BRDA:47,2,1,0
BRDA:91,3,0,0
BRDA:91,3,1,0
BRDA:106,4,0,0
BRDA:106,4,1,0
BRDA:119,5,0,0
BRDA:119,5,1,0
BRDA:163,6,0,0
BRDA:163,6,1,0
BRDA:178,7,0,0
BRDA:178,7,1,0
BRDA:215,8,0,0
BRDA:215,8,1,0
BRDA:225,9,0,0
BRDA:225,9,1,0
BRDA:240,10,0,0
BRDA:240,10,1,0
BRDA:250,11,0,0
BRDA:250,11,1,0
BRDA:282,12,0,0
BRDA:282,12,1,0
BRDA:297,13,0,0
BRDA:297,13,1,0
BRDA:311,14,0,0
BRDA:311,14,1,0
BRDA:326,15,0,0
BRDA:326,15,1,0
BRF:32
BRH:0
end_of_record
TN:
SF:controllers\gameController.js
FN:9,(anonymous_0)
FN:26,(anonymous_1)
FN:27,(anonymous_2)
FN:122,(anonymous_3)
FN:178,(anonymous_4)
FN:200,(anonymous_5)
FN:222,(anonymous_6)
FN:282,(anonymous_7)
FN:342,(anonymous_8)
FN:420,(anonymous_9)
FN:495,(anonymous_10)
FN:536,(anonymous_11)
FN:568,(anonymous_12)
FN:589,(anonymous_13)
FN:590,(anonymous_14)
FN:684,(anonymous_15)
FN:686,(anonymous_16)
FN:716,(anonymous_17)
FN:807,(anonymous_18)
FN:871,(anonymous_19)
FN:934,(anonymous_20)
FN:1021,(anonymous_21)
FN:1089,(anonymous_22)
FN:1140,(anonymous_23)
FN:1210,(anonymous_24)
FNF:25
FNH:0
FNDA:0,(anonymous_0)
FNDA:0,(anonymous_1)
FNDA:0,(anonymous_2)
FNDA:0,(anonymous_3)
FNDA:0,(anonymous_4)
FNDA:0,(anonymous_5)
FNDA:0,(anonymous_6)
FNDA:0,(anonymous_7)
FNDA:0,(anonymous_8)
FNDA:0,(anonymous_9)
FNDA:0,(anonymous_10)
FNDA:0,(anonymous_11)
FNDA:0,(anonymous_12)
FNDA:0,(anonymous_13)
FNDA:0,(anonymous_14)
FNDA:0,(anonymous_15)
FNDA:0,(anonymous_16)
FNDA:0,(anonymous_17)
FNDA:0,(anonymous_18)
FNDA:0,(anonymous_19)
FNDA:0,(anonymous_20)
FNDA:0,(anonymous_21)
FNDA:0,(anonymous_22)
FNDA:0,(anonymous_23)
FNDA:0,(anonymous_24)
DA:9,0
DA:10,0
DA:23,0
DA:26,0
DA:27,0
DA:30,0
DA:35,0
DA:36,0
DA:42,0
DA:47,0
DA:63,0
DA:64,0
DA:70,0
DA:71,0
DA:77,0
DA:82,0
DA:85,0
DA:95,0
DA:98,0
DA:112,0
DA:113,0
DA:122,0
DA:123,0
DA:124,0
DA:127,0
DA:155,0
DA:156,0
DA:162,0
DA:168,0
DA:169,0
DA:178,0
DA:179,0
DA:180,0
DA:184,0
DA:190,0
DA:191,0
DA:200,0
DA:201,0
DA:202,0
DA:206,0
DA:212,0
DA:213,0
DA:222,0
DA:223,0
DA:224,0
DA:225,0
DA:228,0
DA:232,0
DA:233,0
DA:240,0
DA:243,0
DA:266,0
DA:272,0
DA:273,0
DA:282,0
DA:283,0
DA:284,0
DA:285,0
DA:288,0
DA:292,0
DA:293,0
DA:300,0
DA:303,0
DA:326,0
DA:332,0
DA:333,0
DA:342,0
DA:343,0
DA:344,0
DA:345,0
DA:348,0
DA:351,0
DA:352,0
DA:353,0
DA:360,0
DA:367,0
DA:368,0
DA:375,0
DA:376,0
DA:383,0
DA:384,0
DA:391,0
DA:392,0
DA:395,0
DA:397,0
DA:410,0
DA:411,0
DA:420,0
DA:421,0
DA:422,0
DA:423,0
DA:426,0
DA:429,0
DA:430,0
DA:431,0
DA:438,0
DA:445,0
DA:446,0
DA:453,0
DA:454,0
DA:461,0
DA:464,0
DA:470,0
DA:472,0
DA:485,0
DA:486,0
DA:495,0
DA:496,0
DA:497,0
DA:498,0
DA:501,0
DA:502,0
DA:503,0
DA:514,0
DA:526,0
DA:527,0
DA:536,0
DA:537,0
DA:538,0
DA:544,0
DA:558,0
DA:559,0
DA:568,0
DA:569,0
DA:570,0
DA:571,0
DA:574,0
DA:581,0
DA:582,0
DA:589,0
DA:590,0
DA:592,0
DA:593,0
DA:600,0
DA:609,0
DA:617,0
DA:626,0
DA:629,0
DA:630,0
DA:639,0
DA:640,0
DA:650,0
DA:651,0
DA:652,0
DA:661,0
DA:662,0
DA:672,0
DA:673,0
DA:684,0
DA:685,0
DA:686,0
DA:690,0
DA:692,0
DA:706,0
DA:707,0
DA:716,0
DA:717,0
DA:718,0
DA:719,0
DA:720,0
DA:723,0
DA:724,0
DA:725,0
DA:728,0
DA:735,0
DA:736,0
DA:743,0
DA:745,0
DA:746,0
DA:753,0
DA:756,0
DA:771,0
DA:772,0
DA:780,0
DA:782,0
DA:797,0
DA:798,0
DA:807,0
DA:808,0
DA:809,0
DA:810,0
DA:811,0
DA:814,0
DA:815,0
DA:818,0
DA:825,0
DA:826,0
DA:833,0
DA:838,0
DA:839,0
DA:842,0
DA:843,0
DA:847,0
DA:852,0
DA:861,0
DA:862,0
DA:871,0
DA:872,0
DA:873,0
DA:874,0
DA:877,0
DA:878,0
DA:881,0
DA:888,0
DA:889,0
DA:896,0
DA:904,0
DA:905,0
DA:912,0
DA:914,0
DA:924,0
DA:925,0
DA:934,0
DA:935,0
DA:936,0
DA:950,0
DA:953,0
DA:954,0
DA:961,0
DA:962,0
DA:963,0
DA:964,0
DA:971,0
DA:987,0
DA:988,0
DA:991,0
DA:995,0
DA:996,0
DA:999,0
DA:1003,0
DA:1005,0
DA:1011,0
DA:1012,0
DA:1021,0
DA:1022,0
DA:1023,0
DA:1024,0
DA:1025,0
DA:1028,0
DA:1029,0
DA:1030,0
DA:1031,0
DA:1038,0
DA:1044,0
DA:1045,0
DA:1052,0
DA:1055,0
DA:1056,0
DA:1059,0
DA:1063,0
DA:1064,0
DA:1067,0
DA:1071,0
DA:1073,0
DA:1079,0
DA:1080,0
DA:1089,0
DA:1090,0
DA:1091,0
DA:1092,0
DA:1095,0
DA:1096,0
DA:1097,0
DA:1098,0
DA:1105,0
DA:1111,0
DA:1112,0
DA:1119,0
DA:1122,0
DA:1124,0
DA:1130,0
DA:1131,0
DA:1140,0
DA:1141,0
DA:1142,0
DA:1143,0
DA:1144,0
DA:1147,0
DA:1148,0
DA:1155,0
DA:1156,0
DA:1157,0
DA:1158,0
DA:1165,0
DA:1171,0
DA:1172,0
DA:1179,0
DA:1189,0
DA:1192,0
DA:1194,0
DA:1200,0
DA:1201,0
DA:1210,0
DA:1211,0
DA:1212,0
DA:1213,0
DA:1214,0
DA:1217,0
DA:1218,0
DA:1225,0
DA:1226,0
DA:1227,0
DA:1228,0
DA:1235,0
DA:1241,0
DA:1242,0
DA:1249,0
DA:1260,0
DA:1262,0
DA:1268,0
DA:1269,0
LF:311
LH:0
BRDA:13,0,0,0
BRDA:14,1,0,0
BRDA:15,2,0,0
BRDA:16,3,0,0
BRDA:17,4,0,0
BRDA:18,5,0,0
BRDA:19,6,0,0
BRDA:20,7,0,0
BRDA:21,8,0,0
BRDA:22,9,0,0
BRDA:26,10,0,0
BRDA:26,10,1,0
BRDA:27,11,0,0
BRDA:27,11,1,0
BRDA:31,12,0,0
BRDA:31,12,1,0
BRDA:35,13,0,0
BRDA:35,13,1,0
BRDA:63,14,0,0
BRDA:63,14,1,0
BRDA:70,15,0,0
BRDA:70,15,1,0
BRDA:155,16,0,0
BRDA:155,16,1,0
BRDA:225,17,0,0
BRDA:225,18,0,0
BRDA:232,19,0,0
BRDA:232,19,1,0
BRDA:285,20,0,0
BRDA:285,21,0,0
BRDA:292,22,0,0
BRDA:292,22,1,0
BRDA:352,23,0,0
BRDA:352,23,1,0
BRDA:367,24,0,0
BRDA:367,24,1,0
BRDA:375,25,0,0
BRDA:375,25,1,0
BRDA:383,26,0,0
BRDA:383,26,1,0
BRDA:392,27,0,0
BRDA:392,27,1,0
BRDA:430,28,0,0
BRDA:430,28,1,0
BRDA:445,29,0,0
BRDA:445,29,1,0
BRDA:453,30,0,0
BRDA:453,30,1,0
BRDA:480,31,0,0
BRDA:480,31,1,0
BRDA:502,32,0,0
BRDA:502,32,1,0
BRDA:581,33,0,0
BRDA:581,33,1,0
BRDA:592,34,0,0
BRDA:592,34,1,0
BRDA:601,35,0,0
BRDA:601,35,1,0
BRDA:602,36,0,0
BRDA:602,36,1,0
BRDA:603,37,0,0
BRDA:603,37,1,0
BRDA:604,38,0,0
BRDA:604,38,1,0
BRDA:605,39,0,0
BRDA:605,39,1,0
BRDA:612,40,0,0
BRDA:612,40,1,0
BRDA:614,41,0,0
BRDA:614,41,1,0
BRDA:617,42,0,0
BRDA:617,42,1,0
BRDA:620,43,0,0
BRDA:620,43,1,0
BRDA:622,44,0,0
BRDA:622,44,1,0
BRDA:629,45,0,0
BRDA:629,45,1,0
BRDA:639,46,0,0
BRDA:639,46,1,0
BRDA:650,47,0,0
BRDA:650,47,1,0
BRDA:651,48,0,0
BRDA:651,48,1,0
BRDA:661,49,0,0
BRDA:661,49,1,0
BRDA:672,50,0,0
BRDA:672,50,1,0
BRDA:685,51,0,0
BRDA:685,51,1,0
BRDA:690,52,0,0
BRDA:690,52,1,0
BRDA:735,53,0,0
BRDA:735,53,1,0
BRDA:743,54,0,0
BRDA:743,55,0,0
BRDA:745,56,0,0
BRDA:745,56,1,0
BRDA:771,57,0,0
BRDA:771,57,1,0
BRDA:784,58,0,0
BRDA:784,58,1,0
BRDA:825,59,0,0
BRDA:825,59,1,0
BRDA:838,60,0,0
BRDA:838,60,1,0
BRDA:842,61,0,0
BRDA:842,61,1,0
BRDA:888,62,0,0
BRDA:888,62,1,0
BRDA:904,63,0,0
BRDA:904,63,1,0
BRDA:945,64,0,0
BRDA:946,65,0,0
BRDA:953,66,0,0
BRDA:953,66,1,0
BRDA:953,67,0,0
BRDA:953,67,1,0
BRDA:953,67,2,0
BRDA:953,67,3,0
BRDA:953,67,4,0
BRDA:963,68,0,0
BRDA:963,68,1,0
BRDA:987,69,0,0
BRDA:987,69,1,0
BRDA:995,70,0,0
BRDA:995,70,1,0
BRDA:1030,71,0,0
BRDA:1030,71,1,0
BRDA:1044,72,0,0
BRDA:1044,72,1,0
BRDA:1055,73,0,0
BRDA:1055,73,1,0
BRDA:1055,74,0,0
BRDA:1055,74,1,0
BRDA:1063,75,0,0
BRDA:1063,75,1,0
BRDA:1063,76,0,0
BRDA:1063,76,1,0
BRDA:1097,77,0,0
BRDA:1097,77,1,0
BRDA:1111,78,0,0
BRDA:1111,78,1,0
BRDA:1147,79,0,0
BRDA:1147,79,1,0
BRDA:1147,80,0,0
BRDA:1147,80,1,0
BRDA:1147,80,2,0
BRDA:1147,80,3,0
BRDA:1157,81,0,0
BRDA:1157,81,1,0
BRDA:1171,82,0,0
BRDA:1171,82,1,0
BRDA:1214,83,0,0
BRDA:1217,84,0,0
BRDA:1217,84,1,0
BRDA:1217,85,0,0
BRDA:1217,85,1,0
BRDA:1217,85,2,0
BRDA:1217,85,3,0
BRDA:1217,85,4,0
BRDA:1227,86,0,0
BRDA:1227,86,1,0
BRDA:1241,87,0,0
BRDA:1241,87,1,0
BRF:165
BRH:0
end_of_record
TN:
SF:controllers\gameLibraryController.js
FN:6,(anonymous_0)
FN:57,(anonymous_1)
FN:105,(anonymous_2)
FN:152,(anonymous_3)
FN:183,(anonymous_4)
FNF:5
FNH:0
FNDA:0,(anonymous_0)
FNDA:0,(anonymous_1)
FNDA:0,(anonymous_2)
FNDA:0,(anonymous_3)
FNDA:0,(anonymous_4)
DA:6,0
DA:7,0
DA:8,0
DA:9,0
DA:12,0
DA:15,0
DA:33,0
DA:47,0
DA:48,0
DA:57,0
DA:58,0
DA:59,0
DA:60,0
DA:61,0
DA:64,0
DA:71,0
DA:72,0
DA:79,0
DA:80,0
DA:81,0
DA:83,0
DA:84,0
DA:87,0
DA:89,0
DA:95,0
DA:96,0
DA:105,0
DA:106,0
DA:107,0
DA:110,0
DA:119,0
DA:132,0
DA:142,0
DA:143,0
DA:152,0
DA:153,0
DA:154,0
DA:155,0
DA:158,0
DA:165,0
DA:173,0
DA:174,0
DA:183,0
DA:184,0
DA:185,0
DA:186,0
DA:187,0
DA:189,0
DA:190,0
DA:197,0
DA:204,0
DA:205,0
DA:212,0
DA:217,0
DA:223,0
DA:224,0
LF:56
LH:0
BRDA:9,0,0,0
BRDA:9,1,0,0
BRDA:9,2,0,0
BRDA:9,3,0,0
BRDA:71,4,0,0
BRDA:71,4,1,0
BRDA:80,5,0,0
BRDA:80,5,1,0
BRDA:83,6,0,0
BRDA:83,6,1,0
BRDA:136,7,0,0
BRDA:136,7,1,0
BRDA:137,8,0,0
BRDA:137,8,1,0
BRDA:189,9,0,0
BRDA:189,9,1,0
BRDA:189,10,0,0
BRDA:189,10,1,0
BRDA:204,11,0,0
BRDA:204,11,1,0
BRF:20
BRH:0
end_of_record
TN:
SF:controllers\paymentController.js
FN:11,(anonymous_0)
FN:44,(anonymous_1)
FN:66,(anonymous_2)
FN:105,(anonymous_3)
FN:165,(anonymous_4)
FN:197,(anonymous_5)
FN:254,(anonymous_6)
FN:304,(anonymous_7)
FN:349,(anonymous_8)
FNF:9
FNH:0
FNDA:0,(anonymous_0)
FNDA:0,(anonymous_1)
FNDA:0,(anonymous_2)
FNDA:0,(anonymous_3)
FNDA:0,(anonymous_4)
FNDA:0,(anonymous_5)
FNDA:0,(anonymous_6)
FNDA:0,(anonymous_7)
FNDA:0,(anonymous_8)
DA:8,0
DA:11,0
DA:12,0
DA:13,0
DA:14,0
DA:17,0
DA:18,0
DA:25,0
DA:33,0
DA:34,0
DA:41,0
DA:42,0
DA:44,0
DA:46,0
DA:47,0
DA:49,0
DA:57,0
DA:65,0
DA:66,0
DA:73,0
DA:85,0
DA:94,0
DA:96,0
DA:105,0
DA:106,0
DA:107,0
DA:108,0
DA:111,0
DA:112,0
DA:119,0
DA:140,0
DA:141,0
DA:148,0
DA:150,0
DA:151,0
DA:158,0
DA:165,0
DA:172,0
DA:174,0
DA:186,0
DA:188,0
DA:197,0
DA:198,0
DA:199,0
DA:200,0
DA:203,0
DA:206,0
DA:229,0
DA:243,0
DA:245,0
DA:254,0
DA:255,0
DA:256,0
DA:257,0
DA:260,0
DA:280,0
DA:281,0
DA:287,0
DA:293,0
DA:295,0
DA:304,0
DA:305,0
DA:306,0
DA:310,0
DA:311,0
DA:317,0
DA:318,0
DA:322,0
DA:323,0
DA:324,0
DA:325,0
DA:327,0
DA:329,0
DA:344,0
DA:349,0
DA:356,0
DA:361,0
DA:362,0
DA:363,0
DA:365,0
DA:367,0
DA:382,0
DA:384,0
DA:385,0
LF:84
LH:0
BRDA:17,0,0,0
BRDA:17,0,1,0
BRDA:17,1,0,0
BRDA:17,1,1,0
BRDA:17,1,2,0
BRDA:33,2,0,0
BRDA:33,2,1,0
BRDA:46,3,0,0
BRDA:46,3,1,0
BRDA:111,4,0,0
BRDA:111,4,1,0
BRDA:111,5,0,0
BRDA:111,5,1,0
BRDA:140,6,0,0
BRDA:140,6,1,0
BRDA:150,7,0,0
BRDA:150,7,1,0
BRDA:200,8,0,0
BRDA:200,9,0,0
BRDA:280,10,0,0
BRDA:280,10,1,0
BRDA:322,11,0,0
BRDA:322,11,1,0
BRDA:327,12,0,0
BRDA:327,12,1,0
BRDA:327,13,0,0
BRDA:327,13,1,0
BRDA:361,14,0,0
BRDA:361,14,1,0
BRDA:365,15,0,0
BRDA:365,15,1,0
BRF:31
BRH:0
end_of_record
TN:
SF:controllers\reviewController.js
FN:8,(anonymous_0)
FN:97,(anonymous_1)
FN:178,(anonymous_2)
FN:239,(anonymous_3)
FN:287,(anonymous_4)
FN:338,(anonymous_5)
FN:380,(anonymous_6)
FN:428,(anonymous_7)
FNF:8
FNH:0
FNDA:0,(anonymous_0)
FNDA:0,(anonymous_1)
FNDA:0,(anonymous_2)
FNDA:0,(anonymous_3)
FNDA:0,(anonymous_4)
FNDA:0,(anonymous_5)
FNDA:0,(anonymous_6)
FNDA:0,(anonymous_7)
DA:8,0
DA:9,0
DA:10,0
DA:11,0
DA:12,0
DA:15,0
DA:21,0
DA:22,0
DA:29,0
DA:36,0
DA:37,0
DA:44,0
DA:51,0
DA:52,0
DA:59,0
DA:67,0
DA:70,0
DA:81,0
DA:87,0
DA:88,0
DA:97,0
DA:98,0
DA:99,0
DA:100,0
DA:103,0
DA:109,0
DA:110,0
DA:117,0
DA:120,0
DA:148,0
DA:153,0
DA:168,0
DA:169,0
DA:178,0
DA:179,0
DA:180,0
DA:181,0
DA:182,0
DA:185,0
DA:187,0
DA:188,0
DA:195,0
DA:196,0
DA:203,0
DA:209,0
DA:212,0
DA:223,0
DA:229,0
DA:230,0
DA:239,0
DA:240,0
DA:241,0
DA:242,0
DA:243,0
DA:246,0
DA:248,0
DA:249,0
DA:256,0
DA:257,0
DA:264,0
DA:267,0
DA:270,0
DA:272,0
DA:277,0
DA:278,0
DA:287,0
DA:288,0
DA:289,0
DA:290,0
DA:291,0
DA:294,0
DA:296,0
DA:297,0
DA:304,0
DA:311,0
DA:322,0
DA:328,0
DA:329,0
DA:338,0
DA:339,0
DA:340,0
DA:341,0
DA:342,0
DA:345,0
DA:347,0
DA:348,0
DA:355,0
DA:356,0
DA:363,0
DA:365,0
DA:370,0
DA:371,0
DA:380,0
DA:381,0
DA:382,0
DA:383,0
DA:386,0
DA:389,0
DA:404,0
DA:418,0
DA:419,0
DA:428,0
DA:429,0
DA:431,0
DA:439,0
DA:442,0
DA:452,0
DA:453,0
LF:108
LH:0
BRDA:21,0,0,0
BRDA:21,0,1,0
BRDA:36,1,0,0
BRDA:36,1,1,0
BRDA:51,2,0,0
BRDA:51,2,1,0
BRDA:100,3,0,0
BRDA:100,4,0,0
BRDA:100,5,0,0
BRDA:100,6,0,0
BRDA:109,7,0,0
BRDA:109,7,1,0
BRDA:164,8,0,0
BRDA:164,8,1,0
BRDA:187,9,0,0
BRDA:187,9,1,0
BRDA:195,10,0,0
BRDA:195,10,1,0
BRDA:248,11,0,0
BRDA:248,11,1,0
BRDA:256,12,0,0
BRDA:256,12,1,0
BRDA:256,13,0,0
BRDA:256,13,1,0
BRDA:296,14,0,0
BRDA:296,14,1,0
BRDA:347,15,0,0
BRDA:347,15,1,0
BRDA:355,16,0,0
BRDA:355,16,1,0
BRDA:355,17,0,0
BRDA:355,17,1,0
BRDA:383,18,0,0
BRDA:383,19,0,0
BRDA:444,20,0,0
BRDA:444,20,1,0
BRDA:445,21,0,0
BRDA:445,21,1,0
BRF:38
BRH:0
end_of_record
TN:
SF:middleware\auth.js
FN:5,(anonymous_0)
FN:65,(anonymous_1)
FN:66,(anonymous_2)
FN:79,(anonymous_3)
FN:91,(anonymous_4)
FNF:5
FNH:0
FNDA:0,(anonymous_0)
FNDA:0,(anonymous_1)
FNDA:0,(anonymous_2)
FNDA:0,(anonymous_3)
FNDA:0,(anonymous_4)
DA:5,0
DA:6,0
DA:8,0
DA:10,0
DA:11,0
DA:18,0
DA:21,0
DA:24,0
DA:30,0
DA:31,0
DA:38,0
DA:40,0
DA:42,0
DA:43,0
DA:49,0
DA:50,0
DA:56,0
DA:65,0
DA:66,0
DA:67,0
DA:68,0
DA:74,0
DA:79,0
DA:80,0
DA:81,0
DA:87,0
DA:91,0
DA:92,0
DA:93,0
DA:99,0
LF:30
LH:0
BRDA:10,0,0,0
BRDA:10,0,1,0
BRDA:10,1,0,0
BRDA:10,1,1,0
BRDA:30,2,0,0
BRDA:30,2,1,0
BRDA:42,3,0,0
BRDA:42,3,1,0
BRDA:49,4,0,0
BRDA:49,4,1,0
BRDA:67,5,0,0
BRDA:67,5,1,0
BRDA:80,6,0,0
BRDA:80,6,1,0
BRDA:92,7,0,0
BRDA:92,7,1,0
BRF:16
BRH:0
end_of_record
TN:
SF:models\Developer.js
FN:53,(anonymous_0)
FNF:1
FNH:0
FNDA:0,(anonymous_0)
DA:5,0
DA:53,0
DA:55,0
DA:62,0
DA:69,0
DA:76,0
LF:6
LH:0
BRF:0
BRH:0
end_of_record
TN:
SF:models\DeveloperFinance.js
FN:83,(anonymous_0)
FNF:1
FNH:0
FNDA:0,(anonymous_0)
DA:5,0
DA:83,0
DA:85,0
LF:3
LH:0
BRF:0
BRH:0
end_of_record
TN:
SF:models\Game.js
FN:53,(anonymous_0)
FN:160,(anonymous_1)
FNF:2
FNH:0
FNDA:0,(anonymous_0)
FNDA:0,(anonymous_1)
DA:5,0
DA:54,0
DA:55,0
DA:160,0
DA:162,0
DA:169,0
DA:176,0
DA:183,0
DA:190,0
DA:197,0
DA:204,0
DA:211,0
LF:12
LH:0
BRDA:54,0,0,0
BRDA:54,0,1,0
BRDA:54,1,0,0
BRDA:54,1,1,0
BRF:4
BRH:0
end_of_record
TN:
SF:models\GameCategory.js
FN:29,(anonymous_0)
FNF:1
FNH:0
FNDA:0,(anonymous_0)
DA:5,0
DA:29,0
DA:31,0
LF:3
LH:0
BRF:0
BRH:0
end_of_record
TN:
SF:models\GameData.js
FN:71,(anonymous_0)
FNF:1
FNH:0
FNDA:0,(anonymous_0)
DA:5,0
DA:71,0
DA:73,0
DA:80,0
LF:4
LH:0
BRF:0
BRH:0
end_of_record
TN:
SF:models\GameLibrary.js
FN:81,(anonymous_0)
FNF:1
FNH:0
FNDA:0,(anonymous_0)
DA:5,0
DA:81,0
DA:83,0
DA:90,0
LF:4
LH:0
BRF:0
BRH:0
end_of_record
TN:
SF:models\GameSystemRequirement.js
FN:73,(anonymous_0)
FNF:1
FNH:0
FNDA:0,(anonymous_0)
DA:5,0
DA:73,0
DA:75,0
LF:3
LH:0
BRF:0
BRH:0
end_of_record
TN:
SF:models\GameTag.js
FN:24,(anonymous_0)
FNF:1
FNH:0
FNDA:0,(anonymous_0)
DA:5,0
DA:24,0
DA:26,0
LF:3
LH:0
BRF:0
BRH:0
end_of_record
TN:
SF:models\GameVersion.js
FN:73,(anonymous_0)
FNF:1
FNH:0
FNDA:0,(anonymous_0)
DA:5,0
DA:73,0
DA:75,0
LF:3
LH:0
BRF:0
BRH:0
end_of_record
TN:
SF:models\Order.js
FN:52,(anonymous_0)
FNF:1
FNH:0
FNDA:0,(anonymous_0)
DA:5,0
DA:52,0
DA:54,0
DA:61,0
LF:4
LH:0
BRF:0
BRH:0
end_of_record
TN:
SF:models\OrderItem.js
FN:36,(anonymous_0)
FNF:1
FNH:0
FNDA:0,(anonymous_0)
DA:5,0
DA:36,0
DA:38,0
DA:45,0
LF:4
LH:0
BRF:0
BRH:0
end_of_record
TN:
SF:models\Review.js
FN:54,(anonymous_0)
FNF:1
FNH:0
FNDA:0,(anonymous_0)
DA:5,0
DA:54,0
DA:56,0
DA:63,0
DA:70,0
LF:5
LH:0
BRF:0
BRH:0
end_of_record
TN:
SF:models\ReviewReply.js
FN:37,(anonymous_0)
FNF:1
FNH:0
FNDA:0,(anonymous_0)
DA:5,0
DA:37,0
DA:39,0
DA:46,0
LF:4
LH:0
BRF:0
BRH:0
end_of_record
TN:
SF:models\User.js
FN:69,(anonymous_0)
FN:76,(anonymous_1)
FNF:2
FNH:0
FNDA:0,(anonymous_0)
FNDA:0,(anonymous_1)
DA:5,1
DA:76,1
DA:78,0
DA:85,0
DA:92,0
DA:99,0
LF:6
LH:2
BRF:0
BRH:0
end_of_record
TN:
SF:models\WithdrawalRequest.js
FN:72,(anonymous_0)
FNF:1
FNH:0
FNDA:0,(anonymous_0)
DA:5,0
DA:72,0
DA:74,0
LF:3
LH:0
BRF:0
BRH:0
end_of_record
TN:
SF:routes\authRoutes.js
FNF:0
FNH:0
DA:12,0
DA:15,0
DA:18,0
DA:21,0
DA:24,0
DA:27,0
LF:6
LH:0
BRF:0
BRH:0
end_of_record
TN:
SF:routes\developerRoutes.js
FNF:0
FNH:0
DA:17,0
DA:20,0
DA:21,0
DA:22,0
DA:23,0
DA:24,0
DA:25,0
DA:26,0
DA:27,0
DA:28,0
DA:29,0
DA:30,0
LF:12
LH:0
BRF:0
BRH:0
end_of_record
TN:
SF:routes\downloadRoutes.js
FNF:0
FNH:0
DA:12,0
DA:15,0
DA:18,0
DA:21,0
DA:24,0
DA:27,0
LF:6
LH:0
BRF:0
BRH:0
end_of_record
TN:
SF:routes\gameLibraryRoutes.js
FNF:0
FNH:0
DA:11,0
DA:14,0
DA:15,0
DA:16,0
DA:17,0
DA:18,0
LF:6
LH:0
BRF:0
BRH:0
end_of_record
TN:
SF:routes\gameRoutes.js
FNF:0
FNH:0
DA:26,0
DA:29,0
DA:32,0
DA:35,0
DA:38,0
DA:41,0
DA:44,0
DA:47,0
DA:50,0
DA:53,0
DA:56,0
DA:59,0
DA:62,0
DA:65,0
DA:68,0
DA:71,0
DA:72,0
DA:73,0
DA:74,0
DA:75,0
LF:20
LH:0
BRF:0
BRH:0
end_of_record
TN:
SF:routes\paymentRoutes.js
FNF:0
FNH:0
DA:12,0
DA:15,0
DA:18,0
DA:21,0
DA:24,0
DA:27,0
LF:6
LH:0
BRF:0
BRH:0
end_of_record
TN:
SF:routes\reviewRoutes.js
FNF:0
FNH:0
DA:13,0
DA:16,0
DA:17,0
DA:18,0
DA:19,0
DA:20,0
DA:21,0
DA:22,0
LF:8
LH:0
BRF:0
BRH:0
end_of_record
