{"C:\\项目开发\\游戏商店平台项目开发\\backend\\microservices\\game-service\\config\\database.js": {"path":"C:\\项目开发\\游戏商店平台项目开发\\backend\\microservices\\game-service\\config\\database.js","statementMap":{"0":{"start":{"line":6,"column":16},"end":{"line":6,"column":50}},"1":{"start":{"line":7,"column":16},"end":{"line":7,"column":43}},"2":{"start":{"line":8,"column":16},"end":{"line":8,"column":49}},"3":{"start":{"line":9,"column":16},"end":{"line":9,"column":45}},"4":{"start":{"line":10,"column":20},"end":{"line":10,"column":49}},"5":{"start":{"line":11,"column":19},"end":{"line":11,"column":52}},"6":{"start":{"line":17,"column":21},"end":{"line":44,"column":1}},"7":{"start":{"line":18,"column":2},"end":{"line":43,"column":3}},"8":{"start":{"line":19,"column":4},"end":{"line":37,"column":7}},"9":{"start":{"line":23,"column":24},"end":{"line":23,"column":58}},"10":{"start":{"line":39,"column":4},"end":{"line":39,"column":40}},"11":{"start":{"line":41,"column":4},"end":{"line":41,"column":57}},"12":{"start":{"line":42,"column":4},"end":{"line":42,"column":16}},"13":{"start":{"line":47,"column":31},"end":{"line":56,"column":1}},"14":{"start":{"line":48,"column":2},"end":{"line":55,"column":3}},"15":{"start":{"line":49,"column":4},"end":{"line":49,"column":35}},"16":{"start":{"line":50,"column":4},"end":{"line":50,"column":38}},"17":{"start":{"line":51,"column":4},"end":{"line":51,"column":16}},"18":{"start":{"line":53,"column":4},"end":{"line":53,"column":55}},"19":{"start":{"line":54,"column":4},"end":{"line":54,"column":17}},"20":{"start":{"line":59,"column":19},"end":{"line":68,"column":1}},"21":{"start":{"line":60,"column":2},"end":{"line":67,"column":3}},"22":{"start":{"line":62,"column":4},"end":{"line":62,"column":56}},"23":{"start":{"line":63,"column":4},"end":{"line":63,"column":40}},"24":{"start":{"line":65,"column":4},"end":{"line":65,"column":57}},"25":{"start":{"line":66,"column":4},"end":{"line":66,"column":16}},"26":{"start":{"line":71,"column":0},"end":{"line":71,"column":15}},"27":{"start":{"line":74,"column":26},"end":{"line":81,"column":1}},"28":{"start":{"line":76,"column":4},"end":{"line":76,"column":21}},"29":{"start":{"line":78,"column":21},"end":{"line":78,"column":30}}},"fnMap":{"0":{"name":"(anonymous_0)","decl":{"start":{"line":17,"column":21},"end":{"line":17,"column":22}},"loc":{"start":{"line":17,"column":27},"end":{"line":44,"column":1}},"line":17},"1":{"name":"(anonymous_1)","decl":{"start":{"line":23,"column":15},"end":{"line":23,"column":16}},"loc":{"start":{"line":23,"column":24},"end":{"line":23,"column":58}},"line":23},"2":{"name":"(anonymous_2)","decl":{"start":{"line":47,"column":31},"end":{"line":47,"column":32}},"loc":{"start":{"line":47,"column":43},"end":{"line":56,"column":1}},"line":47},"3":{"name":"(anonymous_3)","decl":{"start":{"line":59,"column":19},"end":{"line":59,"column":20}},"loc":{"start":{"line":59,"column":31},"end":{"line":68,"column":1}},"line":59},"4":{"name":"(anonymous_4)","decl":{"start":{"line":75,"column":2},"end":{"line":75,"column":3}},"loc":{"start":{"line":75,"column":18},"end":{"line":77,"column":3}},"line":75},"5":{"name":"(anonymous_5)","decl":{"start":{"line":78,"column":15},"end":{"line":78,"column":16}},"loc":{"start":{"line":78,"column":21},"end":{"line":78,"column":30}},"line":78}},"branchMap":{"0":{"loc":{"start":{"line":6,"column":16},"end":{"line":6,"column":50}},"type":"binary-expr","locations":[{"start":{"line":6,"column":16},"end":{"line":6,"column":35}},{"start":{"line":6,"column":39},"end":{"line":6,"column":50}}],"line":6},"1":{"loc":{"start":{"line":7,"column":16},"end":{"line":7,"column":43}},"type":"binary-expr","locations":[{"start":{"line":7,"column":16},"end":{"line":7,"column":35}},{"start":{"line":7,"column":39},"end":{"line":7,"column":43}}],"line":7},"2":{"loc":{"start":{"line":8,"column":16},"end":{"line":8,"column":49}},"type":"binary-expr","locations":[{"start":{"line":8,"column":16},"end":{"line":8,"column":35}},{"start":{"line":8,"column":39},"end":{"line":8,"column":49}}],"line":8},"3":{"loc":{"start":{"line":9,"column":16},"end":{"line":9,"column":45}},"type":"binary-expr","locations":[{"start":{"line":9,"column":16},"end":{"line":9,"column":35}},{"start":{"line":9,"column":39},"end":{"line":9,"column":45}}],"line":9},"4":{"loc":{"start":{"line":10,"column":20},"end":{"line":10,"column":49}},"type":"binary-expr","locations":[{"start":{"line":10,"column":20},"end":{"line":10,"column":43}},{"start":{"line":10,"column":47},"end":{"line":10,"column":49}}],"line":10},"5":{"loc":{"start":{"line":11,"column":19},"end":{"line":11,"column":52}},"type":"binary-expr","locations":[{"start":{"line":11,"column":19},"end":{"line":11,"column":41}},{"start":{"line":11,"column":45},"end":{"line":11,"column":52}}],"line":11}},"s":{"0":0,"1":0,"2":0,"3":0,"4":0,"5":0,"6":0,"7":0,"8":0,"9":0,"10":0,"11":0,"12":0,"13":0,"14":0,"15":0,"16":0,"17":0,"18":0,"19":0,"20":0,"21":0,"22":0,"23":0,"24":0,"25":0,"26":0,"27":0,"28":0,"29":0},"f":{"0":0,"1":0,"2":0,"3":0,"4":0,"5":0},"b":{"0":[0,0],"1":[0,0],"2":[0,0],"3":[0,0],"4":[0,0],"5":[0,0]}}
,"C:\\项目开发\\游戏商店平台项目开发\\backend\\microservices\\game-service\\config\\logger.js": {"path":"C:\\项目开发\\游戏商店平台项目开发\\backend\\microservices\\game-service\\config\\logger.js","statementMap":{"0":{"start":{"line":7,"column":19},"end":{"line":7,"column":49}},"1":{"start":{"line":8,"column":18},"end":{"line":8,"column":42}},"2":{"start":{"line":11,"column":15},"end":{"line":11,"column":49}},"3":{"start":{"line":14,"column":15},"end":{"line":46,"column":2}},"4":{"start":{"line":49,"column":0},"end":{"line":58,"column":1}},"5":{"start":{"line":50,"column":2},"end":{"line":57,"column":4}},"6":{"start":{"line":61,"column":0},"end":{"line":65,"column":2}},"7":{"start":{"line":63,"column":4},"end":{"line":63,"column":32}}},"fnMap":{"0":{"name":"(anonymous_0)","decl":{"start":{"line":62,"column":9},"end":{"line":62,"column":10}},"loc":{"start":{"line":62,"column":22},"end":{"line":64,"column":3}},"line":62}},"branchMap":{"0":{"loc":{"start":{"line":15,"column":9},"end":{"line":15,"column":40}},"type":"binary-expr","locations":[{"start":{"line":15,"column":9},"end":{"line":15,"column":30}},{"start":{"line":15,"column":34},"end":{"line":15,"column":40}}],"line":15},"1":{"loc":{"start":{"line":49,"column":0},"end":{"line":58,"column":1}},"type":"if","locations":[{"start":{"line":49,"column":0},"end":{"line":58,"column":1}},{"start":{},"end":{}}],"line":49}},"s":{"0":0,"1":0,"2":0,"3":0,"4":0,"5":0,"6":0,"7":0},"f":{"0":0},"b":{"0":[0,0],"1":[0,0]}}
,"C:\\项目开发\\游戏商店平台项目开发\\backend\\microservices\\game-service\\config\\redis.js": {"path":"C:\\项目开发\\游戏商店平台项目开发\\backend\\microservices\\game-service\\config\\redis.js","statementMap":{"0":{"start":{"line":6,"column":20},"end":{"line":6,"column":29}},"1":{"start":{"line":9,"column":21},"end":{"line":21,"column":1}},"2":{"start":{"line":14,"column":20},"end":{"line":14,"column":50}},"3":{"start":{"line":15,"column":6},"end":{"line":15,"column":62}},"4":{"start":{"line":16,"column":6},"end":{"line":16,"column":19}},"5":{"start":{"line":25,"column":23},"end":{"line":25,"column":28}},"6":{"start":{"line":28,"column":24},"end":{"line":62,"column":1}},"7":{"start":{"line":29,"column":2},"end":{"line":61,"column":3}},"8":{"start":{"line":30,"column":4},"end":{"line":30,"column":45}},"9":{"start":{"line":33,"column":4},"end":{"line":36,"column":7}},"10":{"start":{"line":34,"column":6},"end":{"line":34,"column":34}},"11":{"start":{"line":35,"column":6},"end":{"line":35,"column":30}},"12":{"start":{"line":39,"column":4},"end":{"line":42,"column":7}},"13":{"start":{"line":40,"column":6},"end":{"line":40,"column":51}},"14":{"start":{"line":41,"column":6},"end":{"line":41,"column":31}},"15":{"start":{"line":45,"column":4},"end":{"line":47,"column":7}},"16":{"start":{"line":46,"column":6},"end":{"line":46,"column":43}},"17":{"start":{"line":50,"column":4},"end":{"line":53,"column":7}},"18":{"start":{"line":51,"column":6},"end":{"line":51,"column":35}},"19":{"start":{"line":52,"column":6},"end":{"line":52,"column":31}},"20":{"start":{"line":56,"column":4},"end":{"line":56,"column":32}},"21":{"start":{"line":57,"column":4},"end":{"line":57,"column":33}},"22":{"start":{"line":59,"column":4},"end":{"line":59,"column":50}},"23":{"start":{"line":60,"column":4},"end":{"line":60,"column":29}},"24":{"start":{"line":65,"column":25},"end":{"line":74,"column":1}},"25":{"start":{"line":66,"column":2},"end":{"line":73,"column":3}},"26":{"start":{"line":67,"column":4},"end":{"line":70,"column":5}},"27":{"start":{"line":68,"column":6},"end":{"line":68,"column":31}},"28":{"start":{"line":69,"column":6},"end":{"line":69,"column":36}},"29":{"start":{"line":72,"column":4},"end":{"line":72,"column":52}},"30":{"start":{"line":77,"column":21},"end":{"line":181,"column":1}},"31":{"start":{"line":80,"column":4},"end":{"line":94,"column":5}},"32":{"start":{"line":81,"column":6},"end":{"line":91,"column":7}},"33":{"start":{"line":82,"column":8},"end":{"line":82,"column":71}},"34":{"start":{"line":83,"column":8},"end":{"line":83,"column":63}},"35":{"start":{"line":86,"column":8},"end":{"line":89,"column":11}},"36":{"start":{"line":90,"column":8},"end":{"line":90,"column":69}},"37":{"start":{"line":93,"column":6},"end":{"line":93,"column":68}},"38":{"start":{"line":99,"column":4},"end":{"line":122,"column":5}},"39":{"start":{"line":100,"column":6},"end":{"line":117,"column":7}},"40":{"start":{"line":101,"column":22},"end":{"line":101,"column":48}},"41":{"start":{"line":102,"column":8},"end":{"line":105,"column":9}},"42":{"start":{"line":103,"column":10},"end":{"line":103,"column":51}},"43":{"start":{"line":104,"column":10},"end":{"line":104,"column":35}},"44":{"start":{"line":108,"column":23},"end":{"line":108,"column":43}},"45":{"start":{"line":109,"column":8},"end":{"line":116,"column":9}},"46":{"start":{"line":110,"column":10},"end":{"line":110,"column":57}},"47":{"start":{"line":111,"column":10},"end":{"line":111,"column":30}},"48":{"start":{"line":112,"column":15},"end":{"line":116,"column":9}},"49":{"start":{"line":114,"column":10},"end":{"line":114,"column":34}},"50":{"start":{"line":115,"column":10},"end":{"line":115,"column":58}},"51":{"start":{"line":118,"column":6},"end":{"line":118,"column":18}},"52":{"start":{"line":120,"column":6},"end":{"line":120,"column":68}},"53":{"start":{"line":121,"column":6},"end":{"line":121,"column":18}},"54":{"start":{"line":127,"column":4},"end":{"line":137,"column":5}},"55":{"start":{"line":128,"column":6},"end":{"line":131,"column":7}},"56":{"start":{"line":129,"column":8},"end":{"line":129,"column":35}},"57":{"start":{"line":130,"column":8},"end":{"line":130,"column":49}},"58":{"start":{"line":133,"column":6},"end":{"line":133,"column":30}},"59":{"start":{"line":134,"column":6},"end":{"line":134,"column":53}},"60":{"start":{"line":136,"column":6},"end":{"line":136,"column":68}},"61":{"start":{"line":142,"column":4},"end":{"line":152,"column":5}},"62":{"start":{"line":143,"column":6},"end":{"line":146,"column":7}},"63":{"start":{"line":144,"column":8},"end":{"line":144,"column":37}},"64":{"start":{"line":145,"column":8},"end":{"line":145,"column":41}},"65":{"start":{"line":148,"column":6},"end":{"line":148,"column":26}},"66":{"start":{"line":149,"column":6},"end":{"line":149,"column":45}},"67":{"start":{"line":151,"column":6},"end":{"line":151,"column":58}},"68":{"start":{"line":157,"column":4},"end":{"line":174,"column":5}},"69":{"start":{"line":158,"column":6},"end":{"line":171,"column":7}},"70":{"start":{"line":159,"column":8},"end":{"line":159,"column":43}},"71":{"start":{"line":160,"column":8},"end":{"line":160,"column":65}},"72":{"start":{"line":163,"column":23},"end":{"line":163,"column":43}},"73":{"start":{"line":164,"column":8},"end":{"line":170,"column":9}},"74":{"start":{"line":165,"column":10},"end":{"line":168,"column":13}},"75":{"start":{"line":169,"column":10},"end":{"line":169,"column":73}},"76":{"start":{"line":173,"column":6},"end":{"line":173,"column":70}},"77":{"start":{"line":179,"column":4},"end":{"line":179,"column":28}},"78":{"start":{"line":184,"column":0},"end":{"line":198,"column":10}},"79":{"start":{"line":185,"column":14},"end":{"line":185,"column":24}},"80":{"start":{"line":186,"column":21},"end":{"line":186,"column":22}},"81":{"start":{"line":188,"column":2},"end":{"line":193,"column":3}},"82":{"start":{"line":189,"column":4},"end":{"line":192,"column":5}},"83":{"start":{"line":190,"column":6},"end":{"line":190,"column":30}},"84":{"start":{"line":191,"column":6},"end":{"line":191,"column":21}},"85":{"start":{"line":195,"column":2},"end":{"line":197,"column":3}},"86":{"start":{"line":196,"column":4},"end":{"line":196,"column":59}},"87":{"start":{"line":201,"column":0},"end":{"line":201,"column":18}}},"fnMap":{"0":{"name":"(anonymous_0)","decl":{"start":{"line":13,"column":23},"end":{"line":13,"column":24}},"loc":{"start":{"line":13,"column":36},"end":{"line":17,"column":5}},"line":13},"1":{"name":"(anonymous_1)","decl":{"start":{"line":28,"column":24},"end":{"line":28,"column":25}},"loc":{"start":{"line":28,"column":36},"end":{"line":62,"column":1}},"line":28},"2":{"name":"(anonymous_2)","decl":{"start":{"line":33,"column":30},"end":{"line":33,"column":31}},"loc":{"start":{"line":33,"column":36},"end":{"line":36,"column":5}},"line":33},"3":{"name":"(anonymous_3)","decl":{"start":{"line":39,"column":28},"end":{"line":39,"column":29}},"loc":{"start":{"line":39,"column":39},"end":{"line":42,"column":5}},"line":39},"4":{"name":"(anonymous_4)","decl":{"start":{"line":45,"column":35},"end":{"line":45,"column":36}},"loc":{"start":{"line":45,"column":45},"end":{"line":47,"column":5}},"line":45},"5":{"name":"(anonymous_5)","decl":{"start":{"line":50,"column":26},"end":{"line":50,"column":27}},"loc":{"start":{"line":50,"column":32},"end":{"line":53,"column":5}},"line":50},"6":{"name":"(anonymous_6)","decl":{"start":{"line":65,"column":25},"end":{"line":65,"column":26}},"loc":{"start":{"line":65,"column":37},"end":{"line":74,"column":1}},"line":65},"7":{"name":"(anonymous_7)","decl":{"start":{"line":79,"column":2},"end":{"line":79,"column":3}},"loc":{"start":{"line":79,"column":36},"end":{"line":95,"column":3}},"line":79},"8":{"name":"(anonymous_8)","decl":{"start":{"line":98,"column":2},"end":{"line":98,"column":3}},"loc":{"start":{"line":98,"column":17},"end":{"line":123,"column":3}},"line":98},"9":{"name":"(anonymous_9)","decl":{"start":{"line":126,"column":2},"end":{"line":126,"column":3}},"loc":{"start":{"line":126,"column":17},"end":{"line":138,"column":3}},"line":126},"10":{"name":"(anonymous_10)","decl":{"start":{"line":141,"column":2},"end":{"line":141,"column":3}},"loc":{"start":{"line":141,"column":19},"end":{"line":153,"column":3}},"line":141},"11":{"name":"(anonymous_11)","decl":{"start":{"line":156,"column":2},"end":{"line":156,"column":3}},"loc":{"start":{"line":156,"column":25},"end":{"line":175,"column":3}},"line":156},"12":{"name":"(anonymous_12)","decl":{"start":{"line":178,"column":2},"end":{"line":178,"column":3}},"loc":{"start":{"line":178,"column":16},"end":{"line":180,"column":3}},"line":178},"13":{"name":"(anonymous_13)","decl":{"start":{"line":184,"column":12},"end":{"line":184,"column":13}},"loc":{"start":{"line":184,"column":18},"end":{"line":198,"column":1}},"line":184}},"branchMap":{"0":{"loc":{"start":{"line":10,"column":7},"end":{"line":10,"column":56}},"type":"binary-expr","locations":[{"start":{"line":10,"column":7},"end":{"line":10,"column":28}},{"start":{"line":10,"column":32},"end":{"line":10,"column":56}}],"line":10},"1":{"loc":{"start":{"line":19,"column":12},"end":{"line":19,"column":51}},"type":"binary-expr","locations":[{"start":{"line":19,"column":12},"end":{"line":19,"column":38}},{"start":{"line":19,"column":42},"end":{"line":19,"column":51}}],"line":19},"2":{"loc":{"start":{"line":20,"column":21},"end":{"line":20,"column":54}},"type":"binary-expr","locations":[{"start":{"line":20,"column":21},"end":{"line":20,"column":47}},{"start":{"line":20,"column":51},"end":{"line":20,"column":54}}],"line":20},"3":{"loc":{"start":{"line":67,"column":4},"end":{"line":70,"column":5}},"type":"if","locations":[{"start":{"line":67,"column":4},"end":{"line":70,"column":5}},{"start":{},"end":{}}],"line":67},"4":{"loc":{"start":{"line":79,"column":24},"end":{"line":79,"column":34}},"type":"default-arg","locations":[{"start":{"line":79,"column":30},"end":{"line":79,"column":34}}],"line":79},"5":{"loc":{"start":{"line":81,"column":6},"end":{"line":91,"column":7}},"type":"if","locations":[{"start":{"line":81,"column":6},"end":{"line":91,"column":7}},{"start":{"line":84,"column":13},"end":{"line":91,"column":7}}],"line":81},"6":{"loc":{"start":{"line":81,"column":10},"end":{"line":81,"column":41}},"type":"binary-expr","locations":[{"start":{"line":81,"column":10},"end":{"line":81,"column":26}},{"start":{"line":81,"column":30},"end":{"line":81,"column":41}}],"line":81},"7":{"loc":{"start":{"line":100,"column":6},"end":{"line":117,"column":7}},"type":"if","locations":[{"start":{"line":100,"column":6},"end":{"line":117,"column":7}},{"start":{"line":106,"column":13},"end":{"line":117,"column":7}}],"line":100},"8":{"loc":{"start":{"line":100,"column":10},"end":{"line":100,"column":41}},"type":"binary-expr","locations":[{"start":{"line":100,"column":10},"end":{"line":100,"column":26}},{"start":{"line":100,"column":30},"end":{"line":100,"column":41}}],"line":100},"9":{"loc":{"start":{"line":102,"column":8},"end":{"line":105,"column":9}},"type":"if","locations":[{"start":{"line":102,"column":8},"end":{"line":105,"column":9}},{"start":{},"end":{}}],"line":102},"10":{"loc":{"start":{"line":109,"column":8},"end":{"line":116,"column":9}},"type":"if","locations":[{"start":{"line":109,"column":8},"end":{"line":116,"column":9}},{"start":{"line":112,"column":15},"end":{"line":116,"column":9}}],"line":109},"11":{"loc":{"start":{"line":109,"column":12},"end":{"line":109,"column":48}},"type":"binary-expr","locations":[{"start":{"line":109,"column":12},"end":{"line":109,"column":18}},{"start":{"line":109,"column":22},"end":{"line":109,"column":48}}],"line":109},"12":{"loc":{"start":{"line":112,"column":15},"end":{"line":116,"column":9}},"type":"if","locations":[{"start":{"line":112,"column":15},"end":{"line":116,"column":9}},{"start":{},"end":{}}],"line":112},"13":{"loc":{"start":{"line":128,"column":6},"end":{"line":131,"column":7}},"type":"if","locations":[{"start":{"line":128,"column":6},"end":{"line":131,"column":7}},{"start":{},"end":{}}],"line":128},"14":{"loc":{"start":{"line":128,"column":10},"end":{"line":128,"column":41}},"type":"binary-expr","locations":[{"start":{"line":128,"column":10},"end":{"line":128,"column":26}},{"start":{"line":128,"column":30},"end":{"line":128,"column":41}}],"line":128},"15":{"loc":{"start":{"line":143,"column":6},"end":{"line":146,"column":7}},"type":"if","locations":[{"start":{"line":143,"column":6},"end":{"line":146,"column":7}},{"start":{},"end":{}}],"line":143},"16":{"loc":{"start":{"line":143,"column":10},"end":{"line":143,"column":41}},"type":"binary-expr","locations":[{"start":{"line":143,"column":10},"end":{"line":143,"column":26}},{"start":{"line":143,"column":30},"end":{"line":143,"column":41}}],"line":143},"17":{"loc":{"start":{"line":158,"column":6},"end":{"line":171,"column":7}},"type":"if","locations":[{"start":{"line":158,"column":6},"end":{"line":171,"column":7}},{"start":{"line":161,"column":13},"end":{"line":171,"column":7}}],"line":158},"18":{"loc":{"start":{"line":158,"column":10},"end":{"line":158,"column":41}},"type":"binary-expr","locations":[{"start":{"line":158,"column":10},"end":{"line":158,"column":26}},{"start":{"line":158,"column":30},"end":{"line":158,"column":41}}],"line":158},"19":{"loc":{"start":{"line":164,"column":8},"end":{"line":170,"column":9}},"type":"if","locations":[{"start":{"line":164,"column":8},"end":{"line":170,"column":9}},{"start":{},"end":{}}],"line":164},"20":{"loc":{"start":{"line":189,"column":4},"end":{"line":192,"column":5}},"type":"if","locations":[{"start":{"line":189,"column":4},"end":{"line":192,"column":5}},{"start":{},"end":{}}],"line":189},"21":{"loc":{"start":{"line":195,"column":2},"end":{"line":197,"column":3}},"type":"if","locations":[{"start":{"line":195,"column":2},"end":{"line":197,"column":3}},{"start":{},"end":{}}],"line":195}},"s":{"0":0,"1":0,"2":0,"3":0,"4":0,"5":0,"6":0,"7":0,"8":0,"9":0,"10":0,"11":0,"12":0,"13":0,"14":0,"15":0,"16":0,"17":0,"18":0,"19":0,"20":0,"21":0,"22":0,"23":0,"24":0,"25":0,"26":0,"27":0,"28":0,"29":0,"30":0,"31":0,"32":0,"33":0,"34":0,"35":0,"36":0,"37":0,"38":0,"39":0,"40":0,"41":0,"42":0,"43":0,"44":0,"45":0,"46":0,"47":0,"48":0,"49":0,"50":0,"51":0,"52":0,"53":0,"54":0,"55":0,"56":0,"57":0,"58":0,"59":0,"60":0,"61":0,"62":0,"63":0,"64":0,"65":0,"66":0,"67":0,"68":0,"69":0,"70":0,"71":0,"72":0,"73":0,"74":0,"75":0,"76":0,"77":0,"78":0,"79":0,"80":0,"81":0,"82":0,"83":0,"84":0,"85":0,"86":0,"87":0},"f":{"0":0,"1":0,"2":0,"3":0,"4":0,"5":0,"6":0,"7":0,"8":0,"9":0,"10":0,"11":0,"12":0,"13":0},"b":{"0":[0,0],"1":[0,0],"2":[0,0],"3":[0,0],"4":[0],"5":[0,0],"6":[0,0],"7":[0,0],"8":[0,0],"9":[0,0],"10":[0,0],"11":[0,0],"12":[0,0],"13":[0,0],"14":[0,0],"15":[0,0],"16":[0,0],"17":[0,0],"18":[0,0],"19":[0,0],"20":[0,0],"21":[0,0]}}
,"C:\\项目开发\\游戏商店平台项目开发\\backend\\microservices\\game-service\\controllers\\gameListController.js": {"path":"C:\\项目开发\\游戏商店平台项目开发\\backend\\microservices\\game-service\\controllers\\gameListController.js","statementMap":{"0":{"start":{"line":9,"column":21},"end":{"line":9,"column":35}},"1":{"start":{"line":12,"column":20},"end":{"line":112,"column":1}},"2":{"start":{"line":13,"column":2},"end":{"line":111,"column":3}},"3":{"start":{"line":14,"column":4},"end":{"line":14,"column":84}},"4":{"start":{"line":17,"column":21},"end":{"line":17,"column":78}},"5":{"start":{"line":20,"column":24},"end":{"line":20,"column":56}},"6":{"start":{"line":21,"column":4},"end":{"line":28,"column":5}},"7":{"start":{"line":22,"column":6},"end":{"line":22,"column":68}},"8":{"start":{"line":23,"column":6},"end":{"line":27,"column":9}},"9":{"start":{"line":31,"column":60},"end":{"line":31,"column":69}},"10":{"start":{"line":32,"column":19},"end":{"line":32,"column":65}},"11":{"start":{"line":35,"column":18},"end":{"line":47,"column":5}},"12":{"start":{"line":50,"column":4},"end":{"line":57,"column":5}},"13":{"start":{"line":51,"column":6},"end":{"line":56,"column":9}},"14":{"start":{"line":60,"column":4},"end":{"line":67,"column":5}},"15":{"start":{"line":61,"column":6},"end":{"line":66,"column":9}},"16":{"start":{"line":70,"column":4},"end":{"line":75,"column":5}},"17":{"start":{"line":71,"column":6},"end":{"line":74,"column":8}},"18":{"start":{"line":78,"column":28},"end":{"line":78,"column":61}},"19":{"start":{"line":81,"column":25},"end":{"line":89,"column":5}},"20":{"start":{"line":92,"column":4},"end":{"line":92,"column":57}},"21":{"start":{"line":93,"column":4},"end":{"line":93,"column":63}},"22":{"start":{"line":95,"column":4},"end":{"line":95,"column":63}},"23":{"start":{"line":96,"column":4},"end":{"line":100,"column":7}},"24":{"start":{"line":102,"column":4},"end":{"line":102,"column":68}},"25":{"start":{"line":103,"column":4},"end":{"line":110,"column":7}},"26":{"start":{"line":115,"column":22},"end":{"line":177,"column":1}},"27":{"start":{"line":116,"column":2},"end":{"line":176,"column":3}},"28":{"start":{"line":117,"column":19},"end":{"line":117,"column":29}},"29":{"start":{"line":118,"column":4},"end":{"line":118,"column":61}},"30":{"start":{"line":121,"column":21},"end":{"line":121,"column":57}},"31":{"start":{"line":124,"column":23},"end":{"line":124,"column":55}},"32":{"start":{"line":125,"column":4},"end":{"line":132,"column":5}},"33":{"start":{"line":126,"column":6},"end":{"line":126,"column":68}},"34":{"start":{"line":127,"column":6},"end":{"line":131,"column":9}},"35":{"start":{"line":135,"column":17},"end":{"line":143,"column":6}},"36":{"start":{"line":145,"column":4},"end":{"line":154,"column":5}},"37":{"start":{"line":146,"column":6},"end":{"line":146,"column":58}},"38":{"start":{"line":147,"column":6},"end":{"line":153,"column":9}},"39":{"start":{"line":157,"column":4},"end":{"line":157,"column":49}},"40":{"start":{"line":158,"column":4},"end":{"line":158,"column":63}},"41":{"start":{"line":160,"column":4},"end":{"line":160,"column":61}},"42":{"start":{"line":161,"column":4},"end":{"line":165,"column":7}},"43":{"start":{"line":167,"column":4},"end":{"line":167,"column":95}},"44":{"start":{"line":168,"column":4},"end":{"line":175,"column":7}},"45":{"start":{"line":180,"column":22},"end":{"line":225,"column":1}},"46":{"start":{"line":181,"column":2},"end":{"line":224,"column":3}},"47":{"start":{"line":182,"column":4},"end":{"line":182,"column":51}},"48":{"start":{"line":185,"column":21},"end":{"line":185,"column":54}},"49":{"start":{"line":188,"column":29},"end":{"line":188,"column":61}},"50":{"start":{"line":189,"column":4},"end":{"line":196,"column":5}},"51":{"start":{"line":190,"column":6},"end":{"line":190,"column":70}},"52":{"start":{"line":191,"column":6},"end":{"line":195,"column":9}},"53":{"start":{"line":199,"column":23},"end":{"line":202,"column":6}},"54":{"start":{"line":205,"column":4},"end":{"line":205,"column":60}},"55":{"start":{"line":206,"column":4},"end":{"line":206,"column":65}},"56":{"start":{"line":208,"column":4},"end":{"line":208,"column":77}},"57":{"start":{"line":209,"column":4},"end":{"line":213,"column":7}},"58":{"start":{"line":215,"column":4},"end":{"line":215,"column":70}},"59":{"start":{"line":216,"column":4},"end":{"line":223,"column":7}},"60":{"start":{"line":228,"column":16},"end":{"line":273,"column":1}},"61":{"start":{"line":229,"column":2},"end":{"line":272,"column":3}},"62":{"start":{"line":230,"column":4},"end":{"line":230,"column":51}},"63":{"start":{"line":233,"column":21},"end":{"line":233,"column":48}},"64":{"start":{"line":236,"column":23},"end":{"line":236,"column":55}},"65":{"start":{"line":237,"column":4},"end":{"line":244,"column":5}},"66":{"start":{"line":238,"column":6},"end":{"line":238,"column":70}},"67":{"start":{"line":239,"column":6},"end":{"line":243,"column":9}},"68":{"start":{"line":247,"column":17},"end":{"line":250,"column":6}},"69":{"start":{"line":253,"column":4},"end":{"line":253,"column":54}},"70":{"start":{"line":254,"column":4},"end":{"line":254,"column":65}},"71":{"start":{"line":256,"column":4},"end":{"line":256,"column":71}},"72":{"start":{"line":257,"column":4},"end":{"line":261,"column":7}},"73":{"start":{"line":263,"column":4},"end":{"line":263,"column":70}},"74":{"start":{"line":264,"column":4},"end":{"line":271,"column":7}},"75":{"start":{"line":276,"column":24},"end":{"line":328,"column":1}},"76":{"start":{"line":277,"column":2},"end":{"line":327,"column":3}},"77":{"start":{"line":278,"column":4},"end":{"line":278,"column":51}},"78":{"start":{"line":281,"column":21},"end":{"line":281,"column":52}},"79":{"start":{"line":284,"column":24},"end":{"line":284,"column":56}},"80":{"start":{"line":285,"column":4},"end":{"line":292,"column":5}},"81":{"start":{"line":286,"column":6},"end":{"line":286,"column":70}},"82":{"start":{"line":287,"column":6},"end":{"line":291,"column":9}},"83":{"start":{"line":295,"column":18},"end":{"line":305,"column":6}},"84":{"start":{"line":308,"column":4},"end":{"line":308,"column":50}},"85":{"start":{"line":309,"column":4},"end":{"line":309,"column":65}},"86":{"start":{"line":311,"column":4},"end":{"line":311,"column":71}},"87":{"start":{"line":312,"column":4},"end":{"line":316,"column":7}},"88":{"start":{"line":318,"column":4},"end":{"line":318,"column":70}},"89":{"start":{"line":319,"column":4},"end":{"line":326,"column":7}},"90":{"start":{"line":331,"column":20},"end":{"line":380,"column":1}},"91":{"start":{"line":332,"column":2},"end":{"line":379,"column":3}},"92":{"start":{"line":333,"column":4},"end":{"line":333,"column":50}},"93":{"start":{"line":336,"column":21},"end":{"line":336,"column":48}},"94":{"start":{"line":339,"column":24},"end":{"line":339,"column":56}},"95":{"start":{"line":340,"column":4},"end":{"line":347,"column":5}},"96":{"start":{"line":341,"column":6},"end":{"line":341,"column":69}},"97":{"start":{"line":342,"column":6},"end":{"line":346,"column":9}},"98":{"start":{"line":350,"column":18},"end":{"line":357,"column":6}},"99":{"start":{"line":360,"column":4},"end":{"line":360,"column":50}},"100":{"start":{"line":361,"column":4},"end":{"line":361,"column":64}},"101":{"start":{"line":363,"column":4},"end":{"line":363,"column":70}},"102":{"start":{"line":364,"column":4},"end":{"line":368,"column":7}},"103":{"start":{"line":370,"column":4},"end":{"line":370,"column":69}},"104":{"start":{"line":371,"column":4},"end":{"line":378,"column":7}}},"fnMap":{"0":{"name":"(anonymous_0)","decl":{"start":{"line":12,"column":20},"end":{"line":12,"column":21}},"loc":{"start":{"line":12,"column":40},"end":{"line":112,"column":1}},"line":12},"1":{"name":"(anonymous_1)","decl":{"start":{"line":115,"column":22},"end":{"line":115,"column":23}},"loc":{"start":{"line":115,"column":42},"end":{"line":177,"column":1}},"line":115},"2":{"name":"(anonymous_2)","decl":{"start":{"line":180,"column":22},"end":{"line":180,"column":23}},"loc":{"start":{"line":180,"column":42},"end":{"line":225,"column":1}},"line":180},"3":{"name":"(anonymous_3)","decl":{"start":{"line":228,"column":16},"end":{"line":228,"column":17}},"loc":{"start":{"line":228,"column":36},"end":{"line":273,"column":1}},"line":228},"4":{"name":"(anonymous_4)","decl":{"start":{"line":276,"column":24},"end":{"line":276,"column":25}},"loc":{"start":{"line":276,"column":44},"end":{"line":328,"column":1}},"line":276},"5":{"name":"(anonymous_5)","decl":{"start":{"line":331,"column":20},"end":{"line":331,"column":21}},"loc":{"start":{"line":331,"column":40},"end":{"line":380,"column":1}},"line":331}},"branchMap":{"0":{"loc":{"start":{"line":21,"column":4},"end":{"line":28,"column":5}},"type":"if","locations":[{"start":{"line":21,"column":4},"end":{"line":28,"column":5}},{"start":{},"end":{}}],"line":21},"1":{"loc":{"start":{"line":31,"column":35},"end":{"line":31,"column":43}},"type":"default-arg","locations":[{"start":{"line":31,"column":42},"end":{"line":31,"column":43}}],"line":31},"2":{"loc":{"start":{"line":31,"column":45},"end":{"line":31,"column":55}},"type":"default-arg","locations":[{"start":{"line":31,"column":53},"end":{"line":31,"column":55}}],"line":31},"3":{"loc":{"start":{"line":50,"column":4},"end":{"line":57,"column":5}},"type":"if","locations":[{"start":{"line":50,"column":4},"end":{"line":57,"column":5}},{"start":{},"end":{}}],"line":50},"4":{"loc":{"start":{"line":60,"column":4},"end":{"line":67,"column":5}},"type":"if","locations":[{"start":{"line":60,"column":4},"end":{"line":67,"column":5}},{"start":{},"end":{}}],"line":60},"5":{"loc":{"start":{"line":70,"column":4},"end":{"line":75,"column":5}},"type":"if","locations":[{"start":{"line":70,"column":4},"end":{"line":75,"column":5}},{"start":{},"end":{}}],"line":70},"6":{"loc":{"start":{"line":125,"column":4},"end":{"line":132,"column":5}},"type":"if","locations":[{"start":{"line":125,"column":4},"end":{"line":132,"column":5}},{"start":{},"end":{}}],"line":125},"7":{"loc":{"start":{"line":145,"column":4},"end":{"line":154,"column":5}},"type":"if","locations":[{"start":{"line":145,"column":4},"end":{"line":154,"column":5}},{"start":{},"end":{}}],"line":145},"8":{"loc":{"start":{"line":189,"column":4},"end":{"line":196,"column":5}},"type":"if","locations":[{"start":{"line":189,"column":4},"end":{"line":196,"column":5}},{"start":{},"end":{}}],"line":189},"9":{"loc":{"start":{"line":237,"column":4},"end":{"line":244,"column":5}},"type":"if","locations":[{"start":{"line":237,"column":4},"end":{"line":244,"column":5}},{"start":{},"end":{}}],"line":237},"10":{"loc":{"start":{"line":285,"column":4},"end":{"line":292,"column":5}},"type":"if","locations":[{"start":{"line":285,"column":4},"end":{"line":292,"column":5}},{"start":{},"end":{}}],"line":285},"11":{"loc":{"start":{"line":340,"column":4},"end":{"line":347,"column":5}},"type":"if","locations":[{"start":{"line":340,"column":4},"end":{"line":347,"column":5}},{"start":{},"end":{}}],"line":340}},"s":{"0":1,"1":1,"2":2,"3":2,"4":2,"5":2,"6":0,"7":0,"8":0,"9":0,"10":0,"11":0,"12":0,"13":0,"14":0,"15":0,"16":0,"17":0,"18":0,"19":0,"20":0,"21":0,"22":0,"23":0,"24":2,"25":2,"26":1,"27":2,"28":2,"29":2,"30":2,"31":2,"32":0,"33":0,"34":0,"35":0,"36":0,"37":0,"38":0,"39":0,"40":0,"41":0,"42":0,"43":2,"44":2,"45":1,"46":1,"47":1,"48":1,"49":1,"50":0,"51":0,"52":0,"53":0,"54":0,"55":0,"56":0,"57":0,"58":1,"59":1,"60":1,"61":1,"62":1,"63":1,"64":1,"65":0,"66":0,"67":0,"68":0,"69":0,"70":0,"71":0,"72":0,"73":1,"74":1,"75":1,"76":1,"77":1,"78":1,"79":1,"80":0,"81":0,"82":0,"83":0,"84":0,"85":0,"86":0,"87":0,"88":1,"89":1,"90":1,"91":1,"92":1,"93":1,"94":1,"95":0,"96":0,"97":0,"98":0,"99":0,"100":0,"101":0,"102":0,"103":1,"104":1},"f":{"0":2,"1":2,"2":1,"3":1,"4":1,"5":1},"b":{"0":[0,0],"1":[0],"2":[0],"3":[0,0],"4":[0,0],"5":[0,0],"6":[0,0],"7":[0,0],"8":[0,0],"9":[0,0],"10":[0,0],"11":[0,0]},"_coverageSchema":"1a1c01bbd47fc00a2c39e90264f33305004495a9","hash":"c40895cf0b5d105204def32c2992efcef6f441fa"}
,"C:\\项目开发\\游戏商店平台项目开发\\backend\\microservices\\game-service\\models\\Developer.js": {"path":"C:\\项目开发\\游戏商店平台项目开发\\backend\\microservices\\game-service\\models\\Developer.js","statementMap":{"0":{"start":{"line":3,"column":29},"end":{"line":3,"column":56}},"1":{"start":{"line":9,"column":4},"end":{"line":13,"column":7}},"2":{"start":{"line":17,"column":0},"end":{"line":56,"column":3}}},"fnMap":{"0":{"name":"(anonymous_0)","decl":{"start":{"line":7,"column":2},"end":{"line":7,"column":3}},"loc":{"start":{"line":7,"column":27},"end":{"line":14,"column":3}},"line":7}},"branchMap":{},"s":{"0":0,"1":0,"2":0},"f":{"0":0},"b":{}}
,"C:\\项目开发\\游戏商店平台项目开发\\backend\\microservices\\game-service\\models\\Game.js": {"path":"C:\\项目开发\\游戏商店平台项目开发\\backend\\microservices\\game-service\\models\\Game.js","statementMap":{"0":{"start":{"line":3,"column":29},"end":{"line":3,"column":56}},"1":{"start":{"line":9,"column":4},"end":{"line":14,"column":7}},"2":{"start":{"line":17,"column":4},"end":{"line":22,"column":7}},"3":{"start":{"line":25,"column":4},"end":{"line":29,"column":7}},"4":{"start":{"line":32,"column":4},"end":{"line":36,"column":7}},"5":{"start":{"line":39,"column":4},"end":{"line":42,"column":7}},"6":{"start":{"line":46,"column":0},"end":{"line":134,"column":3}}},"fnMap":{"0":{"name":"(anonymous_0)","decl":{"start":{"line":7,"column":2},"end":{"line":7,"column":3}},"loc":{"start":{"line":7,"column":27},"end":{"line":43,"column":3}},"line":7}},"branchMap":{},"s":{"0":0,"1":0,"2":0,"3":0,"4":0,"5":0,"6":0},"f":{"0":0},"b":{}}
,"C:\\项目开发\\游戏商店平台项目开发\\backend\\microservices\\game-service\\models\\GameCategory.js": {"path":"C:\\项目开发\\游戏商店平台项目开发\\backend\\microservices\\game-service\\models\\GameCategory.js","statementMap":{"0":{"start":{"line":3,"column":29},"end":{"line":3,"column":56}},"1":{"start":{"line":9,"column":4},"end":{"line":14,"column":7}},"2":{"start":{"line":18,"column":0},"end":{"line":48,"column":3}}},"fnMap":{"0":{"name":"(anonymous_0)","decl":{"start":{"line":7,"column":2},"end":{"line":7,"column":3}},"loc":{"start":{"line":7,"column":27},"end":{"line":15,"column":3}},"line":7}},"branchMap":{},"s":{"0":0,"1":0,"2":0},"f":{"0":0},"b":{}}
,"C:\\项目开发\\游戏商店平台项目开发\\backend\\microservices\\game-service\\models\\GameSystemRequirement.js": {"path":"C:\\项目开发\\游戏商店平台项目开发\\backend\\microservices\\game-service\\models\\GameSystemRequirement.js","statementMap":{"0":{"start":{"line":3,"column":29},"end":{"line":3,"column":56}},"1":{"start":{"line":9,"column":4},"end":{"line":13,"column":7}},"2":{"start":{"line":17,"column":0},"end":{"line":71,"column":3}}},"fnMap":{"0":{"name":"(anonymous_0)","decl":{"start":{"line":7,"column":2},"end":{"line":7,"column":3}},"loc":{"start":{"line":7,"column":27},"end":{"line":14,"column":3}},"line":7}},"branchMap":{},"s":{"0":0,"1":0,"2":0},"f":{"0":0},"b":{}}
,"C:\\项目开发\\游戏商店平台项目开发\\backend\\microservices\\game-service\\models\\GameTag.js": {"path":"C:\\项目开发\\游戏商店平台项目开发\\backend\\microservices\\game-service\\models\\GameTag.js","statementMap":{"0":{"start":{"line":3,"column":29},"end":{"line":3,"column":56}},"1":{"start":{"line":9,"column":4},"end":{"line":14,"column":7}},"2":{"start":{"line":18,"column":0},"end":{"line":44,"column":3}}},"fnMap":{"0":{"name":"(anonymous_0)","decl":{"start":{"line":7,"column":2},"end":{"line":7,"column":3}},"loc":{"start":{"line":7,"column":27},"end":{"line":15,"column":3}},"line":7}},"branchMap":{},"s":{"0":0,"1":0,"2":0},"f":{"0":0},"b":{}}
,"C:\\项目开发\\游戏商店平台项目开发\\backend\\microservices\\game-service\\models\\GameVersion.js": {"path":"C:\\项目开发\\游戏商店平台项目开发\\backend\\microservices\\game-service\\models\\GameVersion.js","statementMap":{"0":{"start":{"line":3,"column":29},"end":{"line":3,"column":56}},"1":{"start":{"line":9,"column":4},"end":{"line":13,"column":7}},"2":{"start":{"line":17,"column":0},"end":{"line":73,"column":3}}},"fnMap":{"0":{"name":"(anonymous_0)","decl":{"start":{"line":7,"column":2},"end":{"line":7,"column":3}},"loc":{"start":{"line":7,"column":27},"end":{"line":14,"column":3}},"line":7}},"branchMap":{},"s":{"0":0,"1":0,"2":0},"f":{"0":0},"b":{}}
}
