TN:
SF:config\database.js
FN:17,(anonymous_0)
FN:23,(anonymous_1)
FN:47,(anonymous_2)
FN:59,(anonymous_3)
FN:75,(anonymous_4)
FN:78,(anonymous_5)
FNF:6
FNH:2
FNDA:1,(anonymous_0)
FNDA:0,(anonymous_1)
FNDA:0,(anonymous_2)
FNDA:0,(anonymous_3)
FNDA:2,(anonymous_4)
FNDA:0,(anonymous_5)
DA:6,1
DA:7,1
DA:8,1
DA:9,1
DA:10,1
DA:11,1
DA:17,1
DA:18,1
DA:19,1
DA:23,0
DA:39,1
DA:41,0
DA:42,0
DA:47,1
DA:48,0
DA:49,0
DA:50,0
DA:51,0
DA:53,0
DA:54,0
DA:59,1
DA:60,0
DA:62,0
DA:63,0
DA:65,0
DA:66,0
DA:71,1
DA:74,1
DA:76,2
DA:78,0
LF:30
LH:15
BRDA:6,0,0,1
BRDA:6,0,1,0
BRDA:7,1,0,1
BRDA:7,1,1,0
BRDA:8,2,0,1
BRDA:8,2,1,0
BRDA:9,3,0,1
BRDA:9,3,1,0
BRDA:10,4,0,1
BRDA:10,4,1,0
BRDA:11,5,0,1
BRDA:11,5,1,0
BRF:12
BRH:6
end_of_record
TN:
SF:config\logger.js
FN:62,(anonymous_0)
FNF:1
FNH:0
FNDA:0,(anonymous_0)
DA:7,0
DA:8,0
DA:11,0
DA:14,0
DA:49,0
DA:50,0
DA:61,0
DA:63,0
LF:8
LH:0
BRDA:15,0,0,0
BRDA:15,0,1,0
BRDA:49,1,0,0
BRDA:49,1,1,0
BRF:4
BRH:0
end_of_record
TN:
SF:config\redis.js
FN:13,(anonymous_0)
FN:28,(anonymous_1)
FN:33,(anonymous_2)
FN:39,(anonymous_3)
FN:45,(anonymous_4)
FN:50,(anonymous_5)
FN:65,(anonymous_6)
FN:79,(anonymous_7)
FN:98,(anonymous_8)
FN:126,(anonymous_9)
FN:141,(anonymous_10)
FN:156,(anonymous_11)
FN:178,(anonymous_12)
FN:184,(anonymous_13)
FN:189,(anonymous_14)
FNF:15
FNH:0
FNDA:0,(anonymous_0)
FNDA:0,(anonymous_1)
FNDA:0,(anonymous_2)
FNDA:0,(anonymous_3)
FNDA:0,(anonymous_4)
FNDA:0,(anonymous_5)
FNDA:0,(anonymous_6)
FNDA:0,(anonymous_7)
FNDA:0,(anonymous_8)
FNDA:0,(anonymous_9)
FNDA:0,(anonymous_10)
FNDA:0,(anonymous_11)
FNDA:0,(anonymous_12)
FNDA:0,(anonymous_13)
FNDA:0,(anonymous_14)
DA:6,0
DA:9,0
DA:14,0
DA:15,0
DA:16,0
DA:25,0
DA:28,0
DA:29,0
DA:30,0
DA:33,0
DA:34,0
DA:35,0
DA:39,0
DA:40,0
DA:41,0
DA:45,0
DA:46,0
DA:50,0
DA:51,0
DA:52,0
DA:56,0
DA:57,0
DA:59,0
DA:60,0
DA:65,0
DA:66,0
DA:67,0
DA:68,0
DA:69,0
DA:72,0
DA:77,0
DA:80,0
DA:81,0
DA:82,0
DA:83,0
DA:86,0
DA:90,0
DA:93,0
DA:99,0
DA:100,0
DA:101,0
DA:102,0
DA:103,0
DA:104,0
DA:108,0
DA:109,0
DA:110,0
DA:111,0
DA:112,0
DA:114,0
DA:115,0
DA:118,0
DA:120,0
DA:121,0
DA:127,0
DA:128,0
DA:129,0
DA:130,0
DA:133,0
DA:134,0
DA:136,0
DA:142,0
DA:143,0
DA:144,0
DA:145,0
DA:148,0
DA:149,0
DA:151,0
DA:157,0
DA:158,0
DA:159,0
DA:160,0
DA:163,0
DA:164,0
DA:165,0
DA:169,0
DA:173,0
DA:179,0
DA:184,0
DA:185,0
DA:186,0
DA:189,0
DA:190,0
DA:191,0
DA:192,0
DA:196,0
DA:197,0
DA:202,0
LF:88
LH:0
BRDA:10,0,0,0
BRDA:10,0,1,0
BRDA:19,1,0,0
BRDA:19,1,1,0
BRDA:20,2,0,0
BRDA:20,2,1,0
BRDA:67,3,0,0
BRDA:67,3,1,0
BRDA:79,4,0,0
BRDA:81,5,0,0
BRDA:81,5,1,0
BRDA:81,6,0,0
BRDA:81,6,1,0
BRDA:100,7,0,0
BRDA:100,7,1,0
BRDA:100,8,0,0
BRDA:100,8,1,0
BRDA:102,9,0,0
BRDA:102,9,1,0
BRDA:109,10,0,0
BRDA:109,10,1,0
BRDA:109,11,0,0
BRDA:109,11,1,0
BRDA:112,12,0,0
BRDA:112,12,1,0
BRDA:128,13,0,0
BRDA:128,13,1,0
BRDA:128,14,0,0
BRDA:128,14,1,0
BRDA:143,15,0,0
BRDA:143,15,1,0
BRDA:143,16,0,0
BRDA:143,16,1,0
BRDA:158,17,0,0
BRDA:158,17,1,0
BRDA:158,18,0,0
BRDA:158,18,1,0
BRDA:164,19,0,0
BRDA:164,19,1,0
BRDA:190,20,0,0
BRDA:190,20,1,0
BRDA:196,21,0,0
BRDA:196,21,1,0
BRF:43
BRH:0
end_of_record
TN:
SF:config\swagger.js
FN:274,(anonymous_0)
FN:288,(anonymous_1)
FNF:2
FNH:0
FNDA:0,(anonymous_0)
FNDA:0,(anonymous_1)
DA:6,0
DA:271,0
DA:274,0
DA:276,0
DA:288,0
DA:289,0
DA:290,0
DA:293,0
LF:8
LH:0
BRDA:24,0,0,0
BRDA:24,0,1,0
BRF:2
BRH:0
end_of_record
TN:
SF:controllers\gameListController.js
FN:12,(anonymous_0)
FN:117,(anonymous_1)
FN:182,(anonymous_2)
FN:230,(anonymous_3)
FN:278,(anonymous_4)
FN:333,(anonymous_5)
FNF:6
FNH:6
FNDA:2,(anonymous_0)
FNDA:2,(anonymous_1)
FNDA:1,(anonymous_2)
FNDA:1,(anonymous_3)
FNDA:1,(anonymous_4)
FNDA:1,(anonymous_5)
DA:9,1
DA:12,1
DA:13,2
DA:14,2
DA:17,2
DA:20,2
DA:21,2
DA:22,0
DA:23,0
DA:33,2
DA:34,2
DA:37,2
DA:52,2
DA:53,0
DA:62,2
DA:63,0
DA:72,2
DA:73,0
DA:80,2
DA:83,1
DA:94,1
DA:95,1
DA:97,1
DA:98,1
DA:104,1
DA:105,1
DA:117,1
DA:118,2
DA:119,2
DA:120,2
DA:123,2
DA:126,2
DA:127,2
DA:128,0
DA:129,0
DA:137,2
DA:147,2
DA:148,1
DA:149,1
DA:159,1
DA:160,1
DA:162,1
DA:163,1
DA:169,0
DA:170,0
DA:182,1
DA:183,1
DA:184,1
DA:187,1
DA:190,1
DA:191,1
DA:192,0
DA:193,0
DA:201,1
DA:207,1
DA:208,1
DA:210,1
DA:211,1
DA:217,0
DA:218,0
DA:230,1
DA:231,1
DA:232,1
DA:235,1
DA:238,1
DA:239,1
DA:240,0
DA:241,0
DA:249,1
DA:255,1
DA:256,1
DA:258,1
DA:259,1
DA:265,0
DA:266,0
DA:278,1
DA:279,1
DA:280,1
DA:283,1
DA:286,1
DA:287,1
DA:288,0
DA:289,0
DA:297,1
DA:310,1
DA:311,1
DA:313,1
DA:314,1
DA:320,0
DA:321,0
DA:333,1
DA:334,1
DA:335,1
DA:338,1
DA:341,1
DA:342,1
DA:343,0
DA:344,0
DA:352,1
DA:362,1
DA:363,1
DA:365,1
DA:366,1
DA:372,0
DA:373,0
LF:105
LH:80
BRDA:21,0,0,0
BRDA:21,0,1,2
BRDA:32,1,0,0
BRDA:32,2,0,0
BRDA:52,3,0,0
BRDA:52,3,1,2
BRDA:62,4,0,0
BRDA:62,4,1,2
BRDA:72,5,0,0
BRDA:72,5,1,2
BRDA:127,6,0,0
BRDA:127,6,1,2
BRDA:147,7,0,1
BRDA:147,7,1,1
BRDA:191,8,0,0
BRDA:191,8,1,1
BRDA:239,9,0,0
BRDA:239,9,1,1
BRDA:287,10,0,0
BRDA:287,10,1,1
BRDA:342,11,0,0
BRDA:342,11,1,1
BRF:22
BRH:11
end_of_record
TN:
SF:controllers\gameManagementController.js
FN:13,(anonymous_0)
FN:61,(anonymous_1)
FN:106,(anonymous_2)
FN:149,(anonymous_3)
FN:171,(anonymous_4)
FN:195,(anonymous_5)
FN:252,(anonymous_6)
FNF:7
FNH:7
FNDA:2,(anonymous_0)
FNDA:2,(anonymous_1)
FNDA:2,(anonymous_2)
FNDA:2,(anonymous_3)
FNDA:3,(anonymous_4)
FNDA:1,(anonymous_5)
FNDA:1,(anonymous_6)
DA:10,1
DA:13,1
DA:14,2
DA:15,2
DA:16,2
DA:19,2
DA:20,2
DA:21,0
DA:31,2
DA:37,1
DA:38,1
DA:39,1
DA:41,1
DA:42,1
DA:48,1
DA:49,1
DA:61,1
DA:62,2
DA:63,2
DA:64,2
DA:65,2
DA:68,2
DA:69,2
DA:70,1
DA:80,1
DA:83,1
DA:84,1
DA:86,1
DA:87,1
DA:93,0
DA:94,0
DA:106,1
DA:107,2
DA:108,2
DA:109,2
DA:112,2
DA:113,2
DA:114,1
DA:124,1
DA:127,1
DA:128,1
DA:130,1
DA:131,1
DA:136,0
DA:137,0
DA:149,1
DA:150,2
DA:151,2
DA:152,2
DA:154,2
DA:155,0
DA:165,2
DA:170,1
DA:171,1
DA:172,3
DA:175,1
DA:176,1
DA:182,1
DA:183,1
DA:195,1
DA:196,1
DA:197,1
DA:198,1
DA:199,1
DA:202,1
DA:203,1
DA:204,0
DA:214,1
DA:215,1
DA:216,0
DA:226,1
DA:229,1
DA:230,1
DA:232,1
DA:233,1
DA:239,0
DA:240,0
DA:252,1
DA:253,1
DA:254,1
DA:255,1
DA:256,1
DA:259,1
DA:271,1
DA:272,0
DA:276,1
DA:279,1
DA:289,1
DA:290,1
DA:296,0
DA:297,0
LF:91
LH:78
BRDA:20,0,0,0
BRDA:20,0,1,2
BRDA:69,1,0,1
BRDA:69,1,1,1
BRDA:113,2,0,1
BRDA:113,2,1,1
BRDA:154,3,0,0
BRDA:154,3,1,2
BRDA:154,4,0,2
BRDA:154,4,1,2
BRDA:203,5,0,0
BRDA:203,5,1,1
BRDA:215,6,0,0
BRDA:215,6,1,1
BRDA:255,7,0,0
BRDA:255,8,0,0
BRDA:271,9,0,0
BRDA:271,9,1,1
BRF:18
BRH:11
end_of_record
TN:
SF:middleware\auth.js
FN:19,(anonymous_0)
FN:19,(anonymous_1)
FN:102,(anonymous_2)
FN:129,(anonymous_3)
FNF:4
FNH:0
FNDA:0,(anonymous_0)
FNDA:0,(anonymous_1)
FNDA:0,(anonymous_2)
FNDA:0,(anonymous_3)
DA:6,0
DA:9,0
DA:19,0
DA:20,0
DA:22,0
DA:24,0
DA:25,0
DA:26,0
DA:36,0
DA:37,0
DA:38,0
DA:39,0
DA:50,0
DA:51,0
DA:53,0
DA:54,0
DA:64,0
DA:65,0
DA:66,0
DA:76,0
DA:83,0
DA:84,0
DA:86,0
DA:87,0
DA:102,0
DA:103,0
DA:104,0
DA:112,0
DA:116,0
DA:117,0
DA:119,0
DA:120,0
DA:129,0
DA:130,0
DA:131,0
DA:132,0
DA:134,0
DA:135,0
LF:38
LH:0
BRDA:6,0,0,0
BRDA:6,0,1,0
BRDA:19,1,0,0
BRDA:24,2,0,0
BRDA:24,2,1,0
BRDA:37,3,0,0
BRDA:37,3,1,0
BRDA:64,4,0,0
BRDA:64,4,1,0
BRDA:64,5,0,0
BRDA:64,5,1,0
BRDA:113,6,0,0
BRDA:113,6,1,0
BRF:13
BRH:0
end_of_record
TN:
SF:middleware\errorHandler.js
FN:6,(anonymous_0)
FN:18,(anonymous_1)
FN:37,(anonymous_2)
FN:97,(anonymous_3)
FNF:4
FNH:0
FNDA:0,(anonymous_0)
FNDA:0,(anonymous_1)
FNDA:0,(anonymous_2)
FNDA:0,(anonymous_3)
DA:7,0
DA:8,0
DA:9,0
DA:10,0
DA:11,0
DA:13,0
DA:18,0
DA:19,0
DA:20,0
DA:23,0
DA:34,0
DA:36,0
DA:37,0
DA:41,0
DA:44,0
DA:46,0
DA:47,0
DA:50,0
DA:52,0
DA:53,0
DA:56,0
DA:58,0
DA:59,0
DA:62,0
DA:64,0
DA:65,0
DA:68,0
DA:70,0
DA:71,0
DA:75,0
DA:76,0
DA:79,0
DA:88,0
DA:89,0
DA:93,0
DA:97,0
DA:98,0
DA:100,0
DA:108,0
LF:39
LH:0
BRDA:6,0,0,0
BRDA:30,1,0,0
BRDA:30,1,1,0
BRDA:34,2,0,0
BRDA:34,2,1,0
BRDA:44,3,0,0
BRDA:44,3,1,0
BRDA:47,4,0,0
BRDA:47,4,1,0
BRDA:50,5,0,0
BRDA:50,5,1,0
BRDA:53,6,0,0
BRDA:53,6,1,0
BRDA:56,7,0,0
BRDA:56,7,1,0
BRDA:59,8,0,0
BRDA:59,8,1,0
BRDA:62,9,0,0
BRDA:62,9,1,0
BRDA:68,10,0,0
BRDA:68,10,1,0
BRDA:71,11,0,0
BRDA:71,11,1,0
BRDA:75,12,0,0
BRDA:75,12,1,0
BRDA:76,13,0,0
BRDA:76,13,1,0
BRDA:83,14,0,0
BRDA:83,14,1,0
BRDA:88,15,0,0
BRDA:88,15,1,0
BRDA:88,16,0,0
BRDA:88,16,1,0
BRF:33
BRH:0
end_of_record
TN:
SF:middleware\rateLimit.js
FN:9,(anonymous_0)
FN:22,(anonymous_1)
FN:33,(anonymous_2)
FN:48,(anonymous_3)
FN:49,(anonymous_4)
FN:50,(anonymous_5)
FN:58,(anonymous_6)
FN:72,(anonymous_7)
FN:78,(anonymous_8)
FN:82,(anonymous_9)
FN:143,(anonymous_10)
FN:143,(anonymous_11)
FN:149,(anonymous_12)
FN:177,(anonymous_13)
FN:177,(anonymous_14)
FNF:15
FNH:0
FNDA:0,(anonymous_0)
FNDA:0,(anonymous_1)
FNDA:0,(anonymous_2)
FNDA:0,(anonymous_3)
FNDA:0,(anonymous_4)
FNDA:0,(anonymous_5)
FNDA:0,(anonymous_6)
FNDA:0,(anonymous_7)
FNDA:0,(anonymous_8)
FNDA:0,(anonymous_9)
FNDA:0,(anonymous_10)
FNDA:0,(anonymous_11)
FNDA:0,(anonymous_12)
FNDA:0,(anonymous_13)
FNDA:0,(anonymous_14)
DA:6,0
DA:10,0
DA:11,0
DA:14,0
DA:15,0
DA:16,0
DA:19,0
DA:23,0
DA:24,0
DA:25,0
DA:33,0
DA:34,0
DA:35,0
DA:36,0
DA:42,0
DA:43,0
DA:45,0
DA:47,0
DA:48,0
DA:49,0
DA:52,0
DA:58,0
DA:59,0
DA:72,0
DA:78,0
DA:80,0
DA:82,0
DA:83,0
DA:85,0
DA:86,0
DA:89,0
DA:90,0
DA:92,0
DA:94,0
DA:96,0
DA:97,0
DA:100,0
DA:111,0
DA:113,0
DA:116,0
DA:120,0
DA:121,0
DA:122,0
DA:124,0
DA:125,0
DA:127,0
DA:129,0
DA:143,0
DA:145,0
DA:148,0
DA:149,0
DA:150,0
DA:151,0
DA:152,0
DA:154,0
DA:157,0
DA:159,0
DA:160,0
DA:164,0
DA:177,0
DA:179,0
DA:181,0
DA:185,0
DA:186,0
LF:64
LH:0
BRDA:11,0,0,0
BRDA:11,0,1,0
BRDA:14,1,0,0
BRDA:14,1,1,0
BRDA:34,2,0,0
BRDA:34,2,1,0
BRDA:39,3,0,0
BRDA:39,3,1,0
BRDA:72,4,0,0
BRDA:74,5,0,0
BRDA:75,6,0,0
BRDA:76,7,0,0
BRDA:77,8,0,0
BRDA:78,9,0,0
BRDA:79,10,0,0
BRDA:90,11,0,0
BRDA:90,11,1,0
BRDA:92,12,0,0
BRDA:92,12,1,0
BRDA:96,13,0,0
BRDA:96,13,1,0
BRDA:111,14,0,0
BRDA:111,14,1,0
BRDA:143,15,0,0
BRDA:150,16,0,0
BRDA:150,16,1,0
BRDA:157,17,0,0
BRDA:157,17,1,0
BRDA:177,18,0,0
BRDA:179,19,0,0
BRDA:179,19,1,0
BRDA:179,20,0,0
BRDA:179,20,1,0
BRDA:181,21,0,0
BRDA:181,21,1,0
BRDA:185,22,0,0
BRDA:185,22,1,0
BRDA:185,22,2,0
BRF:38
BRH:0
end_of_record
TN:
SF:models\Developer.js
FN:9,(anonymous_0)
FNF:1
FNH:0
FNDA:0,(anonymous_0)
DA:5,0
DA:11,0
DA:19,0
LF:3
LH:0
BRF:0
BRH:0
end_of_record
TN:
SF:models\Game.js
FN:9,(anonymous_0)
FNF:1
FNH:0
FNDA:0,(anonymous_0)
DA:5,0
DA:11,0
DA:19,0
DA:27,0
DA:34,0
DA:41,0
DA:48,0
LF:7
LH:0
BRF:0
BRH:0
end_of_record
TN:
SF:models\GameCategory.js
FN:9,(anonymous_0)
FNF:1
FNH:0
FNDA:0,(anonymous_0)
DA:5,1
DA:11,0
DA:20,1
LF:3
LH:2
BRF:0
BRH:0
end_of_record
TN:
SF:models\GameSystemRequirement.js
FN:9,(anonymous_0)
FNF:1
FNH:0
FNDA:0,(anonymous_0)
DA:5,0
DA:11,0
DA:19,0
LF:3
LH:0
BRF:0
BRH:0
end_of_record
TN:
SF:models\GameTag.js
FN:9,(anonymous_0)
FNF:1
FNH:0
FNDA:0,(anonymous_0)
DA:5,1
DA:11,0
DA:20,1
LF:3
LH:2
BRF:0
BRH:0
end_of_record
TN:
SF:models\GameVersion.js
FN:9,(anonymous_0)
FNF:1
FNH:0
FNDA:0,(anonymous_0)
DA:5,0
DA:11,0
DA:19,0
LF:3
LH:0
BRF:0
BRH:0
end_of_record
