TN:
SF:config\database.js
FN:17,(anonymous_0)
FN:23,(anonymous_1)
FN:47,(anonymous_2)
FN:59,(anonymous_3)
FN:75,(anonymous_4)
FN:78,(anonymous_5)
FNF:6
FNH:0
FNDA:0,(anonymous_0)
FNDA:0,(anonymous_1)
FNDA:0,(anonymous_2)
FNDA:0,(anonymous_3)
FNDA:0,(anonymous_4)
FNDA:0,(anonymous_5)
DA:6,0
DA:7,0
DA:8,0
DA:9,0
DA:10,0
DA:11,0
DA:17,0
DA:18,0
DA:19,0
DA:23,0
DA:39,0
DA:41,0
DA:42,0
DA:47,0
DA:48,0
DA:49,0
DA:50,0
DA:51,0
DA:53,0
DA:54,0
DA:59,0
DA:60,0
DA:62,0
DA:63,0
DA:65,0
DA:66,0
DA:71,0
DA:74,0
DA:76,0
DA:78,0
LF:30
LH:0
BRDA:6,0,0,0
BRDA:6,0,1,0
BRDA:7,1,0,0
BRDA:7,1,1,0
BRDA:8,2,0,0
BRDA:8,2,1,0
BRDA:9,3,0,0
BRDA:9,3,1,0
BRDA:10,4,0,0
BRDA:10,4,1,0
BRDA:11,5,0,0
BRDA:11,5,1,0
BRF:12
BRH:0
end_of_record
TN:
SF:config\logger.js
FN:62,(anonymous_0)
FNF:1
FNH:0
FNDA:0,(anonymous_0)
DA:7,0
DA:8,0
DA:11,0
DA:14,0
DA:49,0
DA:50,0
DA:61,0
DA:63,0
LF:8
LH:0
BRDA:15,0,0,0
BRDA:15,0,1,0
BRDA:49,1,0,0
BRDA:49,1,1,0
BRF:4
BRH:0
end_of_record
TN:
SF:config\redis.js
FN:13,(anonymous_0)
FN:28,(anonymous_1)
FN:33,(anonymous_2)
FN:39,(anonymous_3)
FN:45,(anonymous_4)
FN:50,(anonymous_5)
FN:65,(anonymous_6)
FN:79,(anonymous_7)
FN:98,(anonymous_8)
FN:126,(anonymous_9)
FN:141,(anonymous_10)
FN:156,(anonymous_11)
FN:178,(anonymous_12)
FN:184,(anonymous_13)
FNF:14
FNH:0
FNDA:0,(anonymous_0)
FNDA:0,(anonymous_1)
FNDA:0,(anonymous_2)
FNDA:0,(anonymous_3)
FNDA:0,(anonymous_4)
FNDA:0,(anonymous_5)
FNDA:0,(anonymous_6)
FNDA:0,(anonymous_7)
FNDA:0,(anonymous_8)
FNDA:0,(anonymous_9)
FNDA:0,(anonymous_10)
FNDA:0,(anonymous_11)
FNDA:0,(anonymous_12)
FNDA:0,(anonymous_13)
DA:6,0
DA:9,0
DA:14,0
DA:15,0
DA:16,0
DA:25,0
DA:28,0
DA:29,0
DA:30,0
DA:33,0
DA:34,0
DA:35,0
DA:39,0
DA:40,0
DA:41,0
DA:45,0
DA:46,0
DA:50,0
DA:51,0
DA:52,0
DA:56,0
DA:57,0
DA:59,0
DA:60,0
DA:65,0
DA:66,0
DA:67,0
DA:68,0
DA:69,0
DA:72,0
DA:77,0
DA:80,0
DA:81,0
DA:82,0
DA:83,0
DA:86,0
DA:90,0
DA:93,0
DA:99,0
DA:100,0
DA:101,0
DA:102,0
DA:103,0
DA:104,0
DA:108,0
DA:109,0
DA:110,0
DA:111,0
DA:112,0
DA:114,0
DA:115,0
DA:118,0
DA:120,0
DA:121,0
DA:127,0
DA:128,0
DA:129,0
DA:130,0
DA:133,0
DA:134,0
DA:136,0
DA:142,0
DA:143,0
DA:144,0
DA:145,0
DA:148,0
DA:149,0
DA:151,0
DA:157,0
DA:158,0
DA:159,0
DA:160,0
DA:163,0
DA:164,0
DA:165,0
DA:169,0
DA:173,0
DA:179,0
DA:184,0
DA:185,0
DA:186,0
DA:188,0
DA:189,0
DA:190,0
DA:191,0
DA:195,0
DA:196,0
DA:201,0
LF:88
LH:0
BRDA:10,0,0,0
BRDA:10,0,1,0
BRDA:19,1,0,0
BRDA:19,1,1,0
BRDA:20,2,0,0
BRDA:20,2,1,0
BRDA:67,3,0,0
BRDA:67,3,1,0
BRDA:79,4,0,0
BRDA:81,5,0,0
BRDA:81,5,1,0
BRDA:81,6,0,0
BRDA:81,6,1,0
BRDA:100,7,0,0
BRDA:100,7,1,0
BRDA:100,8,0,0
BRDA:100,8,1,0
BRDA:102,9,0,0
BRDA:102,9,1,0
BRDA:109,10,0,0
BRDA:109,10,1,0
BRDA:109,11,0,0
BRDA:109,11,1,0
BRDA:112,12,0,0
BRDA:112,12,1,0
BRDA:128,13,0,0
BRDA:128,13,1,0
BRDA:128,14,0,0
BRDA:128,14,1,0
BRDA:143,15,0,0
BRDA:143,15,1,0
BRDA:143,16,0,0
BRDA:143,16,1,0
BRDA:158,17,0,0
BRDA:158,17,1,0
BRDA:158,18,0,0
BRDA:158,18,1,0
BRDA:164,19,0,0
BRDA:164,19,1,0
BRDA:189,20,0,0
BRDA:189,20,1,0
BRDA:195,21,0,0
BRDA:195,21,1,0
BRF:43
BRH:0
end_of_record
TN:
SF:controllers\gameListController.js
FN:12,(anonymous_0)
FN:115,(anonymous_1)
FN:180,(anonymous_2)
FN:228,(anonymous_3)
FN:276,(anonymous_4)
FN:331,(anonymous_5)
FNF:6
FNH:6
FNDA:2,(anonymous_0)
FNDA:2,(anonymous_1)
FNDA:1,(anonymous_2)
FNDA:1,(anonymous_3)
FNDA:1,(anonymous_4)
FNDA:1,(anonymous_5)
DA:9,1
DA:12,1
DA:13,2
DA:14,2
DA:17,2
DA:20,2
DA:21,0
DA:22,0
DA:23,0
DA:31,0
DA:32,0
DA:35,0
DA:50,0
DA:51,0
DA:60,0
DA:61,0
DA:70,0
DA:71,0
DA:78,0
DA:81,0
DA:92,0
DA:93,0
DA:95,0
DA:96,0
DA:102,2
DA:103,2
DA:115,1
DA:116,2
DA:117,2
DA:118,2
DA:121,2
DA:124,2
DA:125,0
DA:126,0
DA:127,0
DA:135,0
DA:145,0
DA:146,0
DA:147,0
DA:157,0
DA:158,0
DA:160,0
DA:161,0
DA:167,2
DA:168,2
DA:180,1
DA:181,1
DA:182,1
DA:185,1
DA:188,1
DA:189,0
DA:190,0
DA:191,0
DA:199,0
DA:205,0
DA:206,0
DA:208,0
DA:209,0
DA:215,1
DA:216,1
DA:228,1
DA:229,1
DA:230,1
DA:233,1
DA:236,1
DA:237,0
DA:238,0
DA:239,0
DA:247,0
DA:253,0
DA:254,0
DA:256,0
DA:257,0
DA:263,1
DA:264,1
DA:276,1
DA:277,1
DA:278,1
DA:281,1
DA:284,1
DA:285,0
DA:286,0
DA:287,0
DA:295,0
DA:308,0
DA:309,0
DA:311,0
DA:312,0
DA:318,1
DA:319,1
DA:331,1
DA:332,1
DA:333,1
DA:336,1
DA:339,1
DA:340,0
DA:341,0
DA:342,0
DA:350,0
DA:360,0
DA:361,0
DA:363,0
DA:364,0
DA:370,1
DA:371,1
LF:105
LH:44
BRDA:21,0,0,0
BRDA:21,0,1,0
BRDA:31,1,0,0
BRDA:31,2,0,0
BRDA:50,3,0,0
BRDA:50,3,1,0
BRDA:60,4,0,0
BRDA:60,4,1,0
BRDA:70,5,0,0
BRDA:70,5,1,0
BRDA:125,6,0,0
BRDA:125,6,1,0
BRDA:145,7,0,0
BRDA:145,7,1,0
BRDA:189,8,0,0
BRDA:189,8,1,0
BRDA:237,9,0,0
BRDA:237,9,1,0
BRDA:285,10,0,0
BRDA:285,10,1,0
BRDA:340,11,0,0
BRDA:340,11,1,0
BRF:22
BRH:0
end_of_record
TN:
SF:models\Developer.js
FN:7,(anonymous_0)
FNF:1
FNH:0
FNDA:0,(anonymous_0)
DA:3,0
DA:9,0
DA:17,0
LF:3
LH:0
BRF:0
BRH:0
end_of_record
TN:
SF:models\Game.js
FN:7,(anonymous_0)
FNF:1
FNH:0
FNDA:0,(anonymous_0)
DA:3,0
DA:9,0
DA:17,0
DA:25,0
DA:32,0
DA:39,0
DA:46,0
LF:7
LH:0
BRF:0
BRH:0
end_of_record
TN:
SF:models\GameCategory.js
FN:7,(anonymous_0)
FNF:1
FNH:0
FNDA:0,(anonymous_0)
DA:3,0
DA:9,0
DA:18,0
LF:3
LH:0
BRF:0
BRH:0
end_of_record
TN:
SF:models\GameSystemRequirement.js
FN:7,(anonymous_0)
FNF:1
FNH:0
FNDA:0,(anonymous_0)
DA:3,0
DA:9,0
DA:17,0
LF:3
LH:0
BRF:0
BRH:0
end_of_record
TN:
SF:models\GameTag.js
FN:7,(anonymous_0)
FNF:1
FNH:0
FNDA:0,(anonymous_0)
DA:3,0
DA:9,0
DA:18,0
LF:3
LH:0
BRF:0
BRH:0
end_of_record
TN:
SF:models\GameVersion.js
FN:7,(anonymous_0)
FNF:1
FNH:0
FNDA:0,(anonymous_0)
DA:3,0
DA:9,0
DA:17,0
LF:3
LH:0
BRF:0
BRH:0
end_of_record
